{"/Users/David/Projects/math-calc/src/app/layout.tsx": {"path":"/Users/David/Projects/math-calc/src/app/layout.tsx","statementMap":{"0":{"start":{"line":12,"column":24},"end":{"line":12,"column":35}},"1":{"start":{"line":3,"column":7},"end":{"line":3,"column":null}},"2":{"start":{"line":4,"column":19},"end":{"line":4,"column":null}},"3":{"start":{"line":5,"column":25},"end":{"line":5,"column":null}},"4":{"start":{"line":6,"column":26},"end":{"line":6,"column":null}},"5":{"start":{"line":8,"column":23},"end":{"line":8,"column":46}},"6":{"start":{"line":9,"column":22},"end":{"line":9,"column":51}},"7":{"start":{"line":10,"column":27},"end":{"line":10,"column":null}},"8":{"start":{"line":13,"column":2},"end":{"line":81,"column":null}},"9":{"start":{"line":14,"column":33},"end":{"line":34,"column":null}},"10":{"start":{"line":15,"column":6},"end":{"line":15,"column":null}},"11":{"start":{"line":18,"column":6},"end":{"line":27,"column":null}},"12":{"start":{"line":19,"column":8},"end":{"line":21,"column":null}},"13":{"start":{"line":23,"column":8},"end":{"line":26,"column":null}},"14":{"start":{"line":30,"column":6},"end":{"line":33,"column":null}},"15":{"start":{"line":31,"column":8},"end":{"line":31,"column":null}},"16":{"start":{"line":32,"column":8},"end":{"line":32,"column":null}},"17":{"start":{"line":36,"column":32},"end":{"line":62,"column":null}},"18":{"start":{"line":37,"column":8},"end":{"line":37,"column":null}},"19":{"start":{"line":40,"column":8},"end":{"line":45,"column":null}},"20":{"start":{"line":41,"column":13},"end":{"line":44,"column":null}},"21":{"start":{"line":53,"column":9},"end":{"line":60,"column":null}},"22":{"start":{"line":56,"column":13},"end":{"line":58,"column":null}},"23":{"start":{"line":59,"column":13},"end":{"line":59,"column":null}},"24":{"start":{"line":65,"column":4},"end":{"line":65,"column":null}},"25":{"start":{"line":66,"column":4},"end":{"line":66,"column":null}},"26":{"start":{"line":69,"column":27},"end":{"line":69,"column":null}},"27":{"start":{"line":70,"column":4},"end":{"line":74,"column":null}},"28":{"start":{"line":71,"column":8},"end":{"line":71,"column":null}},"29":{"start":{"line":72,"column":11},"end":{"line":74,"column":null}},"30":{"start":{"line":73,"column":8},"end":{"line":73,"column":null}},"31":{"start":{"line":77,"column":4},"end":{"line":80,"column":null}},"32":{"start":{"line":78,"column":6},"end":{"line":78,"column":null}},"33":{"start":{"line":79,"column":6},"end":{"line":79,"column":null}}},"fnMap":{"0":{"name":"RootLayout","decl":{"start":{"line":12,"column":24},"end":{"line":12,"column":35}},"loc":{"start":{"line":12,"column":78},"end":{"line":124,"column":null}}},"1":{"name":"(anonymous_3)","decl":{"start":{"line":13,"column":12},"end":{"line":13,"column":null}},"loc":{"start":{"line":13,"column":12},"end":{"line":81,"column":5}}},"2":{"name":"(anonymous_4)","decl":{"start":{"line":14,"column":33},"end":{"line":14,"column":null}},"loc":{"start":{"line":14,"column":33},"end":{"line":34,"column":null}}},"3":{"name":"(anonymous_5)","decl":{"start":{"line":36,"column":32},"end":{"line":36,"column":null}},"loc":{"start":{"line":36,"column":32},"end":{"line":62,"column":null}}},"4":{"name":"(anonymous_6)","decl":{"start":{"line":77,"column":11},"end":{"line":77,"column":null}},"loc":{"start":{"line":77,"column":11},"end":{"line":80,"column":null}}}},"branchMap":{"0":{"loc":{"start":{"line":18,"column":6},"end":{"line":27,"column":null}},"type":"if","locations":[{"start":{"line":18,"column":6},"end":{"line":27,"column":null}},{"start":{},"end":{}}]},"1":{"loc":{"start":{"line":30,"column":6},"end":{"line":33,"column":null}},"type":"if","locations":[{"start":{"line":30,"column":6},"end":{"line":33,"column":null}},{"start":{},"end":{}}]},"2":{"loc":{"start":{"line":40,"column":8},"end":{"line":45,"column":null}},"type":"if","locations":[{"start":{"line":40,"column":8},"end":{"line":45,"column":null}},{"start":{},"end":{}}]},"3":{"loc":{"start":{"line":53,"column":9},"end":{"line":60,"column":null}},"type":"if","locations":[{"start":{"line":53,"column":9},"end":{"line":60,"column":null}},{"start":{},"end":{}}]},"4":{"loc":{"start":{"line":70,"column":4},"end":{"line":74,"column":null}},"type":"if","locations":[{"start":{"line":70,"column":4},"end":{"line":74,"column":null}},{"start":{"line":72,"column":11},"end":{"line":74,"column":null}}]},"5":{"loc":{"start":{"line":72,"column":11},"end":{"line":74,"column":null}},"type":"if","locations":[{"start":{"line":72,"column":11},"end":{"line":74,"column":null}},{"start":{},"end":{}}]}},"s":{"0":0,"1":0,"2":0,"3":0,"4":0,"5":0,"6":0,"7":0,"8":0,"9":0,"10":0,"11":0,"12":0,"13":0,"14":0,"15":0,"16":0,"17":0,"18":0,"19":0,"20":0,"21":0,"22":0,"23":0,"24":0,"25":0,"26":0,"27":0,"28":0,"29":0,"30":0,"31":0,"32":0,"33":0},"f":{"0":0,"1":0,"2":0,"3":0,"4":0},"b":{"0":[0,0],"1":[0,0],"2":[0,0],"3":[0,0],"4":[0,0],"5":[0,0]}}
,"/Users/David/Projects/math-calc/src/app/page.tsx": {"path":"/Users/David/Projects/math-calc/src/app/page.tsx","statementMap":{"0":{"start":{"line":7,"column":30},"end":{"line":7,"column":null}},"1":{"start":{"line":1,"column":25},"end":{"line":1,"column":null}},"2":{"start":{"line":2,"column":24},"end":{"line":2,"column":null}},"3":{"start":{"line":4,"column":26},"end":{"line":4,"column":null}},"4":{"start":{"line":5,"column":23},"end":{"line":5,"column":null}},"5":{"start":{"line":8,"column":22},"end":{"line":8,"column":null}},"6":{"start":{"line":9,"column":25},"end":{"line":9,"column":null}},"7":{"start":{"line":11,"column":15},"end":{"line":11,"column":null}},"8":{"start":{"line":12,"column":2},"end":{"line":20,"column":null}},"9":{"start":{"line":13,"column":22},"end":{"line":13,"column":null}},"10":{"start":{"line":13,"column":60},"end":{"line":13,"column":78}},"11":{"start":{"line":14,"column":4},"end":{"line":19,"column":null}},"12":{"start":{"line":15,"column":6},"end":{"line":18,"column":null}},"13":{"start":{"line":16,"column":8},"end":{"line":16,"column":null}},"14":{"start":{"line":17,"column":8},"end":{"line":17,"column":null}},"15":{"start":{"line":22,"column":2},"end":{"line":22,"column":null}}},"fnMap":{"0":{"name":"Page","decl":{"start":{"line":7,"column":30},"end":{"line":7,"column":null}},"loc":{"start":{"line":7,"column":30},"end":{"line":23,"column":null}}},"1":{"name":"(anonymous_2)","decl":{"start":{"line":13,"column":52},"end":{"line":13,"column":60}},"loc":{"start":{"line":13,"column":60},"end":{"line":13,"column":78}}}},"branchMap":{"0":{"loc":{"start":{"line":12,"column":2},"end":{"line":20,"column":null}},"type":"if","locations":[{"start":{"line":12,"column":2},"end":{"line":20,"column":null}},{"start":{},"end":{}}]},"1":{"loc":{"start":{"line":15,"column":6},"end":{"line":18,"column":null}},"type":"if","locations":[{"start":{"line":15,"column":6},"end":{"line":18,"column":null}},{"start":{},"end":{}}]}},"s":{"0":0,"1":0,"2":0,"3":0,"4":0,"5":0,"6":0,"7":0,"8":0,"9":0,"10":0,"11":0,"12":0,"13":0,"14":0,"15":0},"f":{"0":0,"1":0},"b":{"0":[0,0],"1":[0,0]}}
,"/Users/David/Projects/math-calc/src/app/[locale]/layout.tsx": {"path":"/Users/David/Projects/math-calc/src/app/[locale]/layout.tsx","statementMap":{"0":{"start":{"line":3,"column":24},"end":{"line":3,"column":35}},"1":{"start":{"line":1,"column":7},"end":{"line":1,"column":null}}},"fnMap":{"0":{"name":"RootLayout","decl":{"start":{"line":3,"column":24},"end":{"line":3,"column":35}},"loc":{"start":{"line":7,"column":1},"end":{"line":13,"column":null}}}},"branchMap":{},"s":{"0":0,"1":0},"f":{"0":0},"b":{}}
,"/Users/David/Projects/math-calc/src/app/[locale]/page.tsx": {"path":"/Users/David/Projects/math-calc/src/app/[locale]/page.tsx","statementMap":{"0":{"start":{"line":91,"column":0},"end":{"line":91,"column":15}},"1":{"start":{"line":2,"column":18},"end":{"line":2,"column":null}},"2":{"start":{"line":3,"column":31},"end":{"line":3,"column":null}},"3":{"start":{"line":4,"column":21},"end":{"line":4,"column":null}},"4":{"start":{"line":10,"column":42},"end":{"line":89,"column":null}},"5":{"start":{"line":12,"column":16},"end":{"line":12,"column":64}},"6":{"start":{"line":91,"column":15},"end":{"line":91,"column":null}}},"fnMap":{"0":{"name":"(anonymous_2)","decl":{"start":{"line":10,"column":42},"end":{"line":10,"column":43}},"loc":{"start":{"line":10,"column":53},"end":{"line":89,"column":null}}}},"branchMap":{},"s":{"0":0,"1":0,"2":0,"3":0,"4":0,"5":0,"6":0},"f":{"0":0},"b":{}}
,"/Users/David/Projects/math-calc/src/app/[locale]/calculator/layout.tsx": {"path":"/Users/David/Projects/math-calc/src/app/[locale]/calculator/layout.tsx","statementMap":{"0":{"start":{"line":17,"column":0},"end":{"line":17,"column":15}},"1":{"start":{"line":2,"column":18},"end":{"line":2,"column":null}},"2":{"start":{"line":8,"column":58},"end":{"line":15,"column":null}},"3":{"start":{"line":17,"column":15},"end":{"line":17,"column":null}}},"fnMap":{"0":{"name":"(anonymous_2)","decl":{"start":{"line":8,"column":58},"end":{"line":8,"column":59}},"loc":{"start":{"line":8,"column":71},"end":{"line":15,"column":null}}}},"branchMap":{},"s":{"0":0,"1":0,"2":0,"3":0},"f":{"0":0},"b":{}}
,"/Users/David/Projects/math-calc/src/app/[locale]/calculator/[category]/[name]/page.tsx": {"path":"/Users/David/Projects/math-calc/src/app/[locale]/calculator/[category]/[name]/page.tsx","statementMap":{"0":{"start":{"line":82,"column":0},"end":{"line":82,"column":15}},"1":{"start":{"line":1,"column":18},"end":{"line":1,"column":null}},"2":{"start":{"line":2,"column":25},"end":{"line":2,"column":null}},"3":{"start":{"line":3,"column":29},"end":{"line":3,"column":null}},"4":{"start":{"line":4,"column":34},"end":{"line":4,"column":null}},"5":{"start":{"line":5,"column":20},"end":{"line":5,"column":null}},"6":{"start":{"line":13,"column":55},"end":{"line":27,"column":null}},"7":{"start":{"line":40,"column":23},"end":{"line":80,"column":null}},"8":{"start":{"line":41,"column":37},"end":{"line":41,"column":null}},"9":{"start":{"line":43,"column":25},"end":{"line":43,"column":null}},"10":{"start":{"line":45,"column":2},"end":{"line":47,"column":null}},"11":{"start":{"line":46,"column":4},"end":{"line":46,"column":null}},"12":{"start":{"line":49,"column":24},"end":{"line":49,"column":52}},"13":{"start":{"line":51,"column":2},"end":{"line":54,"column":null}},"14":{"start":{"line":52,"column":4},"end":{"line":52,"column":null}},"15":{"start":{"line":53,"column":4},"end":{"line":53,"column":null}},"16":{"start":{"line":58,"column":29},"end":{"line":63,"column":null}},"17":{"start":{"line":59,"column":10},"end":{"line":59,"column":17}},"18":{"start":{"line":59,"column":17},"end":{"line":60,"column":3}},"19":{"start":{"line":82,"column":15},"end":{"line":82,"column":null}}},"fnMap":{"0":{"name":"(anonymous_6)","decl":{"start":{"line":40,"column":23},"end":{"line":40,"column":30}},"loc":{"start":{"line":40,"column":61},"end":{"line":80,"column":null}}},"1":{"name":"(anonymous_7)","decl":{"start":{"line":59,"column":4},"end":{"line":59,"column":10}},"loc":{"start":{"line":59,"column":10},"end":{"line":59,"column":17}}},"2":{"name":"(anonymous_8)","decl":{"start":{"line":59,"column":17},"end":{"line":59,"column":null}},"loc":{"start":{"line":59,"column":17},"end":{"line":60,"column":3}}}},"branchMap":{"0":{"loc":{"start":{"line":45,"column":2},"end":{"line":47,"column":null}},"type":"if","locations":[{"start":{"line":45,"column":2},"end":{"line":47,"column":null}},{"start":{},"end":{}}]},"1":{"loc":{"start":{"line":51,"column":2},"end":{"line":54,"column":null}},"type":"if","locations":[{"start":{"line":51,"column":2},"end":{"line":54,"column":null}},{"start":{},"end":{}}]}},"s":{"0":0,"1":0,"2":0,"3":0,"4":0,"5":0,"6":0,"7":0,"8":0,"9":0,"10":0,"11":0,"12":0,"13":0,"14":0,"15":0,"16":0,"17":0,"18":0,"19":0},"f":{"0":0,"1":0,"2":0},"b":{"0":[0,0],"1":[0,0]}}
,"/Users/David/Projects/math-calc/src/app/[locale]/calculator/bmi/page.tsx": {"path":"/Users/David/Projects/math-calc/src/app/[locale]/calculator/bmi/page.tsx","statementMap":{"0":{"start":{"line":145,"column":0},"end":{"line":145,"column":15}},"1":{"start":{"line":4,"column":18},"end":{"line":4,"column":null}},"2":{"start":{"line":5,"column":31},"end":{"line":5,"column":null}},"3":{"start":{"line":6,"column":20},"end":{"line":6,"column":null}},"4":{"start":{"line":7,"column":24},"end":{"line":7,"column":null}},"5":{"start":{"line":8,"column":57},"end":{"line":8,"column":null}},"6":{"start":{"line":9,"column":21},"end":{"line":9,"column":null}},"7":{"start":{"line":13,"column":8},"end":{"line":13,"column":null}},"8":{"start":{"line":20,"column":26},"end":{"line":143,"column":null}},"9":{"start":{"line":21,"column":16},"end":{"line":21,"column":null}},"10":{"start":{"line":24,"column":19},"end":{"line":24,"column":null}},"11":{"start":{"line":25,"column":25},"end":{"line":25,"column":null}},"12":{"start":{"line":28,"column":24},"end":{"line":33,"column":null}},"13":{"start":{"line":68,"column":18},"end":{"line":68,"column":35}},"14":{"start":{"line":129,"column":14},"end":{"line":129,"column":30}},"15":{"start":{"line":145,"column":15},"end":{"line":145,"column":null}}},"fnMap":{"0":{"name":"(anonymous_5)","decl":{"start":{"line":13,"column":2},"end":{"line":13,"column":8}},"loc":{"start":{"line":13,"column":8},"end":{"line":13,"column":null}}},"1":{"name":"(anonymous_6)","decl":{"start":{"line":13,"column":8},"end":{"line":13,"column":15}},"loc":{"start":{"line":13,"column":8},"end":{"line":13,"column":null}}},"2":{"name":"(anonymous_8)","decl":{"start":{"line":20,"column":26},"end":{"line":20,"column":null}},"loc":{"start":{"line":20,"column":26},"end":{"line":143,"column":null}}},"3":{"name":"(anonymous_9)","decl":{"start":{"line":67,"column":35},"end":{"line":67,"column":36}},"loc":{"start":{"line":68,"column":18},"end":{"line":68,"column":35}}},"4":{"name":"(anonymous_10)","decl":{"start":{"line":128,"column":36},"end":{"line":128,"column":37}},"loc":{"start":{"line":129,"column":14},"end":{"line":129,"column":30}}}},"branchMap":{"0":{"loc":{"start":{"line":107,"column":7},"end":{"line":107,"column":null}},"type":"binary-expr","locations":[{"start":{"line":107,"column":7},"end":{"line":107,"column":null}}]},"1":{"loc":{"start":{"line":115,"column":7},"end":{"line":115,"column":19}},"type":"binary-expr","locations":[{"start":{"line":115,"column":7},"end":{"line":115,"column":19}},{"start":{"line":115,"column":19},"end":{"line":115,"column":null}}]},"2":{"loc":{"start":{"line":123,"column":7},"end":{"line":123,"column":29}},"type":"binary-expr","locations":[{"start":{"line":123,"column":7},"end":{"line":123,"column":29}},{"start":{"line":123,"column":29},"end":{"line":123,"column":null}}]}},"s":{"0":0,"1":0,"2":0,"3":0,"4":0,"5":0,"6":0,"7":0,"8":0,"9":0,"10":0,"11":0,"12":0,"13":0,"14":0,"15":0},"f":{"0":0,"1":0,"2":0,"3":0,"4":0},"b":{"0":[0],"1":[0,0],"2":[0,0]}}
,"/Users/David/Projects/math-calc/src/app/[locale]/calculator/cista-mzda/page.tsx": {"path":"/Users/David/Projects/math-calc/src/app/[locale]/calculator/cista-mzda/page.tsx","statementMap":{"0":{"start":{"line":125,"column":0},"end":{"line":125,"column":15}},"1":{"start":{"line":4,"column":18},"end":{"line":4,"column":null}},"2":{"start":{"line":5,"column":31},"end":{"line":5,"column":null}},"3":{"start":{"line":6,"column":20},"end":{"line":6,"column":null}},"4":{"start":{"line":7,"column":57},"end":{"line":7,"column":null}},"5":{"start":{"line":8,"column":72},"end":{"line":8,"column":null}},"6":{"start":{"line":12,"column":8},"end":{"line":12,"column":null}},"7":{"start":{"line":19,"column":32},"end":{"line":123,"column":null}},"8":{"start":{"line":20,"column":16},"end":{"line":20,"column":null}},"9":{"start":{"line":23,"column":19},"end":{"line":23,"column":null}},"10":{"start":{"line":24,"column":25},"end":{"line":24,"column":null}},"11":{"start":{"line":125,"column":15},"end":{"line":125,"column":null}}},"fnMap":{"0":{"name":"(anonymous_5)","decl":{"start":{"line":12,"column":2},"end":{"line":12,"column":8}},"loc":{"start":{"line":12,"column":8},"end":{"line":12,"column":null}}},"1":{"name":"(anonymous_6)","decl":{"start":{"line":12,"column":8},"end":{"line":12,"column":15}},"loc":{"start":{"line":12,"column":8},"end":{"line":12,"column":null}}},"2":{"name":"(anonymous_9)","decl":{"start":{"line":19,"column":32},"end":{"line":19,"column":null}},"loc":{"start":{"line":19,"column":32},"end":{"line":123,"column":null}}}},"branchMap":{},"s":{"0":0,"1":0,"2":0,"3":0,"4":0,"5":0,"6":0,"7":0,"8":0,"9":0,"10":0,"11":0},"f":{"0":0,"1":0,"2":0},"b":{}}
,"/Users/David/Projects/math-calc/src/app/[locale]/calculator/dph/page.tsx": {"path":"/Users/David/Projects/math-calc/src/app/[locale]/calculator/dph/page.tsx","statementMap":{"0":{"start":{"line":95,"column":0},"end":{"line":95,"column":15}},"1":{"start":{"line":4,"column":18},"end":{"line":4,"column":null}},"2":{"start":{"line":5,"column":31},"end":{"line":5,"column":null}},"3":{"start":{"line":6,"column":20},"end":{"line":6,"column":null}},"4":{"start":{"line":7,"column":24},"end":{"line":7,"column":null}},"5":{"start":{"line":11,"column":8},"end":{"line":11,"column":null}},"6":{"start":{"line":18,"column":26},"end":{"line":93,"column":null}},"7":{"start":{"line":19,"column":16},"end":{"line":19,"column":null}},"8":{"start":{"line":22,"column":19},"end":{"line":22,"column":null}},"9":{"start":{"line":23,"column":25},"end":{"line":23,"column":null}},"10":{"start":{"line":26,"column":19},"end":{"line":42,"column":null}},"11":{"start":{"line":74,"column":16},"end":{"line":74,"column":null}},"12":{"start":{"line":78,"column":22},"end":{"line":78,"column":42}},"13":{"start":{"line":95,"column":15},"end":{"line":95,"column":null}}},"fnMap":{"0":{"name":"(anonymous_5)","decl":{"start":{"line":11,"column":2},"end":{"line":11,"column":8}},"loc":{"start":{"line":11,"column":8},"end":{"line":11,"column":null}}},"1":{"name":"(anonymous_6)","decl":{"start":{"line":11,"column":8},"end":{"line":11,"column":15}},"loc":{"start":{"line":11,"column":8},"end":{"line":11,"column":null}}},"2":{"name":"(anonymous_8)","decl":{"start":{"line":18,"column":26},"end":{"line":18,"column":null}},"loc":{"start":{"line":18,"column":26},"end":{"line":93,"column":null}}},"3":{"name":"(anonymous_9)","decl":{"start":{"line":73,"column":28},"end":{"line":73,"column":29}},"loc":{"start":{"line":74,"column":16},"end":{"line":74,"column":null}}},"4":{"name":"(anonymous_10)","decl":{"start":{"line":77,"column":39},"end":{"line":77,"column":40}},"loc":{"start":{"line":78,"column":22},"end":{"line":78,"column":42}}}},"branchMap":{},"s":{"0":0,"1":0,"2":0,"3":0,"4":0,"5":0,"6":0,"7":0,"8":0,"9":0,"10":0,"11":0,"12":0,"13":0},"f":{"0":0,"1":0,"2":0,"3":0,"4":0},"b":{}}
,"/Users/David/Projects/math-calc/src/app/[locale]/calculator/financie-rozsirene/anuitni-splatka/page.tsx": {"path":"/Users/David/Projects/math-calc/src/app/[locale]/calculator/financie-rozsirene/anuitni-splatka/page.tsx","statementMap":{"0":{"start":{"line":118,"column":0},"end":{"line":118,"column":15}},"1":{"start":{"line":4,"column":18},"end":{"line":4,"column":null}},"2":{"start":{"line":5,"column":31},"end":{"line":5,"column":null}},"3":{"start":{"line":6,"column":20},"end":{"line":6,"column":null}},"4":{"start":{"line":7,"column":57},"end":{"line":7,"column":null}},"5":{"start":{"line":8,"column":64},"end":{"line":8,"column":null}},"6":{"start":{"line":12,"column":8},"end":{"line":12,"column":null}},"7":{"start":{"line":19,"column":37},"end":{"line":116,"column":null}},"8":{"start":{"line":20,"column":16},"end":{"line":20,"column":null}},"9":{"start":{"line":118,"column":15},"end":{"line":118,"column":null}}},"fnMap":{"0":{"name":"(anonymous_5)","decl":{"start":{"line":12,"column":2},"end":{"line":12,"column":8}},"loc":{"start":{"line":12,"column":8},"end":{"line":12,"column":null}}},"1":{"name":"(anonymous_6)","decl":{"start":{"line":12,"column":8},"end":{"line":12,"column":15}},"loc":{"start":{"line":12,"column":8},"end":{"line":12,"column":null}}},"2":{"name":"(anonymous_9)","decl":{"start":{"line":19,"column":37},"end":{"line":19,"column":null}},"loc":{"start":{"line":19,"column":37},"end":{"line":116,"column":null}}}},"branchMap":{},"s":{"0":0,"1":0,"2":0,"3":0,"4":0,"5":0,"6":0,"7":0,"8":0,"9":0},"f":{"0":0,"1":0,"2":0},"b":{}}
,"/Users/David/Projects/math-calc/src/app/[locale]/calculator/financie-rozsirene/irr/page.tsx": {"path":"/Users/David/Projects/math-calc/src/app/[locale]/calculator/financie-rozsirene/irr/page.tsx","statementMap":{"0":{"start":{"line":16,"column":0},"end":{"line":16,"column":15}},"1":{"start":{"line":2,"column":18},"end":{"line":2,"column":null}},"2":{"start":{"line":5,"column":26},"end":{"line":14,"column":null}},"3":{"start":{"line":16,"column":15},"end":{"line":16,"column":null}}},"fnMap":{"0":{"name":"(anonymous_2)","decl":{"start":{"line":5,"column":26},"end":{"line":5,"column":null}},"loc":{"start":{"line":5,"column":26},"end":{"line":14,"column":null}}}},"branchMap":{},"s":{"0":0,"1":0,"2":0,"3":0},"f":{"0":0},"b":{}}
,"/Users/David/Projects/math-calc/src/app/[locale]/calculator/financie-rozsirene/npv/page.tsx": {"path":"/Users/David/Projects/math-calc/src/app/[locale]/calculator/financie-rozsirene/npv/page.tsx","statementMap":{"0":{"start":{"line":16,"column":0},"end":{"line":16,"column":15}},"1":{"start":{"line":2,"column":18},"end":{"line":2,"column":null}},"2":{"start":{"line":5,"column":26},"end":{"line":14,"column":null}},"3":{"start":{"line":16,"column":15},"end":{"line":16,"column":null}}},"fnMap":{"0":{"name":"(anonymous_2)","decl":{"start":{"line":5,"column":26},"end":{"line":5,"column":null}},"loc":{"start":{"line":5,"column":26},"end":{"line":14,"column":null}}}},"branchMap":{},"s":{"0":0,"1":0,"2":0,"3":0},"f":{"0":0},"b":{}}
,"/Users/David/Projects/math-calc/src/app/[locale]/calculator/financie-rozsirene/predcasne-splaceni/page.tsx": {"path":"/Users/David/Projects/math-calc/src/app/[locale]/calculator/financie-rozsirene/predcasne-splaceni/page.tsx","statementMap":{"0":{"start":{"line":16,"column":0},"end":{"line":16,"column":15}},"1":{"start":{"line":2,"column":18},"end":{"line":2,"column":null}},"2":{"start":{"line":5,"column":40},"end":{"line":14,"column":null}},"3":{"start":{"line":16,"column":15},"end":{"line":16,"column":null}}},"fnMap":{"0":{"name":"(anonymous_2)","decl":{"start":{"line":5,"column":40},"end":{"line":5,"column":null}},"loc":{"start":{"line":5,"column":40},"end":{"line":14,"column":null}}}},"branchMap":{},"s":{"0":0,"1":0,"2":0,"3":0},"f":{"0":0},"b":{}}
,"/Users/David/Projects/math-calc/src/app/[locale]/calculator/financie-rozsirene/roi/page.tsx": {"path":"/Users/David/Projects/math-calc/src/app/[locale]/calculator/financie-rozsirene/roi/page.tsx","statementMap":{"0":{"start":{"line":16,"column":0},"end":{"line":16,"column":15}},"1":{"start":{"line":2,"column":18},"end":{"line":2,"column":null}},"2":{"start":{"line":5,"column":26},"end":{"line":14,"column":null}},"3":{"start":{"line":16,"column":15},"end":{"line":16,"column":null}}},"fnMap":{"0":{"name":"(anonymous_2)","decl":{"start":{"line":5,"column":26},"end":{"line":5,"column":null}},"loc":{"start":{"line":5,"column":26},"end":{"line":14,"column":null}}}},"branchMap":{},"s":{"0":0,"1":0,"2":0,"3":0},"f":{"0":0},"b":{}}
,"/Users/David/Projects/math-calc/src/app/[locale]/calculator/financie-rozsirene/slozene-uroceni/page.tsx": {"path":"/Users/David/Projects/math-calc/src/app/[locale]/calculator/financie-rozsirene/slozene-uroceni/page.tsx","statementMap":{"0":{"start":{"line":104,"column":0},"end":{"line":104,"column":15}},"1":{"start":{"line":4,"column":18},"end":{"line":4,"column":null}},"2":{"start":{"line":5,"column":31},"end":{"line":5,"column":null}},"3":{"start":{"line":6,"column":20},"end":{"line":6,"column":null}},"4":{"start":{"line":11,"column":57},"end":{"line":11,"column":null}},"5":{"start":{"line":12,"column":21},"end":{"line":12,"column":null}},"6":{"start":{"line":16,"column":8},"end":{"line":16,"column":null}},"7":{"start":{"line":23,"column":37},"end":{"line":102,"column":null}},"8":{"start":{"line":24,"column":16},"end":{"line":24,"column":null}},"9":{"start":{"line":104,"column":15},"end":{"line":104,"column":null}}},"fnMap":{"0":{"name":"(anonymous_6)","decl":{"start":{"line":16,"column":2},"end":{"line":16,"column":8}},"loc":{"start":{"line":16,"column":8},"end":{"line":16,"column":null}}},"1":{"name":"(anonymous_7)","decl":{"start":{"line":16,"column":8},"end":{"line":16,"column":15}},"loc":{"start":{"line":16,"column":8},"end":{"line":16,"column":null}}},"2":{"name":"(anonymous_10)","decl":{"start":{"line":23,"column":37},"end":{"line":23,"column":null}},"loc":{"start":{"line":23,"column":37},"end":{"line":102,"column":null}}}},"branchMap":{},"s":{"0":0,"1":0,"2":0,"3":0,"4":0,"5":0,"6":0,"7":0,"8":0,"9":0},"f":{"0":0,"1":0,"2":0},"b":{}}
,"/Users/David/Projects/math-calc/src/app/[locale]/calculator/fitness-a-zdravi/kalkulacka-1/page.tsx": {"path":"/Users/David/Projects/math-calc/src/app/[locale]/calculator/fitness-a-zdravi/kalkulacka-1/page.tsx","statementMap":{"0":{"start":{"line":13,"column":0},"end":{"line":13,"column":15}},"1":{"start":{"line":2,"column":18},"end":{"line":2,"column":null}},"2":{"start":{"line":4,"column":48},"end":{"line":11,"column":null}},"3":{"start":{"line":13,"column":15},"end":{"line":13,"column":null}}},"fnMap":{"0":{"name":"(anonymous_2)","decl":{"start":{"line":4,"column":48},"end":{"line":4,"column":null}},"loc":{"start":{"line":4,"column":48},"end":{"line":11,"column":null}}}},"branchMap":{},"s":{"0":0,"1":0,"2":0,"3":0},"f":{"0":0},"b":{}}
,"/Users/David/Projects/math-calc/src/app/[locale]/calculator/fitness-a-zdravi/kalkulacka-2/page.tsx": {"path":"/Users/David/Projects/math-calc/src/app/[locale]/calculator/fitness-a-zdravi/kalkulacka-2/page.tsx","statementMap":{"0":{"start":{"line":13,"column":0},"end":{"line":13,"column":15}},"1":{"start":{"line":2,"column":18},"end":{"line":2,"column":null}},"2":{"start":{"line":4,"column":48},"end":{"line":11,"column":null}},"3":{"start":{"line":13,"column":15},"end":{"line":13,"column":null}}},"fnMap":{"0":{"name":"(anonymous_2)","decl":{"start":{"line":4,"column":48},"end":{"line":4,"column":null}},"loc":{"start":{"line":4,"column":48},"end":{"line":11,"column":null}}}},"branchMap":{},"s":{"0":0,"1":0,"2":0,"3":0},"f":{"0":0},"b":{}}
,"/Users/David/Projects/math-calc/src/app/[locale]/calculator/fitness-a-zdravi/kalkulacka-3/page.tsx": {"path":"/Users/David/Projects/math-calc/src/app/[locale]/calculator/fitness-a-zdravi/kalkulacka-3/page.tsx","statementMap":{"0":{"start":{"line":13,"column":0},"end":{"line":13,"column":15}},"1":{"start":{"line":2,"column":18},"end":{"line":2,"column":null}},"2":{"start":{"line":4,"column":48},"end":{"line":11,"column":null}},"3":{"start":{"line":13,"column":15},"end":{"line":13,"column":null}}},"fnMap":{"0":{"name":"(anonymous_2)","decl":{"start":{"line":4,"column":48},"end":{"line":4,"column":null}},"loc":{"start":{"line":4,"column":48},"end":{"line":11,"column":null}}}},"branchMap":{},"s":{"0":0,"1":0,"2":0,"3":0},"f":{"0":0},"b":{}}
,"/Users/David/Projects/math-calc/src/app/[locale]/calculator/fitness-a-zdravi/kalkulacka-4/page.tsx": {"path":"/Users/David/Projects/math-calc/src/app/[locale]/calculator/fitness-a-zdravi/kalkulacka-4/page.tsx","statementMap":{"0":{"start":{"line":13,"column":0},"end":{"line":13,"column":15}},"1":{"start":{"line":2,"column":18},"end":{"line":2,"column":null}},"2":{"start":{"line":4,"column":48},"end":{"line":11,"column":null}},"3":{"start":{"line":13,"column":15},"end":{"line":13,"column":null}}},"fnMap":{"0":{"name":"(anonymous_2)","decl":{"start":{"line":4,"column":48},"end":{"line":4,"column":null}},"loc":{"start":{"line":4,"column":48},"end":{"line":11,"column":null}}}},"branchMap":{},"s":{"0":0,"1":0,"2":0,"3":0},"f":{"0":0},"b":{}}
,"/Users/David/Projects/math-calc/src/app/[locale]/calculator/fitness-a-zdravi/kalkulacka-5/page.tsx": {"path":"/Users/David/Projects/math-calc/src/app/[locale]/calculator/fitness-a-zdravi/kalkulacka-5/page.tsx","statementMap":{"0":{"start":{"line":13,"column":0},"end":{"line":13,"column":15}},"1":{"start":{"line":2,"column":18},"end":{"line":2,"column":null}},"2":{"start":{"line":4,"column":48},"end":{"line":11,"column":null}},"3":{"start":{"line":13,"column":15},"end":{"line":13,"column":null}}},"fnMap":{"0":{"name":"(anonymous_2)","decl":{"start":{"line":4,"column":48},"end":{"line":4,"column":null}},"loc":{"start":{"line":4,"column":48},"end":{"line":11,"column":null}}}},"branchMap":{},"s":{"0":0,"1":0,"2":0,"3":0},"f":{"0":0},"b":{}}
,"/Users/David/Projects/math-calc/src/app/[locale]/calculator/fitness-a-zdravi/kalkulacka-6/page.tsx": {"path":"/Users/David/Projects/math-calc/src/app/[locale]/calculator/fitness-a-zdravi/kalkulacka-6/page.tsx","statementMap":{"0":{"start":{"line":13,"column":0},"end":{"line":13,"column":15}},"1":{"start":{"line":2,"column":18},"end":{"line":2,"column":null}},"2":{"start":{"line":4,"column":48},"end":{"line":11,"column":null}},"3":{"start":{"line":13,"column":15},"end":{"line":13,"column":null}}},"fnMap":{"0":{"name":"(anonymous_2)","decl":{"start":{"line":4,"column":48},"end":{"line":4,"column":null}},"loc":{"start":{"line":4,"column":48},"end":{"line":11,"column":null}}}},"branchMap":{},"s":{"0":0,"1":0,"2":0,"3":0},"f":{"0":0},"b":{}}
,"/Users/David/Projects/math-calc/src/app/[locale]/calculator/prakticke-vypocty/kalkulacka-1/page.tsx": {"path":"/Users/David/Projects/math-calc/src/app/[locale]/calculator/prakticke-vypocty/kalkulacka-1/page.tsx","statementMap":{"0":{"start":{"line":13,"column":0},"end":{"line":13,"column":15}},"1":{"start":{"line":2,"column":18},"end":{"line":2,"column":null}},"2":{"start":{"line":4,"column":50},"end":{"line":11,"column":null}},"3":{"start":{"line":13,"column":15},"end":{"line":13,"column":null}}},"fnMap":{"0":{"name":"(anonymous_2)","decl":{"start":{"line":4,"column":50},"end":{"line":4,"column":null}},"loc":{"start":{"line":4,"column":50},"end":{"line":11,"column":null}}}},"branchMap":{},"s":{"0":0,"1":0,"2":0,"3":0},"f":{"0":0},"b":{}}
,"/Users/David/Projects/math-calc/src/app/[locale]/calculator/prakticke-vypocty/kalkulacka-2/page.tsx": {"path":"/Users/David/Projects/math-calc/src/app/[locale]/calculator/prakticke-vypocty/kalkulacka-2/page.tsx","statementMap":{"0":{"start":{"line":13,"column":0},"end":{"line":13,"column":15}},"1":{"start":{"line":2,"column":18},"end":{"line":2,"column":null}},"2":{"start":{"line":4,"column":50},"end":{"line":11,"column":null}},"3":{"start":{"line":13,"column":15},"end":{"line":13,"column":null}}},"fnMap":{"0":{"name":"(anonymous_2)","decl":{"start":{"line":4,"column":50},"end":{"line":4,"column":null}},"loc":{"start":{"line":4,"column":50},"end":{"line":11,"column":null}}}},"branchMap":{},"s":{"0":0,"1":0,"2":0,"3":0},"f":{"0":0},"b":{}}
,"/Users/David/Projects/math-calc/src/app/[locale]/calculator/prakticke-vypocty/kalkulacka-3/page.tsx": {"path":"/Users/David/Projects/math-calc/src/app/[locale]/calculator/prakticke-vypocty/kalkulacka-3/page.tsx","statementMap":{"0":{"start":{"line":13,"column":0},"end":{"line":13,"column":15}},"1":{"start":{"line":2,"column":18},"end":{"line":2,"column":null}},"2":{"start":{"line":4,"column":50},"end":{"line":11,"column":null}},"3":{"start":{"line":13,"column":15},"end":{"line":13,"column":null}}},"fnMap":{"0":{"name":"(anonymous_2)","decl":{"start":{"line":4,"column":50},"end":{"line":4,"column":null}},"loc":{"start":{"line":4,"column":50},"end":{"line":11,"column":null}}}},"branchMap":{},"s":{"0":0,"1":0,"2":0,"3":0},"f":{"0":0},"b":{}}
,"/Users/David/Projects/math-calc/src/app/[locale]/calculator/prakticke-vypocty/kalkulacka-4/page.tsx": {"path":"/Users/David/Projects/math-calc/src/app/[locale]/calculator/prakticke-vypocty/kalkulacka-4/page.tsx","statementMap":{"0":{"start":{"line":13,"column":0},"end":{"line":13,"column":15}},"1":{"start":{"line":2,"column":18},"end":{"line":2,"column":null}},"2":{"start":{"line":4,"column":50},"end":{"line":11,"column":null}},"3":{"start":{"line":13,"column":15},"end":{"line":13,"column":null}}},"fnMap":{"0":{"name":"(anonymous_2)","decl":{"start":{"line":4,"column":50},"end":{"line":4,"column":null}},"loc":{"start":{"line":4,"column":50},"end":{"line":11,"column":null}}}},"branchMap":{},"s":{"0":0,"1":0,"2":0,"3":0},"f":{"0":0},"b":{}}
,"/Users/David/Projects/math-calc/src/app/[locale]/calculator/prakticke-vypocty/kalkulacka-5/page.tsx": {"path":"/Users/David/Projects/math-calc/src/app/[locale]/calculator/prakticke-vypocty/kalkulacka-5/page.tsx","statementMap":{"0":{"start":{"line":13,"column":0},"end":{"line":13,"column":15}},"1":{"start":{"line":2,"column":18},"end":{"line":2,"column":null}},"2":{"start":{"line":4,"column":50},"end":{"line":11,"column":null}},"3":{"start":{"line":13,"column":15},"end":{"line":13,"column":null}}},"fnMap":{"0":{"name":"(anonymous_2)","decl":{"start":{"line":4,"column":50},"end":{"line":4,"column":null}},"loc":{"start":{"line":4,"column":50},"end":{"line":11,"column":null}}}},"branchMap":{},"s":{"0":0,"1":0,"2":0,"3":0},"f":{"0":0},"b":{}}
,"/Users/David/Projects/math-calc/src/app/[locale]/calculator/prakticke-vypocty/kalkulacka-6/page.tsx": {"path":"/Users/David/Projects/math-calc/src/app/[locale]/calculator/prakticke-vypocty/kalkulacka-6/page.tsx","statementMap":{"0":{"start":{"line":13,"column":0},"end":{"line":13,"column":15}},"1":{"start":{"line":2,"column":18},"end":{"line":2,"column":null}},"2":{"start":{"line":4,"column":50},"end":{"line":11,"column":null}},"3":{"start":{"line":13,"column":15},"end":{"line":13,"column":null}}},"fnMap":{"0":{"name":"(anonymous_2)","decl":{"start":{"line":4,"column":50},"end":{"line":4,"column":null}},"loc":{"start":{"line":4,"column":50},"end":{"line":11,"column":null}}}},"branchMap":{},"s":{"0":0,"1":0,"2":0,"3":0},"f":{"0":0},"b":{}}
,"/Users/David/Projects/math-calc/src/app/[locale]/calculator/procenta/kolik-procent-je-x-z-y/page.tsx": {"path":"/Users/David/Projects/math-calc/src/app/[locale]/calculator/procenta/kolik-procent-je-x-z-y/page.tsx","statementMap":{"0":{"start":{"line":131,"column":0},"end":{"line":131,"column":15}},"1":{"start":{"line":4,"column":18},"end":{"line":4,"column":null}},"2":{"start":{"line":5,"column":20},"end":{"line":5,"column":null}},"3":{"start":{"line":6,"column":31},"end":{"line":6,"column":null}},"4":{"start":{"line":7,"column":26},"end":{"line":7,"column":null}},"5":{"start":{"line":8,"column":24},"end":{"line":8,"column":null}},"6":{"start":{"line":9,"column":57},"end":{"line":9,"column":null}},"7":{"start":{"line":13,"column":8},"end":{"line":13,"column":null}},"8":{"start":{"line":17,"column":40},"end":{"line":129,"column":null}},"9":{"start":{"line":18,"column":16},"end":{"line":18,"column":null}},"10":{"start":{"line":21,"column":19},"end":{"line":21,"column":null}},"11":{"start":{"line":22,"column":25},"end":{"line":22,"column":70}},"12":{"start":{"line":23,"column":18},"end":{"line":23,"column":null}},"13":{"start":{"line":24,"column":22},"end":{"line":24,"column":63}},"14":{"start":{"line":25,"column":19},"end":{"line":25,"column":null}},"15":{"start":{"line":28,"column":29},"end":{"line":31,"column":null}},"16":{"start":{"line":115,"column":14},"end":{"line":115,"column":30}},"17":{"start":{"line":131,"column":15},"end":{"line":131,"column":null}}},"fnMap":{"0":{"name":"(anonymous_5)","decl":{"start":{"line":13,"column":2},"end":{"line":13,"column":8}},"loc":{"start":{"line":13,"column":8},"end":{"line":13,"column":null}}},"1":{"name":"(anonymous_6)","decl":{"start":{"line":13,"column":8},"end":{"line":13,"column":15}},"loc":{"start":{"line":13,"column":8},"end":{"line":13,"column":null}}},"2":{"name":"(anonymous_8)","decl":{"start":{"line":17,"column":40},"end":{"line":17,"column":null}},"loc":{"start":{"line":17,"column":40},"end":{"line":129,"column":null}}},"3":{"name":"(anonymous_9)","decl":{"start":{"line":114,"column":36},"end":{"line":114,"column":37}},"loc":{"start":{"line":115,"column":14},"end":{"line":115,"column":30}}}},"branchMap":{"0":{"loc":{"start":{"line":46,"column":9},"end":{"line":46,"column":20}},"type":"binary-expr","locations":[{"start":{"line":46,"column":9},"end":{"line":46,"column":20}}]},"1":{"loc":{"start":{"line":93,"column":7},"end":{"line":93,"column":null}},"type":"binary-expr","locations":[{"start":{"line":93,"column":7},"end":{"line":93,"column":null}}]},"2":{"loc":{"start":{"line":101,"column":7},"end":{"line":101,"column":19}},"type":"binary-expr","locations":[{"start":{"line":101,"column":7},"end":{"line":101,"column":19}},{"start":{"line":101,"column":19},"end":{"line":101,"column":null}}]},"3":{"loc":{"start":{"line":109,"column":7},"end":{"line":109,"column":29}},"type":"binary-expr","locations":[{"start":{"line":109,"column":7},"end":{"line":109,"column":29}},{"start":{"line":109,"column":29},"end":{"line":109,"column":null}}]}},"s":{"0":0,"1":0,"2":0,"3":0,"4":0,"5":0,"6":0,"7":0,"8":0,"9":0,"10":0,"11":0,"12":0,"13":0,"14":0,"15":0,"16":0,"17":0},"f":{"0":0,"1":0,"2":0,"3":0},"b":{"0":[0],"1":[0],"2":[0,0],"3":[0,0]}}
,"/Users/David/Projects/math-calc/src/app/[locale]/calculator/procenta/procento-z-cisla/page.tsx": {"path":"/Users/David/Projects/math-calc/src/app/[locale]/calculator/procenta/procento-z-cisla/page.tsx","statementMap":{"0":{"start":{"line":89,"column":0},"end":{"line":89,"column":15}},"1":{"start":{"line":4,"column":18},"end":{"line":4,"column":null}},"2":{"start":{"line":5,"column":20},"end":{"line":5,"column":null}},"3":{"start":{"line":6,"column":31},"end":{"line":6,"column":null}},"4":{"start":{"line":7,"column":26},"end":{"line":7,"column":null}},"5":{"start":{"line":8,"column":24},"end":{"line":8,"column":null}},"6":{"start":{"line":9,"column":57},"end":{"line":9,"column":null}},"7":{"start":{"line":13,"column":8},"end":{"line":13,"column":null}},"8":{"start":{"line":17,"column":37},"end":{"line":87,"column":null}},"9":{"start":{"line":18,"column":16},"end":{"line":18,"column":null}},"10":{"start":{"line":21,"column":19},"end":{"line":21,"column":null}},"11":{"start":{"line":22,"column":25},"end":{"line":22,"column":null}},"12":{"start":{"line":23,"column":18},"end":{"line":23,"column":null}},"13":{"start":{"line":24,"column":22},"end":{"line":24,"column":null}},"14":{"start":{"line":89,"column":15},"end":{"line":89,"column":null}}},"fnMap":{"0":{"name":"(anonymous_5)","decl":{"start":{"line":13,"column":2},"end":{"line":13,"column":8}},"loc":{"start":{"line":13,"column":8},"end":{"line":13,"column":null}}},"1":{"name":"(anonymous_6)","decl":{"start":{"line":13,"column":8},"end":{"line":13,"column":15}},"loc":{"start":{"line":13,"column":8},"end":{"line":13,"column":null}}},"2":{"name":"(anonymous_8)","decl":{"start":{"line":17,"column":37},"end":{"line":17,"column":null}},"loc":{"start":{"line":17,"column":37},"end":{"line":87,"column":null}}}},"branchMap":{"0":{"loc":{"start":{"line":21,"column":19},"end":{"line":21,"column":null}},"type":"binary-expr","locations":[{"start":{"line":21,"column":19},"end":{"line":21,"column":50}},{"start":{"line":21,"column":50},"end":{"line":21,"column":null}}]},"1":{"loc":{"start":{"line":22,"column":25},"end":{"line":22,"column":null}},"type":"binary-expr","locations":[{"start":{"line":22,"column":25},"end":{"line":22,"column":66}},{"start":{"line":22,"column":66},"end":{"line":22,"column":null}}]},"2":{"loc":{"start":{"line":23,"column":18},"end":{"line":23,"column":null}},"type":"binary-expr","locations":[{"start":{"line":23,"column":18},"end":{"line":23,"column":51}},{"start":{"line":23,"column":51},"end":{"line":23,"column":null}}]},"3":{"loc":{"start":{"line":24,"column":22},"end":{"line":24,"column":null}},"type":"binary-expr","locations":[{"start":{"line":24,"column":22},"end":{"line":24,"column":59}},{"start":{"line":24,"column":59},"end":{"line":24,"column":null}}]},"4":{"loc":{"start":{"line":36,"column":26},"end":{"line":36,"column":null}},"type":"binary-expr","locations":[{"start":{"line":36,"column":26},"end":{"line":36,"column":45}},{"start":{"line":36,"column":45},"end":{"line":36,"column":null}}]},"5":{"loc":{"start":{"line":61,"column":26},"end":{"line":61,"column":null}},"type":"binary-expr","locations":[{"start":{"line":61,"column":26},"end":{"line":61,"column":51}},{"start":{"line":61,"column":51},"end":{"line":61,"column":null}}]},"6":{"loc":{"start":{"line":65,"column":21},"end":{"line":65,"column":null}},"type":"binary-expr","locations":[{"start":{"line":65,"column":21},"end":{"line":65,"column":55}},{"start":{"line":65,"column":55},"end":{"line":65,"column":null}}]},"7":{"loc":{"start":{"line":66,"column":21},"end":{"line":66,"column":null}},"type":"binary-expr","locations":[{"start":{"line":66,"column":21},"end":{"line":66,"column":55}},{"start":{"line":66,"column":55},"end":{"line":66,"column":null}}]},"8":{"loc":{"start":{"line":67,"column":21},"end":{"line":67,"column":null}},"type":"binary-expr","locations":[{"start":{"line":67,"column":21},"end":{"line":67,"column":55}},{"start":{"line":67,"column":55},"end":{"line":67,"column":null}}]},"9":{"loc":{"start":{"line":75,"column":53},"end":{"line":75,"column":null}},"type":"binary-expr","locations":[{"start":{"line":75,"column":53},"end":{"line":75,"column":77}},{"start":{"line":75,"column":77},"end":{"line":75,"column":null}}]},"10":{"loc":{"start":{"line":78,"column":13},"end":{"line":81,"column":null}},"type":"binary-expr","locations":[{"start":{"line":78,"column":13},"end":{"line":78,"column":null}},{"start":{"line":79,"column":12},"end":{"line":81,"column":null}}]}},"s":{"0":0,"1":0,"2":0,"3":0,"4":0,"5":0,"6":0,"7":0,"8":0,"9":0,"10":0,"11":0,"12":0,"13":0,"14":0},"f":{"0":0,"1":0,"2":0},"b":{"0":[0,0],"1":[0,0],"2":[0,0],"3":[0,0],"4":[0,0],"5":[0,0],"6":[0,0],"7":[0,0],"8":[0,0],"9":[0,0],"10":[0,0]}}
,"/Users/David/Projects/math-calc/src/app/[locale]/calculator/procenta/y-je-x-kolik-je-sto/page.tsx": {"path":"/Users/David/Projects/math-calc/src/app/[locale]/calculator/procenta/y-je-x-kolik-je-sto/page.tsx","statementMap":{"0":{"start":{"line":88,"column":0},"end":{"line":88,"column":15}},"1":{"start":{"line":4,"column":18},"end":{"line":4,"column":null}},"2":{"start":{"line":5,"column":20},"end":{"line":5,"column":null}},"3":{"start":{"line":6,"column":31},"end":{"line":6,"column":null}},"4":{"start":{"line":7,"column":26},"end":{"line":7,"column":null}},"5":{"start":{"line":8,"column":24},"end":{"line":8,"column":null}},"6":{"start":{"line":9,"column":57},"end":{"line":9,"column":null}},"7":{"start":{"line":13,"column":8},"end":{"line":13,"column":null}},"8":{"start":{"line":17,"column":37},"end":{"line":86,"column":null}},"9":{"start":{"line":18,"column":16},"end":{"line":18,"column":null}},"10":{"start":{"line":21,"column":19},"end":{"line":21,"column":null}},"11":{"start":{"line":22,"column":25},"end":{"line":22,"column":null}},"12":{"start":{"line":23,"column":18},"end":{"line":23,"column":null}},"13":{"start":{"line":24,"column":22},"end":{"line":24,"column":null}},"14":{"start":{"line":88,"column":15},"end":{"line":88,"column":null}}},"fnMap":{"0":{"name":"(anonymous_5)","decl":{"start":{"line":13,"column":2},"end":{"line":13,"column":8}},"loc":{"start":{"line":13,"column":8},"end":{"line":13,"column":null}}},"1":{"name":"(anonymous_6)","decl":{"start":{"line":13,"column":8},"end":{"line":13,"column":15}},"loc":{"start":{"line":13,"column":8},"end":{"line":13,"column":null}}},"2":{"name":"(anonymous_8)","decl":{"start":{"line":17,"column":37},"end":{"line":17,"column":null}},"loc":{"start":{"line":17,"column":37},"end":{"line":86,"column":null}}}},"branchMap":{"0":{"loc":{"start":{"line":21,"column":19},"end":{"line":21,"column":null}},"type":"binary-expr","locations":[{"start":{"line":21,"column":19},"end":{"line":21,"column":53}},{"start":{"line":21,"column":53},"end":{"line":21,"column":null}}]},"1":{"loc":{"start":{"line":22,"column":25},"end":{"line":22,"column":null}},"type":"binary-expr","locations":[{"start":{"line":22,"column":25},"end":{"line":22,"column":69}},{"start":{"line":22,"column":69},"end":{"line":22,"column":null}}]},"2":{"loc":{"start":{"line":23,"column":18},"end":{"line":23,"column":null}},"type":"binary-expr","locations":[{"start":{"line":23,"column":18},"end":{"line":23,"column":54}},{"start":{"line":23,"column":54},"end":{"line":23,"column":null}}]},"3":{"loc":{"start":{"line":24,"column":22},"end":{"line":24,"column":null}},"type":"binary-expr","locations":[{"start":{"line":24,"column":22},"end":{"line":24,"column":62}},{"start":{"line":24,"column":62},"end":{"line":24,"column":null}}]},"4":{"loc":{"start":{"line":36,"column":26},"end":{"line":36,"column":null}},"type":"binary-expr","locations":[{"start":{"line":36,"column":26},"end":{"line":36,"column":45}},{"start":{"line":36,"column":45},"end":{"line":36,"column":null}}]},"5":{"loc":{"start":{"line":61,"column":26},"end":{"line":61,"column":null}},"type":"binary-expr","locations":[{"start":{"line":61,"column":26},"end":{"line":61,"column":51}},{"start":{"line":61,"column":51},"end":{"line":61,"column":null}}]},"6":{"loc":{"start":{"line":65,"column":21},"end":{"line":65,"column":null}},"type":"binary-expr","locations":[{"start":{"line":65,"column":21},"end":{"line":65,"column":58}},{"start":{"line":65,"column":58},"end":{"line":65,"column":null}}]},"7":{"loc":{"start":{"line":66,"column":21},"end":{"line":66,"column":null}},"type":"binary-expr","locations":[{"start":{"line":66,"column":21},"end":{"line":66,"column":58}},{"start":{"line":66,"column":58},"end":{"line":66,"column":null}}]},"8":{"loc":{"start":{"line":67,"column":21},"end":{"line":67,"column":null}},"type":"binary-expr","locations":[{"start":{"line":67,"column":21},"end":{"line":67,"column":58}},{"start":{"line":67,"column":58},"end":{"line":67,"column":null}}]},"9":{"loc":{"start":{"line":75,"column":53},"end":{"line":75,"column":null}},"type":"binary-expr","locations":[{"start":{"line":75,"column":53},"end":{"line":75,"column":77}},{"start":{"line":75,"column":77},"end":{"line":75,"column":null}}]},"10":{"loc":{"start":{"line":78,"column":13},"end":{"line":80,"column":null}},"type":"binary-expr","locations":[{"start":{"line":78,"column":13},"end":{"line":78,"column":null}},{"start":{"line":79,"column":12},"end":{"line":80,"column":null}}]}},"s":{"0":0,"1":0,"2":0,"3":0,"4":0,"5":0,"6":0,"7":0,"8":0,"9":0,"10":0,"11":0,"12":0,"13":0,"14":0},"f":{"0":0,"1":0,"2":0},"b":{"0":[0,0],"1":[0,0],"2":[0,0],"3":[0,0],"4":[0,0],"5":[0,0],"6":[0,0],"7":[0,0],"8":[0,0],"9":[0,0],"10":[0,0]}}
,"/Users/David/Projects/math-calc/src/app/[locale]/calculator/trojclenka/neprima-umera/page.tsx": {"path":"/Users/David/Projects/math-calc/src/app/[locale]/calculator/trojclenka/neprima-umera/page.tsx","statementMap":{"0":{"start":{"line":90,"column":0},"end":{"line":90,"column":15}},"1":{"start":{"line":4,"column":18},"end":{"line":4,"column":null}},"2":{"start":{"line":5,"column":20},"end":{"line":5,"column":null}},"3":{"start":{"line":6,"column":31},"end":{"line":6,"column":null}},"4":{"start":{"line":7,"column":26},"end":{"line":7,"column":null}},"5":{"start":{"line":8,"column":24},"end":{"line":8,"column":null}},"6":{"start":{"line":9,"column":57},"end":{"line":9,"column":null}},"7":{"start":{"line":13,"column":8},"end":{"line":13,"column":null}},"8":{"start":{"line":17,"column":35},"end":{"line":88,"column":null}},"9":{"start":{"line":18,"column":16},"end":{"line":18,"column":null}},"10":{"start":{"line":21,"column":19},"end":{"line":21,"column":null}},"11":{"start":{"line":22,"column":25},"end":{"line":22,"column":null}},"12":{"start":{"line":23,"column":18},"end":{"line":23,"column":null}},"13":{"start":{"line":24,"column":22},"end":{"line":24,"column":null}},"14":{"start":{"line":90,"column":15},"end":{"line":90,"column":null}}},"fnMap":{"0":{"name":"(anonymous_5)","decl":{"start":{"line":13,"column":2},"end":{"line":13,"column":8}},"loc":{"start":{"line":13,"column":8},"end":{"line":13,"column":null}}},"1":{"name":"(anonymous_6)","decl":{"start":{"line":13,"column":8},"end":{"line":13,"column":15}},"loc":{"start":{"line":13,"column":8},"end":{"line":13,"column":null}}},"2":{"name":"(anonymous_8)","decl":{"start":{"line":17,"column":35},"end":{"line":17,"column":null}},"loc":{"start":{"line":17,"column":35},"end":{"line":88,"column":null}}}},"branchMap":{"0":{"loc":{"start":{"line":21,"column":19},"end":{"line":21,"column":null}},"type":"binary-expr","locations":[{"start":{"line":21,"column":19},"end":{"line":21,"column":47}},{"start":{"line":21,"column":47},"end":{"line":21,"column":null}}]},"1":{"loc":{"start":{"line":22,"column":25},"end":{"line":22,"column":null}},"type":"binary-expr","locations":[{"start":{"line":22,"column":25},"end":{"line":22,"column":63}},{"start":{"line":22,"column":63},"end":{"line":22,"column":null}}]},"2":{"loc":{"start":{"line":23,"column":18},"end":{"line":23,"column":null}},"type":"binary-expr","locations":[{"start":{"line":23,"column":18},"end":{"line":23,"column":48}},{"start":{"line":23,"column":48},"end":{"line":23,"column":null}}]},"3":{"loc":{"start":{"line":24,"column":22},"end":{"line":24,"column":null}},"type":"binary-expr","locations":[{"start":{"line":24,"column":22},"end":{"line":24,"column":56}},{"start":{"line":24,"column":56},"end":{"line":24,"column":null}}]},"4":{"loc":{"start":{"line":36,"column":26},"end":{"line":36,"column":null}},"type":"binary-expr","locations":[{"start":{"line":36,"column":26},"end":{"line":36,"column":45}},{"start":{"line":36,"column":45},"end":{"line":36,"column":null}}]},"5":{"loc":{"start":{"line":61,"column":26},"end":{"line":61,"column":null}},"type":"binary-expr","locations":[{"start":{"line":61,"column":26},"end":{"line":61,"column":51}},{"start":{"line":61,"column":51},"end":{"line":61,"column":null}}]},"6":{"loc":{"start":{"line":65,"column":21},"end":{"line":65,"column":null}},"type":"binary-expr","locations":[{"start":{"line":65,"column":21},"end":{"line":65,"column":52}},{"start":{"line":65,"column":52},"end":{"line":65,"column":null}}]},"7":{"loc":{"start":{"line":66,"column":21},"end":{"line":66,"column":null}},"type":"binary-expr","locations":[{"start":{"line":66,"column":21},"end":{"line":66,"column":52}},{"start":{"line":66,"column":52},"end":{"line":66,"column":null}}]},"8":{"loc":{"start":{"line":67,"column":21},"end":{"line":67,"column":null}},"type":"binary-expr","locations":[{"start":{"line":67,"column":21},"end":{"line":67,"column":52}},{"start":{"line":67,"column":52},"end":{"line":67,"column":null}}]},"9":{"loc":{"start":{"line":75,"column":53},"end":{"line":75,"column":null}},"type":"binary-expr","locations":[{"start":{"line":75,"column":53},"end":{"line":75,"column":77}},{"start":{"line":75,"column":77},"end":{"line":75,"column":null}}]},"10":{"loc":{"start":{"line":78,"column":13},"end":{"line":82,"column":null}},"type":"binary-expr","locations":[{"start":{"line":78,"column":13},"end":{"line":78,"column":null}},{"start":{"line":79,"column":12},"end":{"line":82,"column":null}}]}},"s":{"0":0,"1":0,"2":0,"3":0,"4":0,"5":0,"6":0,"7":0,"8":0,"9":0,"10":0,"11":0,"12":0,"13":0,"14":0},"f":{"0":0,"1":0,"2":0},"b":{"0":[0,0],"1":[0,0],"2":[0,0],"3":[0,0],"4":[0,0],"5":[0,0],"6":[0,0],"7":[0,0],"8":[0,0],"9":[0,0],"10":[0,0]}}
,"/Users/David/Projects/math-calc/src/app/[locale]/calculator/trojclenka/prima-umera/page.tsx": {"path":"/Users/David/Projects/math-calc/src/app/[locale]/calculator/trojclenka/prima-umera/page.tsx","statementMap":{"0":{"start":{"line":90,"column":0},"end":{"line":90,"column":15}},"1":{"start":{"line":4,"column":18},"end":{"line":4,"column":null}},"2":{"start":{"line":5,"column":20},"end":{"line":5,"column":null}},"3":{"start":{"line":6,"column":31},"end":{"line":6,"column":null}},"4":{"start":{"line":7,"column":26},"end":{"line":7,"column":null}},"5":{"start":{"line":8,"column":24},"end":{"line":8,"column":null}},"6":{"start":{"line":9,"column":57},"end":{"line":9,"column":null}},"7":{"start":{"line":13,"column":8},"end":{"line":13,"column":null}},"8":{"start":{"line":17,"column":33},"end":{"line":88,"column":null}},"9":{"start":{"line":18,"column":16},"end":{"line":18,"column":null}},"10":{"start":{"line":21,"column":19},"end":{"line":21,"column":null}},"11":{"start":{"line":22,"column":25},"end":{"line":22,"column":null}},"12":{"start":{"line":23,"column":18},"end":{"line":23,"column":null}},"13":{"start":{"line":24,"column":22},"end":{"line":24,"column":null}},"14":{"start":{"line":90,"column":15},"end":{"line":90,"column":null}}},"fnMap":{"0":{"name":"(anonymous_5)","decl":{"start":{"line":13,"column":2},"end":{"line":13,"column":8}},"loc":{"start":{"line":13,"column":8},"end":{"line":13,"column":null}}},"1":{"name":"(anonymous_6)","decl":{"start":{"line":13,"column":8},"end":{"line":13,"column":15}},"loc":{"start":{"line":13,"column":8},"end":{"line":13,"column":null}}},"2":{"name":"(anonymous_8)","decl":{"start":{"line":17,"column":33},"end":{"line":17,"column":null}},"loc":{"start":{"line":17,"column":33},"end":{"line":88,"column":null}}}},"branchMap":{"0":{"loc":{"start":{"line":21,"column":19},"end":{"line":21,"column":null}},"type":"binary-expr","locations":[{"start":{"line":21,"column":19},"end":{"line":21,"column":45}},{"start":{"line":21,"column":45},"end":{"line":21,"column":null}}]},"1":{"loc":{"start":{"line":22,"column":25},"end":{"line":22,"column":null}},"type":"binary-expr","locations":[{"start":{"line":22,"column":25},"end":{"line":22,"column":61}},{"start":{"line":22,"column":61},"end":{"line":22,"column":null}}]},"2":{"loc":{"start":{"line":23,"column":18},"end":{"line":23,"column":null}},"type":"binary-expr","locations":[{"start":{"line":23,"column":18},"end":{"line":23,"column":46}},{"start":{"line":23,"column":46},"end":{"line":23,"column":null}}]},"3":{"loc":{"start":{"line":24,"column":22},"end":{"line":24,"column":null}},"type":"binary-expr","locations":[{"start":{"line":24,"column":22},"end":{"line":24,"column":54}},{"start":{"line":24,"column":54},"end":{"line":24,"column":null}}]},"4":{"loc":{"start":{"line":36,"column":26},"end":{"line":36,"column":null}},"type":"binary-expr","locations":[{"start":{"line":36,"column":26},"end":{"line":36,"column":45}},{"start":{"line":36,"column":45},"end":{"line":36,"column":null}}]},"5":{"loc":{"start":{"line":61,"column":26},"end":{"line":61,"column":null}},"type":"binary-expr","locations":[{"start":{"line":61,"column":26},"end":{"line":61,"column":51}},{"start":{"line":61,"column":51},"end":{"line":61,"column":null}}]},"6":{"loc":{"start":{"line":65,"column":21},"end":{"line":65,"column":null}},"type":"binary-expr","locations":[{"start":{"line":65,"column":21},"end":{"line":65,"column":50}},{"start":{"line":65,"column":50},"end":{"line":65,"column":null}}]},"7":{"loc":{"start":{"line":66,"column":21},"end":{"line":66,"column":null}},"type":"binary-expr","locations":[{"start":{"line":66,"column":21},"end":{"line":66,"column":50}},{"start":{"line":66,"column":50},"end":{"line":66,"column":null}}]},"8":{"loc":{"start":{"line":67,"column":21},"end":{"line":67,"column":null}},"type":"binary-expr","locations":[{"start":{"line":67,"column":21},"end":{"line":67,"column":50}},{"start":{"line":67,"column":50},"end":{"line":67,"column":null}}]},"9":{"loc":{"start":{"line":75,"column":53},"end":{"line":75,"column":null}},"type":"binary-expr","locations":[{"start":{"line":75,"column":53},"end":{"line":75,"column":77}},{"start":{"line":75,"column":77},"end":{"line":75,"column":null}}]},"10":{"loc":{"start":{"line":78,"column":13},"end":{"line":82,"column":null}},"type":"binary-expr","locations":[{"start":{"line":78,"column":13},"end":{"line":78,"column":null}},{"start":{"line":79,"column":12},"end":{"line":82,"column":null}}]}},"s":{"0":0,"1":0,"2":0,"3":0,"4":0,"5":0,"6":0,"7":0,"8":0,"9":0,"10":0,"11":0,"12":0,"13":0,"14":0},"f":{"0":0,"1":0,"2":0},"b":{"0":[0,0],"1":[0,0],"2":[0,0],"3":[0,0],"4":[0,0],"5":[0,0],"6":[0,0],"7":[0,0],"8":[0,0],"9":[0,0],"10":[0,0]}}
,"/Users/David/Projects/math-calc/src/app/[locale]/calculator/zlomky/page.tsx": {"path":"/Users/David/Projects/math-calc/src/app/[locale]/calculator/zlomky/page.tsx","statementMap":{"0":{"start":{"line":111,"column":0},"end":{"line":111,"column":15}},"1":{"start":{"line":4,"column":18},"end":{"line":4,"column":null}},"2":{"start":{"line":5,"column":20},"end":{"line":5,"column":null}},"3":{"start":{"line":6,"column":31},"end":{"line":6,"column":null}},"4":{"start":{"line":7,"column":26},"end":{"line":7,"column":null}},"5":{"start":{"line":8,"column":24},"end":{"line":8,"column":null}},"6":{"start":{"line":9,"column":57},"end":{"line":9,"column":null}},"7":{"start":{"line":13,"column":8},"end":{"line":13,"column":null}},"8":{"start":{"line":17,"column":29},"end":{"line":109,"column":null}},"9":{"start":{"line":18,"column":16},"end":{"line":18,"column":null}},"10":{"start":{"line":21,"column":19},"end":{"line":21,"column":null}},"11":{"start":{"line":22,"column":25},"end":{"line":22,"column":null}},"12":{"start":{"line":23,"column":22},"end":{"line":23,"column":null}},"13":{"start":{"line":111,"column":15},"end":{"line":111,"column":null}}},"fnMap":{"0":{"name":"(anonymous_5)","decl":{"start":{"line":13,"column":2},"end":{"line":13,"column":8}},"loc":{"start":{"line":13,"column":8},"end":{"line":13,"column":null}}},"1":{"name":"(anonymous_6)","decl":{"start":{"line":13,"column":8},"end":{"line":13,"column":15}},"loc":{"start":{"line":13,"column":8},"end":{"line":13,"column":null}}},"2":{"name":"(anonymous_8)","decl":{"start":{"line":17,"column":29},"end":{"line":17,"column":null}},"loc":{"start":{"line":17,"column":29},"end":{"line":109,"column":null}}}},"branchMap":{"0":{"loc":{"start":{"line":21,"column":19},"end":{"line":21,"column":null}},"type":"binary-expr","locations":[{"start":{"line":21,"column":19},"end":{"line":21,"column":54}},{"start":{"line":21,"column":54},"end":{"line":21,"column":null}}]},"1":{"loc":{"start":{"line":22,"column":25},"end":{"line":22,"column":null}},"type":"binary-expr","locations":[{"start":{"line":22,"column":25},"end":{"line":22,"column":59}},{"start":{"line":22,"column":59},"end":{"line":22,"column":null}}]},"2":{"loc":{"start":{"line":23,"column":22},"end":{"line":23,"column":null}},"type":"binary-expr","locations":[{"start":{"line":23,"column":22},"end":{"line":23,"column":52}},{"start":{"line":23,"column":52},"end":{"line":23,"column":null}}]},"3":{"loc":{"start":{"line":35,"column":26},"end":{"line":35,"column":null}},"type":"binary-expr","locations":[{"start":{"line":35,"column":26},"end":{"line":35,"column":45}},{"start":{"line":35,"column":45},"end":{"line":35,"column":null}}]},"4":{"loc":{"start":{"line":52,"column":52},"end":{"line":52,"column":null}},"type":"binary-expr","locations":[{"start":{"line":52,"column":52},"end":{"line":52,"column":77}},{"start":{"line":52,"column":77},"end":{"line":52,"column":null}}]},"5":{"loc":{"start":{"line":54,"column":25},"end":{"line":54,"column":null}},"type":"binary-expr","locations":[{"start":{"line":54,"column":25},"end":{"line":54,"column":61}},{"start":{"line":54,"column":61},"end":{"line":54,"column":null}}]},"6":{"loc":{"start":{"line":55,"column":25},"end":{"line":55,"column":null}},"type":"binary-expr","locations":[{"start":{"line":55,"column":25},"end":{"line":55,"column":62}},{"start":{"line":55,"column":62},"end":{"line":55,"column":null}}]},"7":{"loc":{"start":{"line":56,"column":25},"end":{"line":56,"column":null}},"type":"binary-expr","locations":[{"start":{"line":56,"column":25},"end":{"line":56,"column":62}},{"start":{"line":56,"column":62},"end":{"line":56,"column":null}}]},"8":{"loc":{"start":{"line":57,"column":25},"end":{"line":57,"column":null}},"type":"binary-expr","locations":[{"start":{"line":57,"column":25},"end":{"line":57,"column":60}},{"start":{"line":57,"column":60},"end":{"line":57,"column":null}}]},"9":{"loc":{"start":{"line":58,"column":25},"end":{"line":58,"column":null}},"type":"binary-expr","locations":[{"start":{"line":58,"column":25},"end":{"line":58,"column":64}},{"start":{"line":58,"column":64},"end":{"line":58,"column":null}}]},"10":{"loc":{"start":{"line":59,"column":25},"end":{"line":59,"column":null}},"type":"binary-expr","locations":[{"start":{"line":59,"column":25},"end":{"line":59,"column":60}},{"start":{"line":59,"column":60},"end":{"line":59,"column":null}}]},"11":{"loc":{"start":{"line":68,"column":26},"end":{"line":68,"column":null}},"type":"binary-expr","locations":[{"start":{"line":68,"column":26},"end":{"line":68,"column":51}},{"start":{"line":68,"column":51},"end":{"line":68,"column":null}}]},"12":{"loc":{"start":{"line":73,"column":47},"end":{"line":73,"column":null}},"type":"binary-expr","locations":[{"start":{"line":73,"column":47},"end":{"line":73,"column":74}},{"start":{"line":73,"column":74},"end":{"line":73,"column":null}}]},"13":{"loc":{"start":{"line":79,"column":47},"end":{"line":79,"column":null}},"type":"binary-expr","locations":[{"start":{"line":79,"column":47},"end":{"line":79,"column":74}},{"start":{"line":79,"column":74},"end":{"line":79,"column":null}}]},"14":{"loc":{"start":{"line":85,"column":47},"end":{"line":85,"column":null}},"type":"binary-expr","locations":[{"start":{"line":85,"column":47},"end":{"line":85,"column":74}},{"start":{"line":85,"column":74},"end":{"line":85,"column":null}}]},"15":{"loc":{"start":{"line":97,"column":53},"end":{"line":97,"column":null}},"type":"binary-expr","locations":[{"start":{"line":97,"column":53},"end":{"line":97,"column":77}},{"start":{"line":97,"column":77},"end":{"line":97,"column":null}}]},"16":{"loc":{"start":{"line":100,"column":13},"end":{"line":103,"column":null}},"type":"binary-expr","locations":[{"start":{"line":100,"column":13},"end":{"line":100,"column":null}},{"start":{"line":101,"column":12},"end":{"line":103,"column":null}}]}},"s":{"0":0,"1":0,"2":0,"3":0,"4":0,"5":0,"6":0,"7":0,"8":0,"9":0,"10":0,"11":0,"12":0,"13":0},"f":{"0":0,"1":0,"2":0},"b":{"0":[0,0],"1":[0,0],"2":[0,0],"3":[0,0],"4":[0,0],"5":[0,0],"6":[0,0],"7":[0,0],"8":[0,0],"9":[0,0],"10":[0,0],"11":[0,0],"12":[0,0],"13":[0,0],"14":[0,0],"15":[0,0],"16":[0,0]}}
,"/Users/David/Projects/math-calc/src/app/[locale]/privacy-policy/page.tsx": {"path":"/Users/David/Projects/math-calc/src/app/[locale]/privacy-policy/page.tsx","statementMap":{"0":{"start":{"line":14,"column":0},"end":{"line":14,"column":15}},"1":{"start":{"line":2,"column":18},"end":{"line":2,"column":null}},"2":{"start":{"line":4,"column":36},"end":{"line":12,"column":null}},"3":{"start":{"line":14,"column":15},"end":{"line":14,"column":null}}},"fnMap":{"0":{"name":"(anonymous_2)","decl":{"start":{"line":4,"column":36},"end":{"line":4,"column":null}},"loc":{"start":{"line":4,"column":36},"end":{"line":12,"column":null}}}},"branchMap":{},"s":{"0":0,"1":0,"2":0,"3":0},"f":{"0":0},"b":{}}
,"/Users/David/Projects/math-calc/src/components/CookieBanner.tsx": {"path":"/Users/David/Projects/math-calc/src/components/CookieBanner.tsx","statementMap":{"0":{"start":{"line":72,"column":0},"end":{"line":72,"column":15}},"1":{"start":{"line":3,"column":36},"end":{"line":3,"column":null}},"2":{"start":{"line":5,"column":27},"end":{"line":5,"column":45}},"3":{"start":{"line":6,"column":30},"end":{"line":6,"column":null}},"4":{"start":{"line":7,"column":29},"end":{"line":7,"column":57}},"5":{"start":{"line":9,"column":21},"end":{"line":70,"column":null}},"6":{"start":{"line":10,"column":36},"end":{"line":10,"column":null}},"7":{"start":{"line":12,"column":2},"end":{"line":25,"column":null}},"8":{"start":{"line":14,"column":20},"end":{"line":14,"column":null}},"9":{"start":{"line":15,"column":4},"end":{"line":24,"column":null}},"10":{"start":{"line":17,"column":6},"end":{"line":17,"column":null}},"11":{"start":{"line":18,"column":11},"end":{"line":24,"column":null}},"12":{"start":{"line":20,"column":6},"end":{"line":20,"column":null}},"13":{"start":{"line":21,"column":11},"end":{"line":24,"column":null}},"14":{"start":{"line":23,"column":8},"end":{"line":23,"column":null}},"15":{"start":{"line":27,"column":23},"end":{"line":33,"column":null}},"16":{"start":{"line":29,"column":4},"end":{"line":29,"column":null}},"17":{"start":{"line":30,"column":4},"end":{"line":30,"column":null}},"18":{"start":{"line":32,"column":4},"end":{"line":32,"column":null}},"19":{"start":{"line":35,"column":22},"end":{"line":41,"column":null}},"20":{"start":{"line":37,"column":4},"end":{"line":37,"column":null}},"21":{"start":{"line":38,"column":4},"end":{"line":38,"column":null}},"22":{"start":{"line":40,"column":4},"end":{"line":40,"column":null}},"23":{"start":{"line":44,"column":2},"end":{"line":46,"column":null}},"24":{"start":{"line":45,"column":4},"end":{"line":45,"column":null}},"25":{"start":{"line":72,"column":15},"end":{"line":72,"column":null}}},"fnMap":{"0":{"name":"(anonymous_1)","decl":{"start":{"line":9,"column":21},"end":{"line":9,"column":null}},"loc":{"start":{"line":9,"column":21},"end":{"line":70,"column":null}}},"1":{"name":"(anonymous_2)","decl":{"start":{"line":12,"column":12},"end":{"line":12,"column":null}},"loc":{"start":{"line":12,"column":12},"end":{"line":25,"column":5}}},"2":{"name":"(anonymous_3)","decl":{"start":{"line":27,"column":23},"end":{"line":27,"column":null}},"loc":{"start":{"line":27,"column":23},"end":{"line":33,"column":null}}},"3":{"name":"(anonymous_4)","decl":{"start":{"line":35,"column":22},"end":{"line":35,"column":null}},"loc":{"start":{"line":35,"column":22},"end":{"line":41,"column":null}}}},"branchMap":{"0":{"loc":{"start":{"line":15,"column":4},"end":{"line":24,"column":null}},"type":"if","locations":[{"start":{"line":15,"column":4},"end":{"line":24,"column":null}},{"start":{"line":18,"column":11},"end":{"line":24,"column":null}}]},"1":{"loc":{"start":{"line":18,"column":11},"end":{"line":24,"column":null}},"type":"if","locations":[{"start":{"line":18,"column":11},"end":{"line":24,"column":null}},{"start":{"line":21,"column":11},"end":{"line":24,"column":null}}]},"2":{"loc":{"start":{"line":21,"column":11},"end":{"line":24,"column":null}},"type":"if","locations":[{"start":{"line":21,"column":11},"end":{"line":24,"column":null}},{"start":{},"end":{}}]},"3":{"loc":{"start":{"line":44,"column":2},"end":{"line":46,"column":null}},"type":"if","locations":[{"start":{"line":44,"column":2},"end":{"line":46,"column":null}},{"start":{},"end":{}}]}},"s":{"0":0,"1":0,"2":0,"3":0,"4":0,"5":0,"6":0,"7":0,"8":0,"9":0,"10":0,"11":0,"12":0,"13":0,"14":0,"15":0,"16":0,"17":0,"18":0,"19":0,"20":0,"21":0,"22":0,"23":0,"24":0,"25":0},"f":{"0":0,"1":0,"2":0,"3":0},"b":{"0":[0,0],"1":[0,0],"2":[0,0],"3":[0,0]}}
,"/Users/David/Projects/math-calc/src/components/ads/AdBanner.tsx": {"path":"/Users/David/Projects/math-calc/src/components/ads/AdBanner.tsx","statementMap":{"0":{"start":{"line":81,"column":0},"end":{"line":81,"column":15}},"1":{"start":{"line":3,"column":33},"end":{"line":3,"column":null}},"2":{"start":{"line":10,"column":42},"end":{"line":79,"column":null}},"3":{"start":{"line":12,"column":2},"end":{"line":35,"column":19}},"4":{"start":{"line":15,"column":19},"end":{"line":15,"column":null}},"5":{"start":{"line":16,"column":4},"end":{"line":16,"column":116}},"6":{"start":{"line":17,"column":4},"end":{"line":17,"column":null}},"7":{"start":{"line":18,"column":4},"end":{"line":18,"column":null}},"8":{"start":{"line":19,"column":4},"end":{"line":19,"column":null}},"9":{"start":{"line":22,"column":4},"end":{"line":27,"column":null}},"10":{"start":{"line":24,"column":7},"end":{"line":24,"column":null}},"11":{"start":{"line":26,"column":6},"end":{"line":26,"column":null}},"12":{"start":{"line":30,"column":5},"end":{"line":33,"column":null}},"13":{"start":{"line":38,"column":27},"end":{"line":38,"column":35}},"14":{"start":{"line":39,"column":17},"end":{"line":39,"column":37}},"15":{"start":{"line":40,"column":20},"end":{"line":40,"column":24}},"16":{"start":{"line":43,"column":2},"end":{"line":63,"column":null}},"17":{"start":{"line":45,"column":6},"end":{"line":45,"column":40}},"18":{"start":{"line":46,"column":6},"end":{"line":46,"column":44}},"19":{"start":{"line":47,"column":6},"end":{"line":47,"column":null}},"20":{"start":{"line":49,"column":6},"end":{"line":49,"column":35}},"21":{"start":{"line":50,"column":6},"end":{"line":50,"column":48}},"22":{"start":{"line":51,"column":6},"end":{"line":51,"column":null}},"23":{"start":{"line":53,"column":6},"end":{"line":53,"column":40}},"24":{"start":{"line":54,"column":6},"end":{"line":54,"column":45}},"25":{"start":{"line":55,"column":6},"end":{"line":55,"column":null}},"26":{"start":{"line":57,"column":6},"end":{"line":57,"column":65}},"27":{"start":{"line":58,"column":6},"end":{"line":58,"column":51}},"28":{"start":{"line":59,"column":6},"end":{"line":59,"column":null}},"29":{"start":{"line":61,"column":6},"end":{"line":61,"column":35}},"30":{"start":{"line":62,"column":6},"end":{"line":62,"column":45}},"31":{"start":{"line":81,"column":15},"end":{"line":81,"column":null}}},"fnMap":{"0":{"name":"(anonymous_4)","decl":{"start":{"line":10,"column":42},"end":{"line":10,"column":43}},"loc":{"start":{"line":10,"column":56},"end":{"line":79,"column":null}}},"1":{"name":"(anonymous_5)","decl":{"start":{"line":12,"column":12},"end":{"line":12,"column":null}},"loc":{"start":{"line":12,"column":12},"end":{"line":35,"column":5}}},"2":{"name":"(anonymous_6)","decl":{"start":{"line":30,"column":12},"end":{"line":30,"column":null}},"loc":{"start":{"line":30,"column":12},"end":{"line":33,"column":null}}}},"branchMap":{"0":{"loc":{"start":{"line":24,"column":28},"end":{"line":24,"column":52}},"type":"binary-expr","locations":[{"start":{"line":24,"column":28},"end":{"line":24,"column":46}},{"start":{"line":24,"column":50},"end":{"line":24,"column":52}}]},"1":{"loc":{"start":{"line":43,"column":2},"end":{"line":63,"column":null}},"type":"switch","locations":[{"start":{"line":44,"column":4},"end":{"line":47,"column":null}},{"start":{"line":48,"column":4},"end":{"line":51,"column":null}},{"start":{"line":52,"column":4},"end":{"line":55,"column":null}},{"start":{"line":56,"column":4},"end":{"line":59,"column":null}},{"start":{"line":60,"column":4},"end":{"line":62,"column":45}}]}},"s":{"0":0,"1":0,"2":0,"3":0,"4":0,"5":0,"6":0,"7":0,"8":0,"9":0,"10":0,"11":0,"12":0,"13":0,"14":0,"15":0,"16":0,"17":0,"18":0,"19":0,"20":0,"21":0,"22":0,"23":0,"24":0,"25":0,"26":0,"27":0,"28":0,"29":0,"30":0,"31":0},"f":{"0":0,"1":0,"2":0},"b":{"0":[0,0],"1":[0,0,0,0,0]}}
,"/Users/David/Projects/math-calc/src/components/animations/PageTransition.tsx": {"path":"/Users/David/Projects/math-calc/src/components/animations/PageTransition.tsx","statementMap":{"0":{"start":{"line":88,"column":0},"end":{"line":88,"column":15}},"1":{"start":{"line":1,"column":41},"end":{"line":1,"column":null}},"2":{"start":{"line":2,"column":26},"end":{"line":2,"column":null}},"3":{"start":{"line":3,"column":40},"end":{"line":3,"column":null}},"4":{"start":{"line":10,"column":21},"end":{"line":31,"column":null}},"5":{"start":{"line":33,"column":54},"end":{"line":86,"column":null}},"6":{"start":{"line":34,"column":17},"end":{"line":34,"column":null}},"7":{"start":{"line":35,"column":26},"end":{"line":35,"column":null}},"8":{"start":{"line":36,"column":17},"end":{"line":36,"column":null}},"9":{"start":{"line":39,"column":2},"end":{"line":70,"column":null}},"10":{"start":{"line":40,"column":35},"end":{"line":48,"column":null}},"11":{"start":{"line":42,"column":6},"end":{"line":42,"column":null}},"12":{"start":{"line":45,"column":6},"end":{"line":47,"column":null}},"13":{"start":{"line":50,"column":38},"end":{"line":61,"column":null}},"14":{"start":{"line":52,"column":6},"end":{"line":57,"column":null}},"15":{"start":{"line":53,"column":8},"end":{"line":53,"column":null}},"16":{"start":{"line":56,"column":8},"end":{"line":56,"column":null}},"17":{"start":{"line":60,"column":6},"end":{"line":60,"column":null}},"18":{"start":{"line":63,"column":4},"end":{"line":63,"column":null}},"19":{"start":{"line":64,"column":4},"end":{"line":64,"column":null}},"20":{"start":{"line":66,"column":4},"end":{"line":69,"column":null}},"21":{"start":{"line":67,"column":6},"end":{"line":67,"column":null}},"22":{"start":{"line":68,"column":6},"end":{"line":68,"column":null}},"23":{"start":{"line":88,"column":15},"end":{"line":88,"column":null}}},"fnMap":{"0":{"name":"(anonymous_4)","decl":{"start":{"line":33,"column":54},"end":{"line":33,"column":55}},"loc":{"start":{"line":33,"column":83},"end":{"line":86,"column":null}}},"1":{"name":"(anonymous_5)","decl":{"start":{"line":39,"column":12},"end":{"line":39,"column":null}},"loc":{"start":{"line":39,"column":12},"end":{"line":70,"column":5}}},"2":{"name":"(anonymous_6)","decl":{"start":{"line":40,"column":35},"end":{"line":40,"column":36}},"loc":{"start":{"line":40,"column":36},"end":{"line":48,"column":null}}},"3":{"name":"(anonymous_7)","decl":{"start":{"line":50,"column":38},"end":{"line":50,"column":39}},"loc":{"start":{"line":50,"column":39},"end":{"line":61,"column":null}}},"4":{"name":"(anonymous_8)","decl":{"start":{"line":66,"column":11},"end":{"line":66,"column":null}},"loc":{"start":{"line":66,"column":11},"end":{"line":69,"column":null}}}},"branchMap":{"0":{"loc":{"start":{"line":33,"column":67},"end":{"line":33,"column":81}},"type":"default-arg","locations":[{"start":{"line":33,"column":79},"end":{"line":33,"column":81}}]},"1":{"loc":{"start":{"line":45,"column":23},"end":{"line":47,"column":null}},"type":"binary-expr","locations":[{"start":{"line":45,"column":23},"end":{"line":45,"column":null}},{"start":{"line":46,"column":8},"end":{"line":46,"column":null}},{"start":{"line":47,"column":8},"end":{"line":47,"column":null}}]},"2":{"loc":{"start":{"line":52,"column":6},"end":{"line":57,"column":null}},"type":"if","locations":[{"start":{"line":52,"column":6},"end":{"line":57,"column":null}},{"start":{"line":54,"column":13},"end":{"line":57,"column":null}}]},"3":{"loc":{"start":{"line":52,"column":10},"end":{"line":52,"column":56}},"type":"binary-expr","locations":[{"start":{"line":52,"column":10},"end":{"line":52,"column":24}},{"start":{"line":52,"column":28},"end":{"line":52,"column":56}}]}},"s":{"0":0,"1":0,"2":0,"3":0,"4":0,"5":0,"6":0,"7":0,"8":0,"9":0,"10":0,"11":0,"12":0,"13":0,"14":0,"15":0,"16":0,"17":0,"18":0,"19":0,"20":0,"21":0,"22":0,"23":0},"f":{"0":0,"1":0,"2":0,"3":0,"4":0},"b":{"0":[0],"1":[0,0,0],"2":[0,0],"3":[0,0]}}
,"/Users/David/Projects/math-calc/src/components/calculators/AnnuityPaymentCalculator.tsx": {"path":"/Users/David/Projects/math-calc/src/components/calculators/AnnuityPaymentCalculator.tsx","statementMap":{"0":{"start":{"line":166,"column":0},"end":{"line":166,"column":15}},"1":{"start":{"line":2,"column":18},"end":{"line":2,"column":null}},"2":{"start":{"line":3,"column":31},"end":{"line":3,"column":null}},"3":{"start":{"line":4,"column":66},"end":{"line":4,"column":null}},"4":{"start":{"line":10,"column":43},"end":{"line":164,"column":null}},"5":{"start":{"line":11,"column":16},"end":{"line":11,"column":null}},"6":{"start":{"line":14,"column":36},"end":{"line":49,"column":null}},"7":{"start":{"line":52,"column":25},"end":{"line":54,"column":null}},"8":{"start":{"line":53,"column":4},"end":{"line":53,"column":null}},"9":{"start":{"line":57,"column":20},"end":{"line":95,"column":null}},"10":{"start":{"line":58,"column":14},"end":{"line":58,"column":52}},"11":{"start":{"line":59,"column":14},"end":{"line":59,"column":60}},"12":{"start":{"line":60,"column":14},"end":{"line":60,"column":50}},"13":{"start":{"line":62,"column":4},"end":{"line":64,"column":null}},"14":{"start":{"line":63,"column":6},"end":{"line":63,"column":null}},"15":{"start":{"line":67,"column":24},"end":{"line":67,"column":null}},"16":{"start":{"line":68,"column":24},"end":{"line":68,"column":null}},"17":{"start":{"line":71,"column":4},"end":{"line":78,"column":null}},"18":{"start":{"line":73,"column":6},"end":{"line":73,"column":null}},"19":{"start":{"line":76,"column":6},"end":{"line":77,"column":null}},"20":{"start":{"line":81,"column":25},"end":{"line":81,"column":null}},"21":{"start":{"line":82,"column":26},"end":{"line":82,"column":null}},"22":{"start":{"line":84,"column":4},"end":{"line":94,"column":null}},"23":{"start":{"line":98,"column":26},"end":{"line":142,"column":null}},"24":{"start":{"line":99,"column":4},"end":{"line":105,"column":null}},"25":{"start":{"line":121,"column":14},"end":{"line":121,"column":31}},"26":{"start":{"line":166,"column":15},"end":{"line":166,"column":null}}},"fnMap":{"0":{"name":"(anonymous_2)","decl":{"start":{"line":10,"column":43},"end":{"line":10,"column":null}},"loc":{"start":{"line":10,"column":43},"end":{"line":164,"column":null}}},"1":{"name":"(anonymous_3)","decl":{"start":{"line":52,"column":25},"end":{"line":52,"column":26}},"loc":{"start":{"line":52,"column":26},"end":{"line":54,"column":null}}},"2":{"name":"(anonymous_4)","decl":{"start":{"line":57,"column":20},"end":{"line":57,"column":21}},"loc":{"start":{"line":57,"column":21},"end":{"line":95,"column":null}}},"3":{"name":"(anonymous_5)","decl":{"start":{"line":98,"column":26},"end":{"line":98,"column":27}},"loc":{"start":{"line":98,"column":67},"end":{"line":142,"column":null}}},"4":{"name":"(anonymous_6)","decl":{"start":{"line":120,"column":32},"end":{"line":120,"column":33}},"loc":{"start":{"line":121,"column":14},"end":{"line":121,"column":31}}}},"branchMap":{"0":{"loc":{"start":{"line":58,"column":25},"end":{"line":58,"column":52}},"type":"binary-expr","locations":[{"start":{"line":58,"column":25},"end":{"line":58,"column":42}},{"start":{"line":58,"column":46},"end":{"line":58,"column":52}}]},"1":{"loc":{"start":{"line":59,"column":25},"end":{"line":59,"column":55}},"type":"binary-expr","locations":[{"start":{"line":59,"column":25},"end":{"line":59,"column":44}},{"start":{"line":59,"column":48},"end":{"line":59,"column":55}}]},"2":{"loc":{"start":{"line":60,"column":25},"end":{"line":60,"column":50}},"type":"binary-expr","locations":[{"start":{"line":60,"column":25},"end":{"line":60,"column":40}},{"start":{"line":60,"column":44},"end":{"line":60,"column":50}}]},"3":{"loc":{"start":{"line":62,"column":4},"end":{"line":64,"column":null}},"type":"if","locations":[{"start":{"line":62,"column":4},"end":{"line":64,"column":null}},{"start":{},"end":{}}]},"4":{"loc":{"start":{"line":62,"column":8},"end":{"line":62,"column":71}},"type":"binary-expr","locations":[{"start":{"line":62,"column":8},"end":{"line":62,"column":20}},{"start":{"line":62,"column":20},"end":{"line":62,"column":32}},{"start":{"line":62,"column":32},"end":{"line":62,"column":44}},{"start":{"line":62,"column":44},"end":{"line":62,"column":54}},{"start":{"line":62,"column":54},"end":{"line":62,"column":63}},{"start":{"line":62,"column":63},"end":{"line":62,"column":71}}]},"5":{"loc":{"start":{"line":71,"column":4},"end":{"line":78,"column":null}},"type":"if","locations":[{"start":{"line":71,"column":4},"end":{"line":78,"column":null}},{"start":{"line":74,"column":11},"end":{"line":78,"column":null}}]},"6":{"loc":{"start":{"line":99,"column":4},"end":{"line":105,"column":null}},"type":"if","locations":[{"start":{"line":99,"column":4},"end":{"line":105,"column":null}},{"start":{},"end":{}}]},"7":{"loc":{"start":{"line":118,"column":9},"end":{"line":118,"column":23}},"type":"binary-expr","locations":[{"start":{"line":118,"column":9},"end":{"line":118,"column":23}},{"start":{"line":118,"column":27},"end":{"line":118,"column":null}}]},"8":{"loc":{"start":{"line":121,"column":66},"end":{"line":121,"column":105}},"type":"cond-expr","locations":[{"start":{"line":121,"column":85},"end":{"line":121,"column":101}},{"start":{"line":121,"column":101},"end":{"line":121,"column":105}}]},"9":{"loc":{"start":{"line":131,"column":9},"end":{"line":131,"column":23}},"type":"binary-expr","locations":[{"start":{"line":131,"column":9},"end":{"line":131,"column":23}}]},"10":{"loc":{"start":{"line":135,"column":13},"end":{"line":135,"column":31}},"type":"binary-expr","locations":[{"start":{"line":135,"column":13},"end":{"line":135,"column":31}}]}},"s":{"0":0,"1":0,"2":0,"3":0
[...]
"column":4},"end":{"line":90,"column":null}},"34":{"start":{"line":94,"column":20},"end":{"line":94,"column":null}},"35":{"start":{"line":97,"column":2},"end":{"line":99,"column":null}},"36":{"start":{"line":98,"column":4},"end":{"line":98,"column":null}},"37":{"start":{"line":102,"column":2},"end":{"line":104,"column":null}},"38":{"start":{"line":103,"column":4},"end":{"line":103,"column":null}},"39":{"start":{"line":107,"column":2},"end":{"line":109,"column":null}},"40":{"start":{"line":108,"column":4},"end":{"line":108,"column":null}},"41":{"start":{"line":112,"column":16},"end":{"line":112,"column":null}},"42":{"start":{"line":113,"column":2},"end":{"line":117,"column":null}},"43":{"start":{"line":114,"column":4},"end":{"line":114,"column":null}},"44":{"start":{"line":114,"column":22},"end":{"line":114,"column":null}},"45":{"start":{"line":115,"column":4},"end":{"line":115,"column":null}},"46":{"start":{"line":115,"column":22},"end":{"line":115,"column":null}},"47":{"start":{"line":116,"column":4},"end":{"line":116,"column":35}},"48":{"start":{"line":116,"column":21},"end":{"line":116,"column":35}},"49":{"start":{"line":118,"column":2},"end":{"line":118,"column":35}},"50":{"start":{"line":118,"column":21},"end":{"line":118,"column":35}},"51":{"start":{"line":121,"column":2},"end":{"line":123,"column":null}},"52":{"start":{"line":122,"column":4},"end":{"line":122,"column":null}},"53":{"start":{"line":126,"column":2},"end":{"line":126,"column":null}},"54":{"start":{"line":135,"column":38},"end":{"line":229,"column":null}},"55":{"start":{"line":139,"column":2},"end":{"line":141,"column":null}},"56":{"start":{"line":140,"column":4},"end":{"line":140,"column":null}},"57":{"start":{"line":143,"column":2},"end":{"line":228,"column":null}},"58":{"start":{"line":145,"column":15},"end":{"line":145,"column":null}},"59":{"start":{"line":146,"column":4},"end":{"line":148,"column":null}},"60":{"start":{"line":147,"column":6},"end":{"line":147,"column":null}},"61":{"start":{"line":151,"column":21},"end":{"line":217,"column":null}},"62":{"start":{"line":152,"column":6},"end":{"line":216,"column":null}},"63":{"start":{"line":154,"column":8},"end":{"line":154,"column":null}},"64":{"start":{"line":157,"column":8},"end":{"line":169,"column":null}},"65":{"start":{"line":158,"column":28},"end":{"line":158,"column":null}},"66":{"start":{"line":159,"column":29},"end":{"line":159,"column":null}},"67":{"start":{"line":161,"column":10},"end":{"line":161,"column":46}},"68":{"start":{"line":161,"column":33},"end":{"line":161,"column":46}},"69":{"start":{"line":163,"column":26},"end":{"line":163,"column":null}},"70":{"start":{"line":164,"column":28},"end":{"line":164,"column":null}},"71":{"start":{"line":166,"column":10},"end":{"line":166,"column":null}},"72":{"start":{"line":166,"column":34},"end":{"line":166,"column":null}},"73":{"start":{"line":168,"column":10},"end":{"line":168,"column":null}},"74":{"start":{"line":172,"column":28},"end":{"line":172,"column":null}},"75":{"start":{"line":173,"column":20},"end":{"line":173,"column":null}},"76":{"start":{"line":175,"column":8},"end":{"line":192,"column":null}},"77":{"start":{"line":176,"column":42},"end":{"line":176,"column":null}},"78":{"start":{"line":177,"column":26},"end":{"line":177,"column":null}},"79":{"start":{"line":178,"column":27},"end":{"line":178,"column":null}},"80":{"start":{"line":180,"column":10},"end":{"line":180,"column":null}},"81":{"start":{"line":180,"column":49},"end":{"line":180,"column":null}},"82":{"start":{"line":183,"column":10},"end":{"line":188,"column":null}},"83":{"start":{"line":184,"column":12},"end":{"line":184,"column":null}},"84":{"start":{"line":186,"column":12},"end":{"line":186,"column":45}},"85":{"start":{"line":186,"column":32},"end":{"line":186,"column":45}},"86":{"start":{"line":187,"column":12},"end":{"line":187,"column":null}},"87":{"start":{"line":190,"column":10},"end":{"line":190,"column":null}},"88":{"start":{"line":191,"column":10},"end":{"line":191,"column":null}},"89":{"start":{"line":195,"column":28},"end":{"line":195,"column":null}},"90":{"start":{"line":196,"column":8},"end":{"line":196,"column":null}},"91":{"start":{"line":198,"column":8},"end":{"line":208,"column":null}},"92":{"start":{"line":199,"column":42},"end":{"line":199,"column":null}},"93":{"start":{"line":200,"column":26},"end":{"line":200,"column":null}},"94":{"start":{"line":201,"column":27},"end":{"line":201,"column":null}},"95":{"start":{"line":203,"column":10},"end":{"line":203,"column":null}},"96":{"start":{"line":203,"column":49},"end":{"line":203,"column":null}},"97":{"start":{"line":205,"column":25},"end":{"line":205,"column":null}},"98":{"start":{"line":206,"column":10},"end":{"line":206,"column":null}},"99":{"start":{"line":207,"column":10},"end":{"line":207,"column":null}},"100":{"start":{"line":211,"column":23},"end":{"line":211,"column":null}},"101":{"start":{"line":212,"column":8},"end":{"line":212,"column":null}},"102":{"start":{"line":215,"column":8},"end":{"line":215,"column":null}},"103":{"start":{"line":219,"column":19},"end":{"line":219,"column":null}},"104":{"start":{"line":221,"column":4},"end":{"line":223,"column":null}},"105":{"start":{"line":222,"column":6},"end":{"line":222,"column":null}},"106":{"start":{"line":225,"column":4},"end":{"line":225,"column":null}},"107":{"start":{"line":227,"column":4},"end":{"line":227,"column":null}},"108":{"start":{"line":239,"column":27},"end":{"line":254,"column":null}},"109":{"start":{"line":245,"column":2},"end":{"line":245,"column":null}},"110":{"start":{"line":245,"column":27},"end":{"line":245,"column":null}},"111":{"start":{"line":247,"column":19},"end":{"line":247,"column":44}},"112":{"start":{"line":248,"column":17},"end":{"line":248,"column":40}},"113":{"start":{"line":250,"column":2},"end":{"line":250,"column":null}},"114":{"start":{"line":250,"column":54},"end":{"line":250,"column":null}},"115":{"start":{"line":253,"column":2},"end":{"line":253,"column":null}},"116":{"start":{"line":263,"column":21},"end":{"line":285,"column":null}},"117":{"start":{"line":264,"column":27},"end":{"line":264,"column":29}},"118":{"start":{"line":266,"column":2},"end":{"line":268,"column":null}},"119":{"start":{"line":267,"column":4},"end":{"line":267,"column":null}},"120":{"start":{"line":270,"column":2},"end":{"line":278,"column":null}},"121":{"start":{"line":272,"column":4},"end":{"line":276,"column":null}},"122":{"start":{"line":273,"column":6},"end":{"line":275,"column":null}},"123":{"start":{"line":273,"column":19},"end":{"line":273,"column":26}},"124":{"start":{"line":274,"column":8},"end":{"line":274,"column":null}},"125":{"start":{"line":277,"column":4},"end":{"line":277,"column":null}},"126":{"start":{"line":280,"column":2},"end":{"line":282,"column":null}},"127":{"start":{"line":280,"column":15},"end":{"line":280,"column":22}},"128":{"start":{"line":281,"column":4},"end":{"line":281,"column":null}},"129":{"start":{"line":284,"column":2},"end":{"line":284,"column":null}}},"fnMap":{"0":{"name":"(anonymous_12)","decl":{"start":{"line":10,"column":29},"end":{"line":10,"column":30}},"loc":{"start":{"line":10,"column":30},"end":{"line":15,"column":null}}},"1":{"name":"(anonymous_13)","decl":{"start":{"line":23,"column":28},"end":{"line":23,"column":29}},"loc":{"start":{"line":23,"column":64},"end":{"line":25,"column":null}}},"2":{"name":"(anonymous_14)","decl":{"start":{"line":33,"column":27},"end":{"line":33,"column":28}},"loc":{"start":{"line":33,"column":67},"end":{"line":36,"column":null}}},"3":{"name":"(anonymous_15)","decl":{"start":{"line":44,"column":35},"end":{"line":44,"column":36}},"loc":{"start":{"line":44,"column":56},"end":{"line":46,"column":null}}},"4":{"name":"(anonymous_16)","decl":{"start":{"line":54,"column":41},"end":{"line":54,"column":42}},"loc":{"start":{"line":54,"column":60},"end":{"line":57,"column":null}}},"5":{"name":"(anonymous_17)","decl":{"start":{"line":65,"column":21},"end":{"line":65,"column":22}},"loc":{"start":{"line":65,"column":57},"end":{"line":68,"column":null}}},"6":{"name":"(anonymous_18)","decl":{"start":{"line":76,"column":38},"end":{"line":76,"column":39}},"loc":{"start":{"line":76,"column":74},"end":{"line":81,"column":null}}},"7":{"name":"(anonymous_19)","decl":{"start":{"line":88,"column":37},"end":{"line":88,"column":38}},"loc":{"start":{"line":88,"column":38},"end":{"line":127,"column":null}}},"8":{"name":"(anonymous_20)","decl":{"start":{"line":135,"column":38},"end":{"line":135,"column":null}},"loc":{"start":{"line":137,"column":40},"end":{"line":229,"column":null}}},"9":{"name":"(anonymous_21)","decl":{"start":{"line":146,"column":38},"end":{"line":146,"column":39}},"loc":{"start":{"line":146,"column":51},"end":{"line":148,"column":null}}},"10":{"name":"(anonymous_22)","decl":{"start":{"line":151,"column":21},"end":{"line":151,"column":22}},"loc":{"start":{"line":151,"column":22},"end":{"line":217,"column":null}}},"11":{"name":"(anonymous_23)","decl":{"start":{"line":239,"column":27},"end":{"line":239,"column":null}},"loc":{"start":{"line":243,"column":2},"end":{"line":254,"column":null}}},"12":{"name":"(anonymous_24)","decl":{"start":{"line":263,"column":21},"end":{"line":263,"column":22}},"loc":{"start":{"line":263,"column":66},"end":{"line":285,"column":null}}}},"branchMap":{"0":{"loc":{"start":{"line":11,"column":2},"end":{"line":13,"column":null}},"type":"if","locations":[{"start":{"line":11,"column":2},"end":{"line":13,"column":null}},{"start":{},"end":{}}]},"1":{"loc":{"start":{"line":11,"column":6},"end":{"line":11,"column":45}},"type":"binary-expr","locations":[{"start":{"line":11,"column":6},"end":{"line":11,"column":24}},{"start":{"line":11,"column":24},"end":{"line":11,"column":45}}]},"2":{"loc":{"start":{"line":14,"column":9},"end":{"line":14,"column":null}},"type":"binary-expr","locations":[{"start":{"line":14,"column":9},"end":{"line":14,"column":25}},{"start":{"line":14,"column":25},"end":{"line":14,"column":50}},{"start":{"line":14,"column":50},"end":{"line":14,"column":null}}]},"3":{"loc":{"start":{"line":23,"column":44},"end":{"line":23,"column":64}},"type":"default-arg","locations":[{"start":{"line":23,"column":63},"end":{"line":23,"column":64}}]},"4":{"loc":{"start":{"line":33,"column":43},"end":{"line":33,"column":67}},"type":"default-arg","locations":[{"start":{"line":33,"column":66},"end":{"line":33,"column":67}}]},"5":{"loc":{"start":{"line":35,"column":9},"end":{"line":35,"column":null}},"type":"cond-expr","locations":[{"start":{"line":35,"column":22},"end":{"line":35,"column":37}},{"start":{"line":35,"column":37},"end":{"line":35,"column":null}}]},"6":{"loc":{"start":{"line":55,"column":2},"end":{"line":55,"column":null}},"type":"if","locations":[{"start":{"line":55,"column":2},"end":{"line":55,"column":null}},{"start":{},"end":{}}]},"7":{"loc":{"start":{"line":65,"column":37},"end":{"line":65,"column":57}},"type":"default-arg","locations":[{"start":{"line":65,"column":56},"end":{"line":65,"column":57}}]},"8":{"loc":{"start":{"line":76,"column":54},"end":{"line":76,"column":74}},"type":"default-arg","locations":[{"start":{"line":76,"column":73},"end":{"line":76,"column":74}}]},"9":{"loc":{"start":{"line":89,"column":2},"end":{"line":91,"column":null}},"type":"if","locations":[{"start":{"line":89,"column":2},"end":{"line":91,"column":null}},{"start":{},"end":{}}]},"10":{"loc":{"start":{"line":89,"column":6},"end":{"line":89,"column":53}},"type":"binary-expr","locations":[{"start":{"line":89,"column":6},"end":{"line":89,"column":21}},{"start":{"line":89,"column":21},"end":{"line":89,"column":53}}]},"11":{"loc":{"start":{"line":97,"column":2},"end":{"line":99,"column":null}},"type":"if","locations":[{"start":{"line":97,"column":2},"end":{"line":99,"column":null}},{"start":{},"end":{}}]},"12":{"loc":{"start":{"line":102,"column":2},"end":{"line":104,"column":null}},"type":"if","locations":[{"start":{"line":102,"column":2},"end":{"line":104,"column":null}},{"start":{},"end":{}}]},"13":{"loc":{"start":{"line":107,"column":2},"end":{"line":109,"column":null}},"type":"if","locations":[{"start":{"line":107,"column":2},"end":{"line":109,"column":null}},{"start":{},"end":{}}]},"14":{"loc":{"start":{"line":114,"column":4},"end":{"line":114,"column":null}},"type":"if","locations":[{"start":{"line":114,"column":4},"end":{"line":114,"column":null}},{"start":{},"end":{}}]},"15":{"loc":{"start":{"line":115,"column":4},"end":{"line":115,"column":null}},"type":"if","locations":[{"start":{"line":115,"column":4},"end":{"line":115,"column":null}},{"start":{},"end":{}}]},"16":{"loc":{"start":{"line":116,"column":4},"end":{"line":116,"column":35}},"type":"if","locations":[{"start":{"line":116,"column":4},"end":{"line":116,"column":35}},{"start":{},"end":{}}]},"17":{"loc":{"start":{"line":118,"column":2},"end":{"line":118,"column":35}},"type":"if","locations":[{"start":{"line":118,"column":2},"end":{"line":118,"column":35}},{"start":{},"end":{}}]},"18":{"loc":{"start":{"line":121,"column":2},"end":{"line":123,"column":null}},"type":"if","locations":[{"start":{"line":121,"column":2},"end":{"line":123,"column":null}},{"start":{},"end":{}}]},"19":{"loc":{"start":{"line":137,"column":2},"end":{"line":137,"column":40}},"type":"default-arg","locations":[{"start":{"line":137,"column":38},"end":{"line":137,"column":40}}]},"20":{"loc":{"start":{"line":139,"column":2},"end":{"line":141,"column":null}},"type":"if","locations":[{"start":{"line":139,"column":2},"end":{"line":141,"column":null}},{"start":{},"end":{}}]},"21":{"loc":{"start":{"line":161,"column":10},"end":{"line":161,"column":46}},"type":"if","locations":[{"start":{"line":161,"column":10},"end":{"line":161,"column":46}},{"start":{},"end":{}}]},"22":{"loc":{"start":{"line":166,"column":10},"end":{"line":166,"column":null}},"type":"if","locations":[{"start":{"line":166,"column":10},"end":{"line":166,"column":null}},{"start":{},"end":{}}]},"23":{"loc":{"start":{"line":180,"column":10},"end":{"line":180,"column":null}},"type":"if","locations":[{"start":{"line":180,"column":10},"end":{"line":180,"column":null}},{"start":{},"end":{}}]},"24":{"loc":{"start":{"line":180,"column":14},"end":{"line":180,"column":49}},"type":"binary-expr","locations":[{"start":{"line":180,"column":14},"end":{"line":180,"column":32}},{"start":{"line":180,"column":32},"end":{"line":180,"column":49}}]},"25":{"loc":{"start":{"line":183,"column":10},"end":{"line":188,"column":null}},"type":"if","locations":[{"start":{"line":183,"column":10},"end":{"line":188,"column":null}},{"start":{"line":185,"column":17},"end":{"line":188,"column":null}}]},"26":{"loc":{"start":{"line":186,"column":12},"end":{"line":186,"column":45}},"type":"if","locations":[{"start":{"line":186,"column":12},"end":{"line":186,"column":45}},{"start":{},"end":{}}]},"27":{"loc":{"start":{"line":203,"column":10},"end":{"line":203,"column":null}},"type":"if","locations":[{"start":{"line":203,"column":10},"end":{"line":203,"column":null}},{"start":{},"end":{}}]},"28":{"loc":{"start":{"line":203,"column":14},"end":{"line":203,"column":49}},"type":"binary-expr","locations":[{"start":{"line":203,"column":14},"end":{"line":203,"column":32}},{"start":{"line":203,"column":32},"end":{"line":203,"column":49}}]},"29":{"loc":{"start":{"line":205,"column":25},"end":{"line":205,"column":null}},"type":"cond-expr","locations":[{"start":{"line":205,"column":38},"end":{"line":205,"column":59}},{"start":{"line":205,"column":59},"end":{"line":205,"column":null}}]},"30":{"loc":{"start":{"line":212,"column":15},"end":{"line":212,"column":null}},"type":"cond-expr","locations":[{"start":{"line":212,"column":31},"end":{"line":212,"column":38}},{"start":{"line":212,"column":38},"end":{"line":212,"column":null}}]},"31":{"loc":{"start":{"line":221,"column":4},"end":{"line":223,"column":null}},"type":"if","locations":[{"start":{"line":221,"column":4},"end":{"line":223,"column":null}},{"start":{},"end":{}}]},"32":{"loc":{"start":{"line":221,"column":8},"end":{"line":221,"column":46}},"type":"binary-expr","locations":[{"start":{"line":221,"column":8},"end":{"line":221,"column":27}},{"start":{"line":221,"column":27},"end":{"line":221,"column":46}}]},"33":{"loc":{"start":{"line":245,"column":2},"end":{"line":245,"column":null}},"type":"if","locations":[{"start":{"line":245,"column":2},"end":{"line":245,"column":null}},{"start":{},"end":{}}]},"34":{"loc":{"start":{"line":250,"column":2},"end":{"line":250,"column":null}},"type":"if","locations":[{"start":{"line":250,"column":2},"end":{"line":250,"column":null}},{"start":{},"end":{}}]},"35":{"loc":{"start":{"line":250,"column":6},"end":{"line":250,"column":54}},"type":"binary-expr","locations":[{"start":{"line":250,"column":6},"end":{"line":250,"column":32}},{"start":{"line":250,"column":32},"end":{"line":250,"column":54}}]},"36":{"loc":{"start":{"line":263,"column":50},"end":{"line":263,"column":66}},"type":"default-arg","locations":[{"start":{"line":263,"column":65},"end":{"line":263,"column":66}}]},"37":{"loc":{"start":{"line":266,"column":2},"end":{"line":268,"column":null}},"type":"if","locations":[{"start":{"line":266,"column":2},"end":{"line":268,"column":null}},{"start":{},"end":{}}]},"38":{"loc":{"start":{"line":270,"column":2},"end":{"line":278,"column":null}},"type":"if","locations":[{"start":{"line":270,"column":2},"end":{"line":278,"column":null}},{"start":{},"end":{}}]},"39":{"loc":{"start":{"line":270,"column":6},"end":{"line":270,"column":62}},"type":"binary-expr","locations":[{"start":{"line":270,"column":6},"end":{"line":270,"column":19}},{"start":{"line":270,"column":19},"end":{"line":270,"column":36}},{"start":{"line":270,"column":36},"end":{"line":270,"column":48}},{"start":{"line":270,"column":48},"end":{"line":270,"column":62}}]},"40":{"loc":{"start":{"line":272,"column":4},"end":{"line":276,"column":null}},"type":"if","locations":[{"start":{"line":272,"column":4},"end":{"line":276,"column":null}},{"start":{},"end":{}}]},"41":{"loc":{"start":{"line":272,"column":8},"end":{"line":272,"column":33}},"type":"binary-expr","locations":[{"start":{"line":272,"column":8},"end":{"line":272,"column":20}},{"start":{"line":272,"column":20},"end":{"line":272,"column":33}}]},"42":{"loc":{"start":{"line":280,"column":22},"end":{"line":280,"column":54}},"type":"cond-expr","locations":[{"start":{"line":280,"column":33},"end":{"line":280,"column":44}},{"start":{"line":280,"column":44},"end":{"line":280,"column":54}}]}},"s":{"0":13,"1":11,"2":23,"3":21,"4":11,"5":3,"6":18,"7":21,"8":12,"9":20,"10":3,"11":1,"12":21,"13":2,"14":19,"15":1,"16":11,"17":1,"18":12,"19":12,"20":1,"21":13,"22":1,"23":11,"24":1,"25":10,"26":1,"27":3,"28":3,"29":1,"30":3,"31":1,"32":39,"33":8,"34":31,"35":31,"36":2,"37":29,"38":17,"39":12,"40":2,"41":10,"42":10,"43":57,"44":3,"45":57,"46":4,"47":57,"48":1,"49":9,"50":0,"51":9,"52":1,"53":8,"54":1,"55":21,"56":16,"57":5,"58":5,"59":5,"60":0,"61":5,"62":7,"63":7,"64":7,"65":2,"66":2,"67":2,"68":0,"69":2,"70":2,"71":2,"72":0,"73":2,"74":7,"75":7,"76":7,"77":4,"78":4,"79":4,"80":4,"81":0,"82":4,"83":2,"84":2,"85":1,"86":1,"87":3,"88":3,"89":6,"90":6,"91":6,"92":4,"93":4,"94":4,"95":4,"96":0,"97":4,"98":4,"99":4,"100":6,"101":6,"102":0,"103":5,"104":5,"105":1,"106":4,"107":0,"108":1,"109":23,"110":0,"111":23,"112":22,"113":22,"114":6,"115":16,"116":1,"117":20,"118":20,"119":1,"120":19,"121":5,"122":0,"123":0,"124":0,"125":5,"126":14,"127":14,"128":52,"129":14},"f":{"0":21,"1":11,"2":12,"3":13,"4":11,"5":3,"6":3,"7":39,"8":21,"9":0,"10":7,"11":23,"12":20},"b":{"0":[2,19],"1":[21,20],"2":[19,18,13],"3":[1],"4":[7],"5":[6,6],"6":[1,10],"7":[0],"8":[2],"9":[8,31],"10":[39,33],"11":[2,29],"12":[17,12],"13":[2,10],"14":[3,54],"15":[4,53],"16":[1,56],"17":[0,9],"18":[1,8],"19":[18],"20":[16,5],"21":[0,2],"22":[0,2],"23":[0,4],"24":[4,4],"25":[2,2],"26":[1,1],"27":[0,4],"28":[4,4],"29":[4,0],"30":[0,6],"31":[1,4],"32":[5,4],"33":[0,23],"34":[6,16],"35":[22,19],"36":[8],"37":[1,19],"38":[5,14],"39":[19,14,16,4],"40":[0,5],"41":[5,2],"42":[54,12]}}
}
