TN:
SF:src/app/layout.tsx
FN:12,RootLayout
FN:13,(anonymous_3)
FN:14,(anonymous_4)
FN:36,(anonymous_5)
FN:77,(anonymous_6)
FNF:5
FNH:0
FNDA:0,RootLayout
FNDA:0,(anonymous_3)
FNDA:0,(anonymous_4)
FNDA:0,(anonymous_5)
FNDA:0,(anonymous_6)
DA:3,0
DA:4,0
DA:5,0
DA:6,0
DA:8,0
DA:9,0
DA:10,0
DA:12,0
DA:13,0
DA:14,0
DA:15,0
DA:18,0
DA:19,0
DA:23,0
DA:30,0
DA:31,0
DA:32,0
DA:36,0
DA:37,0
DA:40,0
DA:41,0
DA:53,0
DA:56,0
DA:59,0
DA:65,0
DA:66,0
DA:69,0
DA:70,0
DA:71,0
DA:72,0
DA:73,0
DA:77,0
DA:78,0
DA:79,0
LF:34
LH:0
BRDA:18,0,0,0
BRDA:18,0,1,0
BRDA:30,1,0,0
BRDA:30,1,1,0
BRDA:40,2,0,0
BRDA:40,2,1,0
BRDA:53,3,0,0
BRDA:53,3,1,0
BRDA:70,4,0,0
BRDA:70,4,1,0
BRDA:72,5,0,0
BRDA:72,5,1,0
BRF:12
BRH:0
end_of_record
TN:
SF:src/app/page.tsx
FN:7,Page
FN:13,(anonymous_2)
FNF:2
FNH:0
FNDA:0,Page
FNDA:0,(anonymous_2)
DA:1,0
DA:2,0
DA:4,0
DA:5,0
DA:7,0
DA:8,0
DA:9,0
DA:11,0
DA:12,0
DA:13,0
DA:14,0
DA:15,0
DA:16,0
DA:17,0
DA:22,0
LF:15
LH:0
BRDA:12,0,0,0
BRDA:12,0,1,0
BRDA:15,1,0,0
BRDA:15,1,1,0
BRF:4
BRH:0
end_of_record
TN:
SF:src/app/[locale]/layout.tsx
FN:3,RootLayout
FNF:1
FNH:0
FNDA:0,RootLayout
DA:1,0
DA:3,0
LF:2
LH:0
BRF:0
BRH:0
end_of_record
TN:
SF:src/app/[locale]/page.tsx
FN:10,(anonymous_2)
FNF:1
FNH:0
FNDA:0,(anonymous_2)
DA:2,0
DA:3,0
DA:4,0
DA:10,0
DA:12,0
DA:91,0
LF:6
LH:0
BRF:0
BRH:0
end_of_record
TN:
SF:src/app/[locale]/calculator/layout.tsx
FN:8,(anonymous_2)
FNF:1
FNH:0
FNDA:0,(anonymous_2)
DA:2,0
DA:8,0
DA:17,0
LF:3
LH:0
BRF:0
BRH:0
end_of_record
TN:
SF:src/app/[locale]/calculator/[category]/[name]/page.tsx
FN:40,(anonymous_6)
FN:59,(anonymous_7)
FN:59,(anonymous_8)
FNF:3
FNH:0
FNDA:0,(anonymous_6)
FNDA:0,(anonymous_7)
FNDA:0,(anonymous_8)
DA:1,0
DA:2,0
DA:3,0
DA:4,0
DA:5,0
DA:13,0
DA:40,0
DA:41,0
DA:43,0
DA:45,0
DA:46,0
DA:49,0
DA:51,0
DA:52,0
DA:53,0
DA:58,0
DA:59,0
DA:82,0
LF:18
LH:0
BRDA:45,0,0,0
BRDA:45,0,1,0
BRDA:51,1,0,0
BRDA:51,1,1,0
BRF:4
BRH:0
end_of_record
TN:
SF:src/app/[locale]/calculator/bmi/page.tsx
FN:13,(anonymous_5)
FN:13,(anonymous_6)
FN:20,(anonymous_8)
FN:67,(anonymous_9)
FN:128,(anonymous_10)
FNF:5
FNH:0
FNDA:0,(anonymous_5)
FNDA:0,(anonymous_6)
FNDA:0,(anonymous_8)
FNDA:0,(anonymous_9)
FNDA:0,(anonymous_10)
DA:4,0
DA:5,0
DA:6,0
DA:7,0
DA:8,0
DA:9,0
DA:13,0
DA:20,0
DA:21,0
DA:24,0
DA:25,0
DA:28,0
DA:68,0
DA:129,0
DA:145,0
LF:15
LH:0
BRDA:107,0,0,0
BRDA:115,1,0,0
BRDA:115,1,1,0
BRDA:123,2,0,0
BRDA:123,2,1,0
BRF:5
BRH:0
end_of_record
TN:
SF:src/app/[locale]/calculator/cista-mzda/page.tsx
FN:12,(anonymous_5)
FN:12,(anonymous_6)
FN:19,(anonymous_9)
FNF:3
FNH:0
FNDA:0,(anonymous_5)
FNDA:0,(anonymous_6)
FNDA:0,(anonymous_9)
DA:4,0
DA:5,0
DA:6,0
DA:7,0
DA:8,0
DA:12,0
DA:19,0
DA:20,0
DA:23,0
DA:24,0
DA:125,0
LF:11
LH:0
BRF:0
BRH:0
end_of_record
TN:
SF:src/app/[locale]/calculator/dph/page.tsx
FN:11,(anonymous_5)
FN:11,(anonymous_6)
FN:18,(anonymous_8)
FN:73,(anonymous_9)
FN:77,(anonymous_10)
FNF:5
FNH:0
FNDA:0,(anonymous_5)
FNDA:0,(anonymous_6)
FNDA:0,(anonymous_8)
FNDA:0,(anonymous_9)
FNDA:0,(anonymous_10)
DA:4,0
DA:5,0
DA:6,0
DA:7,0
DA:11,0
DA:18,0
DA:19,0
DA:22,0
DA:23,0
DA:26,0
DA:74,0
DA:78,0
DA:95,0
LF:13
LH:0
BRF:0
BRH:0
end_of_record
TN:
SF:src/app/[locale]/calculator/financie-rozsirene/anuitni-splatka/page.tsx
FN:12,(anonymous_5)
FN:12,(anonymous_6)
FN:19,(anonymous_9)
FNF:3
FNH:0
FNDA:0,(anonymous_5)
FNDA:0,(anonymous_6)
FNDA:0,(anonymous_9)
DA:4,0
DA:5,0
DA:6,0
DA:7,0
DA:8,0
DA:12,0
DA:19,0
DA:20,0
DA:118,0
LF:9
LH:0
BRF:0
BRH:0
end_of_record
TN:
SF:src/app/[locale]/calculator/financie-rozsirene/irr/page.tsx
FN:5,(anonymous_2)
FNF:1
FNH:0
FNDA:0,(anonymous_2)
DA:2,0
DA:5,0
DA:16,0
LF:3
LH:0
BRF:0
BRH:0
end_of_record
TN:
SF:src/app/[locale]/calculator/financie-rozsirene/npv/page.tsx
FN:5,(anonymous_2)
FNF:1
FNH:0
FNDA:0,(anonymous_2)
DA:2,0
DA:5,0
DA:16,0
LF:3
LH:0
BRF:0
BRH:0
end_of_record
TN:
SF:src/app/[locale]/calculator/financie-rozsirene/predcasne-splaceni/page.tsx
FN:5,(anonymous_2)
FNF:1
FNH:0
FNDA:0,(anonymous_2)
DA:2,0
DA:5,0
DA:16,0
LF:3
LH:0
BRF:0
BRH:0
end_of_record
TN:
SF:src/app/[locale]/calculator/financie-rozsirene/roi/page.tsx
FN:5,(anonymous_2)
FNF:1
FNH:0
FNDA:0,(anonymous_2)
DA:2,0
DA:5,0
DA:16,0
LF:3
LH:0
BRF:0
BRH:0
end_of_record
TN:
SF:src/app/[locale]/calculator/financie-rozsirene/slozene-uroceni/page.tsx
FN:16,(anonymous_6)
FN:16,(anonymous_7)
FN:23,(anonymous_10)
FNF:3
FNH:0
FNDA:0,(anonymous_6)
FNDA:0,(anonymous_7)
FNDA:0,(anonymous_10)
DA:4,0
DA:5,0
DA:6,0
DA:11,0
DA:12,0
DA:16,0
DA:23,0
DA:24,0
DA:104,0
LF:9
LH:0
BRF:0
BRH:0
end_of_record
TN:
SF:src/app/[locale]/calculator/fitness-a-zdravi/kalkulacka-1/page.tsx
FN:4,(anonymous_2)
FNF:1
FNH:0
FNDA:0,(anonymous_2)
DA:2,0
DA:4,0
DA:13,0
LF:3
LH:0
BRF:0
BRH:0
end_of_record
TN:
SF:src/app/[locale]/calculator/fitness-a-zdravi/kalkulacka-2/page.tsx
FN:4,(anonymous_2)
FNF:1
FNH:0
FNDA:0,(anonymous_2)
DA:2,0
DA:4,0
DA:13,0
LF:3
LH:0
BRF:0
BRH:0
end_of_record
TN:
SF:src/app/[locale]/calculator/fitness-a-zdravi/kalkulacka-3/page.tsx
FN:4,(anonymous_2)
FNF:1
FNH:0
FNDA:0,(anonymous_2)
DA:2,0
DA:4,0
DA:13,0
LF:3
LH:0
BRF:0
BRH:0
end_of_record
TN:
SF:src/app/[locale]/calculator/fitness-a-zdravi/kalkulacka-4/page.tsx
FN:4,(anonymous_2)
FNF:1
FNH:0
FNDA:0,(anonymous_2)
DA:2,0
DA:4,0
DA:13,0
LF:3
LH:0
BRF:0
BRH:0
end_of_record
TN:
SF:src/app/[locale]/calculator/fitness-a-zdravi/kalkulacka-5/page.tsx
FN:4,(anonymous_2)
FNF:1
FNH:0
FNDA:0,(anonymous_2)
DA:2,0
DA:4,0
DA:13,0
LF:3
LH:0
BRF:0
BRH:0
end_of_record
TN:
SF:src/app/[locale]/calculator/fitness-a-zdravi/kalkulacka-6/page.tsx
FN:4,(anonymous_2)
FNF:1
FNH:0
FNDA:0,(anonymous_2)
DA:2,0
DA:4,0
DA:13,0
LF:3
LH:0
BRF:0
BRH:0
end_of_record
TN:
SF:src/app/[locale]/calculator/prakticke-vypocty/kalkulacka-1/page.tsx
FN:4,(anonymous_2)
FNF:1
FNH:0
FNDA:0,(anonymous_2)
DA:2,0
DA:4,0
DA:13,0
LF:3
LH:0
BRF:0
BRH:0
end_of_record
TN:
SF:src/app/[locale]/calculator/prakticke-vypocty/kalkulacka-2/page.tsx
FN:4,(anonymous_2)
FNF:1
FNH:0
FNDA:0,(anonymous_2)
DA:2,0
DA:4,0
DA:13,0
LF:3
LH:0
BRF:0
BRH:0
end_of_record
TN:
SF:src/app/[locale]/calculator/prakticke-vypocty/kalkulacka-3/page.tsx
FN:4,(anonymous_2)
FNF:1
FNH:0
FNDA:0,(anonymous_2)
DA:2,0
DA:4,0
DA:13,0
LF:3
LH:0
BRF:0
BRH:0
end_of_record
TN:
SF:src/app/[locale]/calculator/prakticke-vypocty/kalkulacka-4/page.tsx
FN:4,(anonymous_2)
FNF:1
FNH:0
FNDA:0,(anonymous_2)
DA:2,0
DA:4,0
DA:13,0
LF:3
LH:0
BRF:0
BRH:0
end_of_record
TN:
SF:src/app/[locale]/calculator/prakticke-vypocty/kalkulacka-5/page.tsx
FN:4,(anonymous_2)
FNF:1
FNH:0
FNDA:0,(anonymous_2)
DA:2,0
DA:4,0
DA:13,0
LF:3
LH:0
BRF:0
BRH:0
end_of_record
TN:
SF:src/app/[locale]/calculator/prakticke-vypocty/kalkulacka-6/page.tsx
FN:4,(anonymous_2)
FNF:1
FNH:0
FNDA:0,(anonymous_2)
DA:2,0
DA:4,0
DA:13,0
LF:3
LH:0
BRF:0
BRH:0
end_of_record
TN:
SF:src/app/[locale]/calculator/procenta/kolik-procent-je-x-z-y/page.tsx
FN:13,(anonymous_5)
FN:13,(anonymous_6)
FN:17,(anonymous_8)
FN:114,(anonymous_9)
FNF:4
FNH:0
FNDA:0,(anonymous_5)
FNDA:0,(anonymous_6)
FNDA:0,(anonymous_8)
FNDA:0,(anonymous_9)
DA:4,0
DA:5,0
DA:6,0
DA:7,0
DA:8,0
DA:9,0
DA:13,0
DA:17,0
DA:18,0
DA:21,0
DA:22,0
DA:23,0
DA:24,0
DA:25,0
DA:28,0
DA:115,0
DA:131,0
LF:17
LH:0
BRDA:46,0,0,0
BRDA:93,1,0,0
BRDA:101,2,0,0
BRDA:101,2,1,0
BRDA:109,3,0,0
BRDA:109,3,1,0
BRF:6
BRH:0
end_of_record
TN:
SF:src/app/[locale]/calculator/procenta/procento-z-cisla/page.tsx
FN:13,(anonymous_5)
FN:13,(anonymous_6)
FN:17,(anonymous_8)
FNF:3
FNH:0
FNDA:0,(anonymous_5)
FNDA:0,(anonymous_6)
FNDA:0,(anonymous_8)
DA:4,0
DA:5,0
DA:6,0
DA:7,0
DA:8,0
DA:9,0
DA:13,0
DA:17,0
DA:18,0
DA:21,0
DA:22,0
DA:23,0
DA:24,0
DA:89,0
LF:14
LH:0
BRDA:21,0,0,0
BRDA:21,0,1,0
BRDA:22,1,0,0
BRDA:22,1,1,0
BRDA:23,2,0,0
BRDA:23,2,1,0
BRDA:24,3,0,0
BRDA:24,3,1,0
BRDA:36,4,0,0
BRDA:36,4,1,0
BRDA:61,5,0,0
BRDA:61,5,1,0
BRDA:65,6,0,0
BRDA:65,6,1,0
BRDA:66,7,0,0
BRDA:66,7,1,0
BRDA:67,8,0,0
BRDA:67,8,1,0
BRDA:75,9,0,0
BRDA:75,9,1,0
BRDA:78,10,0,0
BRDA:78,10,1,0
BRF:22
BRH:0
end_of_record
TN:
SF:src/app/[locale]/calculator/procenta/y-je-x-kolik-je-sto/page.tsx
FN:13,(anonymous_5)
FN:13,(anonymous_6)
FN:17,(anonymous_8)
FNF:3
FNH:0
FNDA:0,(anonymous_5)
FNDA:0,(anonymous_6)
FNDA:0,(anonymous_8)
DA:4,0
DA:5,0
DA:6,0
DA:7,0
DA:8,0
DA:9,0
DA:13,0
DA:17,0
DA:18,0
DA:21,0
DA:22,0
DA:23,0
DA:24,0
DA:88,0
LF:14
LH:0
BRDA:21,0,0,0
BRDA:21,0,1,0
BRDA:22,1,0,0
BRDA:22,1,1,0
BRDA:23,2,0,0
BRDA:23,2,1,0
BRDA:24,3,0,0
BRDA:24,3,1,0
BRDA:36,4,0,0
BRDA:36,4,1,0
BRDA:61,5,0,0
BRDA:61,5,1,0
BRDA:65,6,0,0
BRDA:65,6,1,0
BRDA:66,7,0,0
BRDA:66,7,1,0
BRDA:67,8,0,0
BRDA:67,8,1,0
BRDA:75,9,0,0
BRDA:75,9,1,0
BRDA:78,10,0,0
BRDA:78,10,1,0
BRF:22
BRH:0
end_of_record
TN:
SF:src/app/[locale]/calculator/trojclenka/neprima-umera/page.tsx
FN:13,(anonymous_5)
FN:13,(anonymous_6)
FN:17,(anonymous_8)
FNF:3
FNH:0
FNDA:0,(anonymous_5)
FNDA:0,(anonymous_6)
FNDA:0,(anonymous_8)
DA:4,0
DA:5,0
DA:6,0
DA:7,0
DA:8,0
DA:9,0
DA:13,0
DA:17,0
DA:18,0
DA:21,0
DA:22,0
DA:23,0
DA:24,0
DA:90,0
LF:14
LH:0
BRDA:21,0,0,0
BRDA:21,0,1,0
BRDA:22,1,0,0
BRDA:22,1,1,0
BRDA:23,2,0,0
BRDA:23,2,1,0
BRDA:24,3,0,0
BRDA:24,3,1,0
BRDA:36,4,0,0
BRDA:36,4,1,0
BRDA:61,5,0,0
BRDA:61,5,1,0
BRDA:65,6,0,0
BRDA:65,6,1,0
BRDA:66,7,0,0
BRDA:66,7,1,0
BRDA:67,8,0,0
BRDA:67,8,1,0
BRDA:75,9,0,0
BRDA:75,9,1,0
BRDA:78,10,0,0
BRDA:78,10,1,0
BRF:22
BRH:0
end_of_record
TN:
SF:src/app/[locale]/calculator/trojclenka/prima-umera/page.tsx
FN:13,(anonymous_5)
FN:13,(anonymous_6)
FN:17,(anonymous_8)
FNF:3
FNH:0
FNDA:0,(anonymous_5)
FNDA:0,(anonymous_6)
FNDA:0,(anonymous_8)
DA:4,0
DA:5,0
DA:6,0
DA:7,0
DA:8,0
DA:9,0
DA:13,0
DA:17,0
DA:18,0
DA:21,0
DA:22,0
DA:23,0
DA:24,0
DA:90,0
LF:14
LH:0
BRDA:21,0,0,0
BRDA:21,0,1,0
BRDA:22,1,0,0
BRDA:22,1,1,0
BRDA:23,2,0,0
BRDA:23,2,1,0
BRDA:24,3,0,0
BRDA:24,3,1,0
BRDA:36,4,0,0
BRDA:36,4,1,0
BRDA:61,5,0,0
BRDA:61,5,1,0
BRDA:65,6,0,0
BRDA:65,6,1,0
BRDA:66,7,0,0
BRDA:66,7,1,0
BRDA:67,8,0,0
BRDA:67,8,1,0
BRDA:75,9,0,0
BRDA:75,9,1,0
BRDA:78,10,0,0
BRDA:78,10,1,0
BRF:22
BRH:0
end_of_record
TN:
SF:src/app/[locale]/calculator/zlomky/page.tsx
FN:13,(anonymous_5)
FN:13,(anonymous_6)
FN:17,(anonymous_8)
FNF:3
FNH:0
FNDA:0,(anonymous_5)
FNDA:0,(anonymous_6)
FNDA:0,(anonymous_8)
DA:4,0
DA:5,0
DA:6,0
DA:7,0
DA:8,0
DA:9,0
DA:13,0
DA:17,0
DA:18,0
DA:21,0
DA:22,0
DA:23,0
DA:111,0
LF:13
LH:0
BRDA:21,0,0,0
BRDA:21,0,1,0
BRDA:22,1,0,0
BRDA:22,1,1,0
BRDA:23,2,0,0
BRDA:23,2,1,0
BRDA:35,3,0,0
BRDA:35,3,1,0
BRDA:52,4,0,0
BRDA:52,4,1,0
BRDA:54,5,0,0
BRDA:54,5,1,0
BRDA:55,6,0,0
BRDA:55,6,1,0
BRDA:56,7,0,0
BRDA:56,7,1,0
BRDA:57,8,0,0
BRDA:57,8,1,0
BRDA:58,9,0,0
BRDA:58,9,1,0
BRDA:59,10,0,0
BRDA:59,10,1,0
BRDA:68,11,0,0
BRDA:68,11,1,0
BRDA:73,12,0,0
BRDA:73,12,1,0
BRDA:79,13,0,0
BRDA:79,13,1,0
BRDA:85,14,0,0
BRDA:85,14,1,0
BRDA:97,15,0,0
BRDA:97,15,1,0
BRDA:100,16,0,0
BRDA:100,16,1,0
BRF:34
BRH:0
end_of_record
TN:
SF:src/app/[locale]/privacy-policy/page.tsx
FN:4,(anonymous_2)
FNF:1
FNH:0
FNDA:0,(anonymous_2)
DA:2,0
DA:4,0
DA:14,0
LF:3
LH:0
BRF:0
BRH:0
end_of_record
TN:
SF:src/components/CookieBanner.tsx
FN:9,(anonymous_1)
FN:12,(anonymous_2)
FN:27,(anonymous_3)
FN:35,(anonymous_4)
FNF:4
FNH:0
FNDA:0,(anonymous_1)
FNDA:0,(anonymous_2)
FNDA:0,(anonymous_3)
FNDA:0,(anonymous_4)
DA:3,0
DA:5,0
DA:6,0
DA:7,0
DA:9,0
DA:10,0
DA:12,0
DA:14,0
DA:15,0
DA:17,0
DA:18,0
DA:20,0
DA:21,0
DA:23,0
DA:27,0
DA:29,0
DA:30,0
DA:32,0
DA:35,0
DA:37,0
DA:38,0
DA:40,0
DA:44,0
DA:45,0
DA:72,0
LF:25
LH:0
BRDA:15,0,0,0
BRDA:15,0,1,0
BRDA:18,1,0,0
BRDA:18,1,1,0
BRDA:21,2,0,0
BRDA:21,2,1,0
BRDA:44,3,0,0
BRDA:44,3,1,0
BRF:8
BRH:0
end_of_record
TN:
SF:src/components/ads/AdBanner.tsx
FN:10,(anonymous_4)
FN:12,(anonymous_5)
FN:30,(anonymous_6)
FNF:3
FNH:0
FNDA:0,(anonymous_4)
FNDA:0,(anonymous_5)
FNDA:0,(anonymous_6)
DA:3,0
DA:10,0
DA:12,0
DA:15,0
DA:16,0
DA:17,0
DA:18,0
DA:19,0
DA:22,0
DA:24,0
DA:26,0
DA:30,0
DA:38,0
DA:39,0
DA:40,0
DA:43,0
DA:45,0
DA:46,0
DA:47,0
DA:49,0
DA:50,0
DA:51,0
DA:53,0
DA:54,0
DA:55,0
DA:57,0
DA:58,0
DA:59,0
DA:61,0
DA:62,0
DA:81,0
LF:31
LH:0
BRDA:24,0,0,0
BRDA:24,0,1,0
BRDA:43,1,0,0
BRDA:43,1,1,0
BRDA:43,1,2,0
BRDA:43,1,3,0
BRDA:43,1,4,0
BRF:7
BRH:0
end_of_record
TN:
SF:src/components/animations/PageTransition.tsx
FN:33,(anonymous_4)
FN:39,(anonymous_5)
FN:40,(anonymous_6)
FN:50,(anonymous_7)
FN:66,(anonymous_8)
FNF:5
FNH:0
FNDA:0,(anonymous_4)
FNDA:0,(anonymous_5)
FNDA:0,(anonymous_6)
FNDA:0,(anonymous_7)
FNDA:0,(anonymous_8)
DA:1,0
DA:2,0
DA:3,0
DA:10,0
DA:33,0
DA:34,0
DA:35,0
DA:36,0
DA:39,0
DA:40,0
DA:42,0
DA:45,0
DA:50,0
DA:52,0
DA:53,0
DA:56,0
DA:60,0
DA:63,0
DA:64,0
DA:66,0
DA:67,0
DA:68,0
DA:88,0
LF:23
LH:0
BRDA:33,0,0,0
BRDA:45,1,0,0
BRDA:45,1,1,0
BRDA:45,1,2,0
BRDA:52,2,0,0
BRDA:52,2,1,0
BRDA:52,3,0,0
BRDA:52,3,1,0
BRF:8
BRH:0
end_of_record
TN:
SF:src/components/calculators/AnnuityPaymentCalculator.tsx
FN:10,(anonymous_2)
FN:52,(anonymous_3)
FN:57,(anonymous_4)
FN:98,(anonymous_5)
FN:120,(anonymous_6)
FNF:5
FNH:0
FNDA:0,(anonymous_2)
FNDA:0,(anonymous_3)
FNDA:0,(anonymous_4)
FNDA:0,(anonymous_5)
FNDA:0,(anonymous_6)
DA:2,0
DA:3,0
DA:4,0
DA:10,0
DA:11,0
DA:14,0
DA:52,0
DA:53,0
DA:57,0
DA:58,0
DA:59,0
DA:60,0
DA:62,0
DA:63,0
DA:67,0
DA:68,0
DA:71,0
DA:73,0
DA:76,0
DA:81,0
DA:82,0
DA:84,0
DA:98,0
DA:99,0
DA:121,0
DA:166,0
LF:26
LH:0
BRDA:58,0,0,0
BRDA:58,0,1,0
BRDA:59,1,0,0
BRDA:59,1,1,0
BRDA:60,2,0,0
BRDA:60,2,1,0
BRDA:62,3,0,0
BRDA:62,3,1,0
BRDA:62,4,0,0
BRDA:62,4,1,0
BRDA:62,4,2,0
BRDA:62,4,3,0
BRDA:62,4,4,0
BRDA:62,4,5,0
BRDA:71,5,0,0
BRDA:71,5,1,0
BRDA:99,6,0,0
BRDA:99,6,1,0
BRDA:118,7,0,0
BRDA:118,7,1,0
BRDA:121,8,0,0
BRDA:121,8,1,0
BRDA:131,9,0,0
BRDA:135,10,0,0
BRF:24
BRH:0
end_of_record
TN:
SF:src/components/calculators/BMICalculator.tsx
FN:17,(anonymous_2)
FN:46,(anonymous_3)
FN:95,(anonymous_5)
FNF:3
FNH:0
FNDA:0,(anonymous_2)
FNDA:0,(anonymous_3)
FNDA:0,(anonymous_5)
DA:2,0
DA:3,0
DA:4,0
DA:5,0
DA:9,0
DA:17,0
DA:18,0
DA:20,0
DA:46,0
DA:47,0
DA:48,0
DA:50,0
DA:51,0
DA:57,0
DA:58,0
DA:59,0
DA:61,0
DA:62,0
DA:63,0
DA:64,0
DA:65,0
DA:66,0
DA:67,0
DA:68,0
DA:69,0
DA:71,0
DA:72,0
DA:75,0
DA:96,0
DA:186,0
LF:30
LH:0
BRDA:50,0,0,0
BRDA:50,0,1,0
BRDA:50,1,0,0
BRDA:50,1,1,0
BRDA:50,1,2,0
BRDA:50,1,3,0
BRDA:61,2,0,0
BRDA:61,2,1,0
BRDA:64,3,0,0
BRDA:64,3,1,0
BRDA:67,4,0,0
BRDA:67,4,1,0
BRDA:93,5,0,0
BRDA:100,6,0,0
BRDA:100,6,1,0
BRDA:101,7,0,0
BRDA:101,7,1,0
BRDA:107,8,0,0
BRDA:114,9,0,0
BRF:19
BRH:0
end_of_record
TN:
SF:src/components/calculators/CalculatorBase.tsx
FN:48,(anonymous_4)
FN:60,(anonymous_5)
FN:62,(anonymous_6)
FN:72,(anonymous_7)
FN:76,(anonymous_8)
FN:106,(anonymous_9)
FN:107,(anonymous_10)
FN:114,(anonymous_11)
FN:122,(anonymous_12)
FN:131,(anonymous_13)
FN:136,(anonymous_14)
FN:145,(anonymous_15)
FN:161,(anonymous_16)
FN:194,(anonymous_17)
FN:214,(anonymous_18)
FNF:15
FNH:0
FNDA:0,(anonymous_4)
FNDA:0,(anonymous_5)
FNDA:0,(anonymous_6)
FNDA:0,(anonymous_7)
FNDA:0,(anonymous_8)
FNDA:0,(anonymous_9)
FNDA:0,(anonymous_10)
FNDA:0,(anonymous_11)
FNDA:0,(anonymous_12)
FNDA:0,(anonymous_13)
FNDA:0,(anonymous_14)
FNDA:0,(anonymous_15)
FNDA:0,(anonymous_16)
FNDA:0,(anonymous_17)
FNDA:0,(anonymous_18)
DA:2,0
DA:3,0
DA:48,0
DA:57,0
DA:60,0
DA:61,0
DA:62,0
DA:63,0
DA:65,0
DA:68,0
DA:69,0
DA:72,0
DA:73,0
DA:74,0
DA:76,0
DA:77,0
DA:80,0
DA:81,0
DA:82,0
DA:86,0
DA:87,0
DA:89,0
DA:90,0
DA:91,0
DA:94,0
DA:95,0
DA:96,0
DA:101,0
DA:102,0
DA:106,0
DA:107,0
DA:114,0
DA:115,0
DA:116,0
DA:117,0
DA:118,0
DA:120,0
DA:122,0
DA:131,0
DA:132,0
DA:136,0
DA:137,0
DA:138,0
DA:139,0
DA:141,0
DA:146,0
DA:153,0
DA:162,0
DA:194,0
DA:215,0
DA:248,0
LF:51
LH:0
BRDA:55,0,0,0
BRDA:63,1,0,0
BRDA:63,1,1,0
BRDA:80,2,0,0
BRDA:80,2,1,0
BRDA:80,3,0,0
BRDA:80,3,1,0
BRDA:80,3,2,0
BRDA:80,3,3,0
BRDA:86,4,0,0
BRDA:86,4,1,0
BRDA:86,5,0,0
BRDA:86,5,1,0
BRDA:89,6,0,0
BRDA:89,6,1,0
BRDA:89,7,0,0
BRDA:89,7,1,0
BRDA:94,8,0,0
BRDA:94,8,1,0
BRDA:94,9,0,0
BRDA:94,9,1,0
BRDA:115,10,0,0
BRDA:115,10,1,0
BRDA:137,11,0,0
BRDA:144,12,0,0
BRDA:144,12,1,0
BRDA:148,13,0,0
BRDA:148,13,1,0
BRDA:160,14,0,0
BRDA:174,15,0,0
BRDA:182,16,0,0
BRDA:183,17,0,0
BRDA:191,18,0,0
BRDA:197,19,0,0
BRDA:203,20,0,0
BRDA:208,21,0,0
BRDA:212,22,0,0
BRDA:212,22,1,0
BRDA:218,23,0,0
BRDA:218,23,1,0
BRDA:225,24,0,0
BRDA:232,25,0,0
BRDA:241,26,0,0
BRF:43
BRH:0
end_of_record
TN:
SF:src/components/calculators/CompoundInterestCalculator.tsx
FN:12,(anonymous_2)
FN:76,(anonymous_3)
FN:150,(anonymous_5)
FNF:3
FNH:0
FNDA:0,(anonymous_2)
FNDA:0,(anonymous_3)
FNDA:0,(anonymous_5)
DA:2,0
DA:3,0
DA:4,0
DA:6,0
DA:7,0
DA:12,0
DA:13,0
DA:15,0
DA:76,0
DA:77,0
DA:78,0
DA:79,0
DA:80,0
DA:81,0
DA:84,0
DA:92,0
DA:93,0
DA:94,0
DA:97,0
DA:100,0
DA:101,0
DA:102,0
DA:105,0
DA:106,0
DA:108,0
DA:151,0
DA:193,0
LF:27
LH:0
BRDA:77,0,0,0
BRDA:77,0,1,0
BRDA:78,1,0,0
BRDA:78,1,1,0
BRDA:79,2,0,0
BRDA:79,2,1,0
BRDA:80,3,0,0
BRDA:80,3,1,0
BRDA:81,4,0,0
BRDA:81,4,1,0
BRDA:100,5,0,0
BRDA:100,5,1,0
BRDA:123,6,0,0
BRDA:123,6,1,0
BRDA:124,7,0,0
BRDA:124,7,1,0
BRDA:125,8,0,0
BRDA:125,8,1,0
BRDA:126,9,0,0
BRDA:126,9,1,0
BRDA:156,10,0,0
BRDA:156,10,1,0
BRF:22
BRH:0
end_of_record
TN:
SF:src/components/calculators/DirectProportionCalculator.tsx
FN:6,(anonymous_2)
FN:41,(anonymous_3)
FN:71,(anonymous_4)
FN:93,(anonymous_5)
FNF:4
FNH:0
FNDA:0,(anonymous_2)
FNDA:0,(anonymous_3)
FNDA:0,(anonymous_4)
FNDA:0,(anonymous_5)
DA:2,0
DA:3,0
DA:4,0
DA:6,0
DA:7,0
DA:10,0
DA:41,0
DA:42,0
DA:43,0
DA:44,0
DA:46,0
DA:47,0
DA:50,0
DA:52,0
DA:71,0
DA:72,0
DA:94,0
DA:149,0
LF:18
LH:0
BRDA:13,0,0,0
BRDA:13,0,1,0
BRDA:16,1,0,0
BRDA:16,1,1,0
BRDA:18,2,0,0
BRDA:18,2,1,0
BRDA:22,3,0,0
BRDA:22,3,1,0
BRDA:25,4,0,0
BRDA:25,4,1,0
BRDA:27,5,0,0
BRDA:27,5,1,0
BRDA:31,6,0,0
BRDA:31,6,1,0
BRDA:34,7,0,0
BRDA:34,7,1,0
BRDA:36,8,0,0
BRDA:36,8,1,0
BRDA:42,9,0,0
BRDA:42,9,1,0
BRDA:43,10,0,0
BRDA:43,10,1,0
BRDA:44,11,0,0
BRDA:44,11,1,0
BRDA:46,12,0,0
BRDA:46,12,1,0
BRDA:46,13,0,0
BRDA:46,13,1,0
BRDA:46,13,2,0
BRDA:46,13,3,0
BRDA:56,14,0,0
BRDA:56,14,1,0
BRDA:61,15,0,0
BRDA:61,15,1,0
BRDA:66,16,0,0
BRDA:66,16,1,0
BRDA:72,17,0,0
BRDA:72,17,1,0
BRDA:75,18,0,0
BRDA:75,18,1,0
BRDA:84,19,0,0
BRDA:84,19,1,0
BRDA:91,20,0,0
BRDA:91,20,1,0
BRDA:94,21,0,0
BRDA:94,21,1,0
BRDA:97,22,0,0
BRDA:97,22,1,0
BRDA:104,23,0,0
BRDA:106,24,0,0
BRDA:106,24,1,0
BRDA:111,25,0,0
BRDA:123,26,0,0
BRDA:123,26,1,0
BRDA:125,27,0,0
BRDA:125,27,1,0
BRDA:130,28,0,0
BRDA:130,28,1,0
BRDA:132,29,0,0
BRDA:132,29,1,0
BRDA:135,30,0,0
BRDA:135,30,1,0
BRDA:136,31,0,0
BRDA:136,31,1,0
BRDA:137,32,0,0
BRDA:137,32,1,0
BRDA:138,33,0,0
BRDA:138,33,1,0
BRDA:139,34,0,0
BRDA:139,34,1,0
BRF:70
BRH:0
end_of_record
TN:
SF:src/components/calculators/FractionsCalculator.tsx
FN:9,(anonymous_5)
FN:9,(anonymous_6)
FN:9,(anonymous_7)
FN:15,(anonymous_9)
FN:15,(anonymous_10)
FN:19,(anonymous_12)
FN:19,(anonymous_13)
FN:23,(anonymous_15)
FN:23,(anonymous_16)
FN:27,(anonymous_18)
FN:27,(anonymous_19)
FN:31,(anonymous_21)
FN:31,(anonymous_22)
FN:35,(anonymous_24)
FN:35,(anonymous_25)
FN:39,(anonymous_27)
FN:43,(anonymous_28)
FN:65,(anonymous_29)
FN:74,(anonymous_30)
FN:98,(anonymous_31)
FNF:20
FNH:0
FNDA:0,(anonymous_5)
FNDA:0,(anonymous_6)
FNDA:0,(anonymous_7)
FNDA:0,(anonymous_9)
FNDA:0,(anonymous_10)
FNDA:0,(anonymous_12)
FNDA:0,(anonymous_13)
FNDA:0,(anonymous_15)
FNDA:0,(anonymous_16)
FNDA:0,(anonymous_18)
FNDA:0,(anonymous_19)
FNDA:0,(anonymous_21)
FNDA:0,(anonymous_22)
FNDA:0,(anonymous_24)
FNDA:0,(anonymous_25)
FNDA:0,(anonymous_27)
FNDA:0,(anonymous_28)
FNDA:0,(anonymous_29)
FNDA:0,(anonymous_30)
FNDA:0,(anonymous_31)
DA:2,0
DA:3,0
DA:5,0
DA:9,0
DA:15,0
DA:19,0
DA:23,0
DA:27,0
DA:31,0
DA:35,0
DA:39,0
DA:40,0
DA:41,0
DA:43,0
DA:44,0
DA:48,0
DA:65,0
DA:66,0
DA:67,0
DA:70,0
DA:74,0
DA:75,0
DA:77,0
DA:79,0
DA:81,0
DA:83,0
DA:85,0
DA:87,0
DA:98,0
DA:130,0
LF:30
LH:0
BRDA:50,0,0,0
BRDA:50,0,1,0
BRDA:54,1,0,0
BRDA:54,1,1,0
BRDA:55,2,0,0
BRDA:55,2,1,0
BRDA:56,3,0,0
BRDA:56,3,1,0
BRDA:57,4,0,0
BRDA:57,4,1,0
BRDA:58,5,0,0
BRDA:58,5,1,0
BRDA:59,6,0,0
BRDA:59,6,1,0
BRDA:60,7,0,0
BRDA:60,7,1,0
BRDA:66,8,0,0
BRDA:66,8,1,0
BRDA:66,9,0,0
BRDA:66,9,1,0
BRDA:75,10,0,0
BRDA:75,10,1,0
BRDA:75,10,2,0
BRDA:75,10,3,0
BRDA:75,10,4,0
BRDA:75,10,5,0
BRDA:91,11,0,0
BRDA:91,11,1,0
BRDA:107,12,0,0
BRDA:107,12,1,0
BRDA:108,13,0,0
BRDA:108,13,1,0
BRDA:111,14,0,0
BRDA:111,14,1,0
BRDA:112,15,0,0
BRDA:112,15,1,0
BRF:36
BRH:0
end_of_record
TN:
SF:src/components/calculators/InverseProportionCalculator.tsx
FN:6,(anonymous_2)
FN:41,(anonymous_3)
FN:71,(anonymous_4)
FN:93,(anonymous_5)
FNF:4
FNH:0
FNDA:0,(anonymous_2)
FNDA:0,(anonymous_3)
FNDA:0,(anonymous_4)
FNDA:0,(anonymous_5)
DA:2,0
DA:3,0
DA:4,0
DA:6,0
DA:7,0
DA:10,0
DA:41,0
DA:42,0
DA:43,0
DA:44,0
DA:46,0
DA:47,0
DA:50,0
DA:52,0
DA:71,0
DA:72,0
DA:94,0
DA:149,0
LF:18
LH:0
BRDA:13,0,0,0
BRDA:13,0,1,0
BRDA:16,1,0,0
BRDA:16,1,1,0
BRDA:18,2,0,0
BRDA:18,2,1,0
BRDA:22,3,0,0
BRDA:22,3,1,0
BRDA:25,4,0,0
BRDA:25,4,1,0
BRDA:27,5,0,0
BRDA:27,5,1,0
BRDA:31,6,0,0
BRDA:31,6,1,0
BRDA:34,7,0,0
BRDA:34,7,1,0
BRDA:36,8,0,0
BRDA:36,8,1,0
BRDA:42,9,0,0
BRDA:42,9,1,0
BRDA:43,10,0,0
BRDA:43,10,1,0
BRDA:44,11,0,0
BRDA:44,11,1,0
BRDA:46,12,0,0
BRDA:46,12,1,0
BRDA:46,13,0,0
BRDA:46,13,1,0
BRDA:46,13,2,0
BRDA:46,13,3,0
BRDA:56,14,0,0
BRDA:56,14,1,0
BRDA:61,15,0,0
BRDA:61,15,1,0
BRDA:66,16,0,0
BRDA:66,16,1,0
BRDA:72,17,0,0
BRDA:72,17,1,0
BRDA:75,18,0,0
BRDA:75,18,1,0
BRDA:84,19,0,0
BRDA:84,19,1,0
BRDA:91,20,0,0
BRDA:91,20,1,0
BRDA:94,21,0,0
BRDA:94,21,1,0
BRDA:97,22,0,0
BRDA:97,22,1,0
BRDA:104,23,0,0
BRDA:106,24,0,0
BRDA:106,24,1,0
BRDA:111,25,0,0
BRDA:123,26,0,0
BRDA:123,26,1,0
BRDA:125,27,0,0
BRDA:125,27,1,0
BRDA:130,28,0,0
BRDA:130,28,1,0
BRDA:132,29,0,0
BRDA:132,29,1,0
BRDA:135,30,0,0
BRDA:135,30,1,0
BRDA:136,31,0,0
BRDA:136,31,1,0
BRDA:137,32,0,0
BRDA:137,32,1,0
BRDA:138,33,0,0
BRDA:138,33,1,0
BRDA:139,34,0,0
BRDA:139,34,1,0
BRF:70
BRH:0
end_of_record
TN:
SF:src/components/calculators/NetSalaryCalculator.tsx
FN:11,(anonymous_2)
FN:40,(anonymous_3)
FN:125,(anonymous_5)
FN:141,(anonymous_6)
FNF:4
FNH:0
FNDA:0,(anonymous_2)
FNDA:0,(anonymous_3)
FNDA:0,(anonymous_5)
FNDA:0,(anonymous_6)
DA:2,0
DA:3,0
DA:4,0
DA:6,0
DA:7,0
DA:11,0
DA:12,0
DA:14,0
DA:40,0
DA:41,0
DA:42,0
DA:45,0
DA:58,0
DA:61,0
DA:62,0
DA:65,0
DA:66,0
DA:69,0
DA:72,0
DA:73,0
DA:74,0
DA:75,0
DA:76,0
DA:78,0
DA:126,0
DA:142,0
DA:184,0
LF:27
LH:0
BRDA:41,0,0,0
BRDA:41,0,1,0
BRDA:42,1,0,0
BRDA:42,1,1,0
BRDA:128,2,0,0
BRDA:128,2,1,0
BRDA:133,3,0,0
BRDA:133,3,1,0
BRF:8
BRH:0
end_of_record
TN:
SF:src/components/calculators/PercentageOfNumberCalculator.tsx
FN:9,(anonymous_5)
FN:9,(anonymous_6)
FN:9,(anonymous_7)
FN:18,(anonymous_9)
FN:47,(anonymous_10)
FN:55,(anonymous_11)
FN:96,(anonymous_12)
FN:121,(anonymous_13)
FNF:8
FNH:0
FNDA:0,(anonymous_5)
FNDA:0,(anonymous_6)
FNDA:0,(anonymous_7)
FNDA:0,(anonymous_9)
FNDA:0,(anonymous_10)
FNDA:0,(anonymous_11)
FNDA:0,(anonymous_12)
FNDA:0,(anonymous_13)
DA:2,0
DA:3,0
DA:5,0
DA:9,0
DA:18,0
DA:19,0
DA:22,0
DA:47,0
DA:48,0
DA:55,0
DA:56,0
DA:57,0
DA:59,0
DA:60,0
DA:63,0
DA:64,0
DA:65,0
DA:66,0
DA:68,0
DA:96,0
DA:97,0
DA:122,0
DA:180,0
LF:23
LH:0
BRDA:25,0,0,0
BRDA:25,0,1,0
BRDA:29,1,0,0
BRDA:29,1,1,0
BRDA:30,2,0,0
BRDA:30,2,1,0
BRDA:37,3,0,0
BRDA:37,3,1,0
BRDA:41,4,0,0
BRDA:41,4,1,0
BRDA:42,5,0,0
BRDA:42,5,1,0
BRDA:56,6,0,0
BRDA:56,6,1,0
BRDA:57,7,0,0
BRDA:57,7,1,0
BRDA:59,8,0,0
BRDA:59,8,1,0
BRDA:59,9,0,0
BRDA:59,9,1,0
BRDA:72,10,0,0
BRDA:72,10,1,0
BRDA:77,11,0,0
BRDA:77,11,1,0
BRDA:82,12,0,0
BRDA:82,12,1,0
BRDA:86,13,0,0
BRDA:86,13,1,0
BRDA:87,14,0,0
BRDA:87,14,1,0
BRDA:97,15,0,0
BRDA:97,15,1,0
BRDA:100,16,0,0
BRDA:100,16,1,0
BRDA:109,17,0,0
BRDA:109,17,1,0
BRDA:119,18,0,0
BRDA:119,18,1,0
BRDA:124,19,0,0
BRDA:124,19,1,0
BRDA:128,20,0,0
BRDA:128,20,1,0
BRDA:135,21,0,0
BRDA:137,22,0,0
BRDA:137,22,1,0
BRDA:142,23,0,0
BRDA:154,24,0,0
BRDA:154,24,1,0
BRDA:156,25,0,0
BRDA:156,25,1,0
BRDA:161,26,0,0
BRDA:161,26,1,0
BRDA:163,27,0,0
BRDA:163,27,1,0
BRDA:166,28,0,0
BRDA:166,28,1,0
BRDA:167,29,0,0
BRDA:167,29,1,0
BRDA:168,30,0,0
BRDA:168,30,1,0
BRDA:169,31,0,0
BRDA:169,31,1,0
BRDA:170,32,0,0
BRDA:170,32,1,0
BRF:64
BRH:0
end_of_record
TN:
SF:src/components/calculators/UnitConverter.tsx
FN:64,(anonymous_5)
FN:76,(anonymous_6)
FN:97,(anonymous_7)
FN:108,(anonymous_8)
FN:119,(anonymous_9)
FN:135,(anonymous_10)
FN:150,(anonymous_11)
FN:160,(anonymous_12)
FN:188,(anonymous_13)
FN:198,(anonymous_14)
FN:204,(anonymous_15)
FN:231,(anonymous_16)
FN:237,(anonymous_17)
FN:271,(anonymous_18)
FN:275,(anonymous_19)
FN:292,(anonymous_20)
FNF:16
FNH:0
FNDA:0,(anonymous_5)
FNDA:0,(anonymous_6)
FNDA:0,(anonymous_7)
FNDA:0,(anonymous_8)
FNDA:0,(anonymous_9)
FNDA:0,(anonymous_10)
FNDA:0,(anonymous_11)
FNDA:0,(anonymous_12)
FNDA:0,(anonymous_13)
FNDA:0,(anonymous_14)
FNDA:0,(anonymous_15)
FNDA:0,(anonymous_16)
FNDA:0,(anonymous_17)
FNDA:0,(anonymous_18)
FNDA:0,(anonymous_19)
FNDA:0,(anonymous_20)
DA:2,0
DA:3,0
DA:6,0
DA:7,0
DA:8,0
DA:9,0
DA:10,0
DA:12,0
DA:17,0
DA:64,0
DA:65,0
DA:66,0
DA:67,0
DA:68,0
DA:69,0
DA:70,0
DA:73,0
DA:76,0
DA:77,0
DA:80,0
DA:81,0
DA:82,0
DA:83,0
DA:87,0
DA:88,0
DA:89,0
DA:90,0
DA:93,0
DA:97,0
DA:98,0
DA:99,0
DA:102,0
DA:103,0
DA:104,0
DA:108,0
DA:109,0
DA:110,0
DA:111,0
DA:112,0
DA:114,0
DA:119,0
DA:120,0
DA:123,0
DA:124,0
DA:128,0
DA:129,0
DA:130,0
DA:131,0
DA:135,0
DA:136,0
DA:138,0
DA:144,0
DA:145,0
DA:146,0
DA:150,0
DA:151,0
DA:152,0
DA:160,0
DA:188,0
DA:198,0
DA:205,0
DA:231,0
DA:238,0
DA:272,0
DA:276,0
DA:292,0
DA:293,0
DA:312,0
LF:68
LH:0
BRDA:80,0,0,0
BRDA:80,0,1,0
BRDA:82,1,0,0
BRDA:82,1,1,0
BRDA:87,2,0,0
BRDA:87,2,1,0
BRDA:89,3,0,0
BRDA:89,3,1,0
BRDA:98,4,0,0
BRDA:98,4,1,0
BRDA:109,5,0,0
BRDA:109,5,1,0
BRDA:109,6,0,0
BRDA:109,6,1,0
BRDA:120,7,0,0
BRDA:120,7,1,0
BRDA:123,8,0,0
BRDA:123,8,1,0
BRDA:128,9,0,0
BRDA:128,9,1,0
BRDA:129,10,0,0
BRDA:129,10,1,0
BRDA:130,11,0,0
BRDA:130,11,1,0
BRDA:248,12,0,0
BRDA:248,12,1,0
BRDA:248,12,2,0
BRDA:272,13,0,0
BRDA:272,13,1,0
BRF:29
BRH:0
end_of_record
TN:
SF:src/components/calculators/VATCalculator.tsx
FN:15,(anonymous_2)
FN:54,(anonymous_3)
FN:105,(anonymous_4)
FN:124,(anonymous_5)
FNF:4
FNH:0
FNDA:0,(anonymous_2)
FNDA:0,(anonymous_3)
FNDA:0,(anonymous_4)
FNDA:0,(anonymous_5)
DA:2,0
DA:3,0
DA:4,0
DA:6,0
DA:10,0
DA:15,0
DA:16,0
DA:18,0
DA:54,0
DA:55,0
DA:56,0
DA:57,0
DA:59,0
DA:60,0
DA:66,0
DA:69,0
DA:70,0
DA:71,0
DA:72,0
DA:74,0
DA:75,0
DA:76,0
DA:79,0
DA:105,0
DA:106,0
DA:125,0
DA:209,0
LF:27
LH:0
BRDA:59,0,0,0
BRDA:59,0,1,0
BRDA:59,1,0,0
BRDA:59,1,1,0
BRDA:66,2,0,0
BRDA:66,2,1,0
BRDA:69,3,0,0
BRDA:69,3,1,0
BRDA:80,4,0,0
BRDA:80,4,1,0
BRDA:83,5,0,0
BRDA:83,5,1,0
BRDA:84,6,0,0
BRDA:84,6,1,0
BRDA:99,7,0,0
BRDA:99,7,1,0
BRDA:106,8,0,0
BRDA:106,8,1,0
BRDA:125,9,0,0
BRDA:125,9,1,0
BRDA:130,10,0,0
BRDA:130,10,1,0
BRDA:137,11,0,0
BRF:23
BRH:0
end_of_record
TN:
SF:src/components/calculators/WhatPercentageIsXOfYCalculator.tsx
FN:6,(anonymous_2)
FN:34,(anonymous_3)
FN:68,(anonymous_4)
FN:90,(anonymous_5)
FNF:4
FNH:0
FNDA:0,(anonymous_2)
FNDA:0,(anonymous_3)
FNDA:0,(anonymous_4)
FNDA:0,(anonymous_5)
DA:2,0
DA:3,0
DA:4,0
DA:6,0
DA:7,0
DA:10,0
DA:34,0
DA:35,0
DA:36,0
DA:38,0
DA:39,0
DA:42,0
DA:44,0
DA:68,0
DA:69,0
DA:91,0
DA:146,0
LF:17
LH:0
BRDA:13,0,0,0
BRDA:13,0,1,0
BRDA:16,1,0,0
BRDA:16,1,1,0
BRDA:19,2,0,0
BRDA:19,2,1,0
BRDA:23,3,0,0
BRDA:23,3,1,0
BRDA:26,4,0,0
BRDA:26,4,1,0
BRDA:29,5,0,0
BRDA:29,5,1,0
BRDA:35,6,0,0
BRDA:35,6,1,0
BRDA:36,7,0,0
BRDA:36,7,1,0
BRDA:38,8,0,0
BRDA:38,8,1,0
BRDA:38,9,0,0
BRDA:38,9,1,0
BRDA:38,9,2,0
BRDA:48,10,0,0
BRDA:48,10,1,0
BRDA:54,11,0,0
BRDA:54,11,1,0
BRDA:58,12,0,0
BRDA:58,12,1,0
BRDA:63,13,0,0
BRDA:63,13,1,0
BRDA:69,14,0,0
BRDA:69,14,1,0
BRDA:72,15,0,0
BRDA:72,15,1,0
BRDA:81,16,0,0
BRDA:81,16,1,0
BRDA:88,17,0,0
BRDA:88,17,1,0
BRDA:91,18,0,0
BRDA:91,18,1,0
BRDA:94,19,0,0
BRDA:94,19,1,0
BRDA:101,20,0,0
BRDA:103,21,0,0
BRDA:103,21,1,0
BRDA:108,22,0,0
BRDA:120,23,0,0
BRDA:120,23,1,0
BRDA:122,24,0,0
BRDA:122,24,1,0
BRDA:127,25,0,0
BRDA:127,25,1,0
BRDA:129,26,0,0
BRDA:129,26,1,0
BRDA:132,27,0,0
BRDA:132,27,1,0
BRDA:133,28,0,0
BRDA:133,28,1,0
BRDA:134,29,0,0
BRDA:134,29,1,0
BRDA:135,30,0,0
BRDA:135,30,1,0
BRDA:136,31,0,0
BRDA:136,31,1,0
BRF:63
BRH:0
end_of_record
TN:
SF:src/components/calculators/YIsXWhatIsHundredCalculator.tsx
FN:9,(anonymous_5)
FN:9,(anonymous_6)
FN:9,(anonymous_7)
FN:18,(anonymous_9)
FN:44,(anonymous_10)
FN:52,(anonymous_11)
FNF:6
FNH:0
FNDA:0,(anonymous_5)
FNDA:0,(anonymous_6)
FNDA:0,(anonymous_7)
FNDA:0,(anonymous_9)
FNDA:0,(anonymous_10)
FNDA:0,(anonymous_11)
DA:2,0
DA:3,0
DA:5,0
DA:9,0
DA:18,0
DA:19,0
DA:22,0
DA:44,0
DA:45,0
DA:52,0
DA:53,0
DA:54,0
DA:56,0
DA:57,0
DA:60,0
DA:61,0
DA:62,0
DA:63,0
DA:65,0
DA:98,0
LF:20
LH:0
BRDA:25,0,0,0
BRDA:25,0,1,0
BRDA:29,1,0,0
BRDA:29,1,1,0
BRDA:30,2,0,0
BRDA:30,2,1,0
BRDA:34,3,0,0
BRDA:34,3,1,0
BRDA:38,4,0,0
BRDA:38,4,1,0
BRDA:39,5,0,0
BRDA:39,5,1,0
BRDA:53,6,0,0
BRDA:53,6,1,0
BRDA:54,7,0,0
BRDA:54,7,1,0
BRDA:56,8,0,0
BRDA:56,8,1,0
BRDA:56,9,0,0
BRDA:56,9,1,0
BRDA:56,9,2,0
BRDA:68,10,0,0
BRDA:68,10,1,0
BRDA:70,11,0,0
BRDA:70,11,1,0
BRDA:71,12,0,0
BRDA:71,12,1,0
BRDA:79,13,0,0
BRDA:79,13,1,0
BRDA:80,14,0,0
BRDA:80,14,1,0
BRDA:84,15,0,0
BRDA:84,15,1,0
BRDA:85,16,0,0
BRDA:85,16,1,0
BRF:35
BRH:0
end_of_record
TN:
SF:src/components/calculators/unitConverters/LengthConverter.tsx
FN:7,(anonymous_4)
FN:21,(anonymous_5)
FN:33,(anonymous_6)
FN:47,(anonymous_7)
FN:56,(anonymous_8)
FN:59,(anonymous_9)
FN:67,(anonymous_10)
FN:70,(anonymous_11)
FNF:8
FNH:0
FNDA:0,(anonymous_4)
FNDA:0,(anonymous_5)
FNDA:0,(anonymous_6)
FNDA:0,(anonymous_7)
FNDA:0,(anonymous_8)
FNDA:0,(anonymous_9)
FNDA:0,(anonymous_10)
FNDA:0,(anonymous_11)
DA:2,0
DA:3,0
DA:5,0
DA:7,0
DA:8,0
DA:9,0
DA:10,0
DA:11,0
DA:12,0
DA:14,0
DA:21,0
DA:22,0
DA:24,0
DA:25,0
DA:26,0
DA:27,0
DA:29,0
DA:33,0
DA:34,0
DA:47,0
DA:56,0
DA:59,0
DA:67,0
DA:70,0
DA:84,0
LF:25
LH:0
BRDA:24,0,0,0
BRDA:24,0,1,0
BRDA:75,1,0,0
BRF:3
BRH:0
end_of_record
TN:
SF:src/components/calculators/unitConverters/TemperatureConverter.tsx
FN:7,(anonymous_4)
FN:14,(anonymous_5)
FN:41,(anonymous_6)
FN:57,(anonymous_7)
FN:71,(anonymous_8)
FN:80,(anonymous_9)
FN:83,(anonymous_10)
FN:91,(anonymous_11)
FN:94,(anonymous_12)
FNF:9
FNH:0
FNDA:0,(anonymous_4)
FNDA:0,(anonymous_5)
FNDA:0,(anonymous_6)
FNDA:0,(anonymous_7)
FNDA:0,(anonymous_8)
FNDA:0,(anonymous_9)
FNDA:0,(anonymous_10)
FNDA:0,(anonymous_11)
FNDA:0,(anonymous_12)
DA:2,0
DA:3,0
DA:5,0
DA:7,0
DA:8,0
DA:9,0
DA:10,0
DA:11,0
DA:12,0
DA:14,0
DA:15,0
DA:19,0
DA:20,0
DA:21,0
DA:22,0
DA:23,0
DA:24,0
DA:26,0
DA:30,0
DA:31,0
DA:32,0
DA:33,0
DA:34,0
DA:35,0
DA:37,0
DA:41,0
DA:42,0
DA:44,0
DA:45,0
DA:46,0
DA:47,0
DA:49,0
DA:50,0
DA:53,0
DA:57,0
DA:58,0
DA:71,0
DA:80,0
DA:83,0
DA:91,0
DA:94,0
DA:108,0
LF:42
LH:0
BRDA:15,0,0,0
BRDA:15,0,1,0
BRDA:19,1,0,0
BRDA:19,1,1,0
BRDA:21,2,0,0
BRDA:21,2,1,0
BRDA:23,3,0,0
BRDA:23,3,1,0
BRDA:30,4,0,0
BRDA:30,4,1,0
BRDA:32,5,0,0
BRDA:32,5,1,0
BRDA:34,6,0,0
BRDA:34,6,1,0
BRDA:44,7,0,0
BRDA:44,7,1,0
BRDA:99,8,0,0
BRF:17
BRH:0
end_of_record
TN:
SF:src/components/calculators/unitConverters/VolumeConverter.tsx
FN:7,(anonymous_4)
FN:19,(anonymous_5)
FN:31,(anonymous_6)
FN:45,(anonymous_7)
FN:54,(anonymous_8)
FN:57,(anonymous_9)
FN:65,(anonymous_10)
FN:68,(anonymous_11)
FNF:8
FNH:0
FNDA:0,(anonymous_4)
FNDA:0,(anonymous_5)
FNDA:0,(anonymous_6)
FNDA:0,(anonymous_7)
FNDA:0,(anonymous_8)
FNDA:0,(anonymous_9)
FNDA:0,(anonymous_10)
FNDA:0,(anonymous_11)
DA:2,0
DA:3,0
DA:5,0
DA:7,0
DA:8,0
DA:9,0
DA:10,0
DA:11,0
DA:12,0
DA:14,0
DA:19,0
DA:20,0
DA:22,0
DA:23,0
DA:24,0
DA:25,0
DA:27,0
DA:31,0
DA:32,0
DA:45,0
DA:54,0
DA:57,0
DA:65,0
DA:68,0
DA:82,0
LF:25
LH:0
BRDA:22,0,0,0
BRDA:22,0,1,0
BRDA:73,1,0,0
BRF:3
BRH:0
end_of_record
TN:
SF:src/components/calculators/unitConverters/WeightConverter.tsx
FN:7,(anonymous_4)
FN:20,(anonymous_5)
FN:32,(anonymous_6)
FN:46,(anonymous_7)
FN:55,(anonymous_8)
FN:58,(anonymous_9)
FN:66,(anonymous_10)
FN:69,(anonymous_11)
FNF:8
FNH:0
FNDA:0,(anonymous_4)
FNDA:0,(anonymous_5)
FNDA:0,(anonymous_6)
FNDA:0,(anonymous_7)
FNDA:0,(anonymous_8)
FNDA:0,(anonymous_9)
FNDA:0,(anonymous_10)
FNDA:0,(anonymous_11)
DA:2,0
DA:3,0
DA:5,0
DA:7,0
DA:8,0
DA:9,0
DA:10,0
DA:11,0
DA:12,0
DA:14,0
DA:20,0
DA:21,0
DA:23,0
DA:24,0
DA:25,0
DA:26,0
DA:28,0
DA:32,0
DA:33,0
DA:46,0
DA:55,0
DA:58,0
DA:66,0
DA:69,0
DA:83,0
LF:25
LH:0
BRDA:23,0,0,0
BRDA:23,0,1,0
BRDA:74,1,0,0
BRF:3
BRH:0
end_of_record
TN:
SF:src/components/layouts/CalculatorLayout.tsx
FN:16,(anonymous_2)
FN:68,(anonymous_3)
FN:83,(anonymous_4)
FN:100,(anonymous_5)
FNF:4
FNH:0
FNDA:0,(anonymous_2)
FNDA:0,(anonymous_3)
FNDA:0,(anonymous_4)
FNDA:0,(anonymous_5)
DA:1,0
DA:2,0
DA:3,0
DA:16,0
DA:69,0
DA:84,0
DA:101,0
DA:127,0
LF:8
LH:0
BRDA:39,0,0,0
BRDA:60,1,0,0
BRDA:60,1,1,0
BRDA:60,1,2,0
BRDA:63,2,0,0
BRDA:64,3,0,0
BRDA:64,3,1,0
BRDA:78,4,0,0
BRDA:78,4,1,0
BRDA:95,5,0,0
BRDA:95,5,1,0
BRF:11
BRH:0
end_of_record
TN:
SF:src/components/layouts/Footer.tsx
FN:7,(anonymous_2)
FN:90,(anonymous_3)
FN:96,(anonymous_4)
FN:117,(anonymous_5)
FNF:4
FNH:0
FNDA:0,(anonymous_2)
FNDA:0,(anonymous_3)
FNDA:0,(anonymous_4)
FNDA:0,(anonymous_5)
DA:1,0
DA:2,0
DA:3,0
DA:4,0
DA:5,0
DA:7,0
DA:8,0
DA:9,0
DA:10,0
DA:12,0
DA:48,0
DA:91,0
DA:97,0
DA:118,0
DA:179,0
LF:15
LH:0
BRDA:169,0,0,0
BRDA:169,0,1,0
BRF:2
BRH:0
end_of_record
TN:
SF:src/components/layouts/PageLayout.tsx
FN:20,(anonymous_2)
FNF:1
FNH:0
FNDA:0,(anonymous_2)
DA:1,0
DA:2,0
DA:3,0
DA:4,0
DA:5,0
DA:6,0
DA:7,0
DA:20,0
DA:30,0
DA:31,0
DA:32,0
DA:33,0
DA:34,0
DA:37,0
DA:38,0
DA:45,0
DA:46,0
DA:126,0
LF:18
LH:0
BRDA:24,0,0,0
BRDA:25,1,0,0
BRDA:26,2,0,0
BRDA:27,3,0,0
BRDA:28,4,0,0
BRDA:32,5,0,0
BRDA:32,5,1,0
BRDA:33,6,0,0
BRDA:33,6,1,0
BRDA:34,7,0,0
BRDA:34,7,1,0
BRDA:37,8,0,0
BRDA:37,8,1,0
BRDA:45,9,0,0
BRDA:45,9,1,0
BRDA:63,10,0,0
BRDA:63,10,1,0
BRDA:83,11,0,0
BRDA:92,12,0,0
BRDA:92,12,1,0
BRDA:99,13,0,0
BRDA:99,13,1,0
BRDA:102,14,0,0
BRF:23
BRH:0
end_of_record
TN:
SF:src/components/layouts/ResponsiveLayout.tsx
FN:13,(anonymous_2)
FNF:1
FNH:0
FNDA:0,(anonymous_2)
DA:1,0
DA:2,0
DA:3,0
DA:13,0
DA:20,0
DA:21,0
DA:55,0
LF:7
LH:0
BRDA:17,0,0,0
BRDA:18,1,0,0
BRDA:21,2,0,0
BRDA:21,2,1,0
BRDA:27,3,0,0
BRDA:27,3,1,0
BRDA:35,4,0,0
BRDA:35,4,1,0
BRDA:41,5,0,0
BRDA:41,5,1,0
BRF:10
BRH:0
end_of_record
TN:
SF:src/components/navigation/MainNavigation.tsx
FN:7,(anonymous_5)
FN:14,(anonymous_6)
FN:15,(anonymous_7)
FN:23,(anonymous_8)
FN:27,(anonymous_9)
FN:28,(anonymous_10)
FN:33,(anonymous_11)
FN:55,(anonymous_12)
FN:80,(anonymous_13)
FN:98,(anonymous_14)
FN:101,(anonymous_15)
FN:113,(anonymous_16)
FN:135,(anonymous_17)
FN:161,(anonymous_18)
FN:164,(anonymous_19)
FNF:15
FNH:0
FNDA:0,(anonymous_5)
FNDA:0,(anonymous_6)
FNDA:0,(anonymous_7)
FNDA:0,(anonymous_8)
FNDA:0,(anonymous_9)
FNDA:0,(anonymous_10)
FNDA:0,(anonymous_11)
FNDA:0,(anonymous_12)
FNDA:0,(anonymous_13)
FNDA:0,(anonymous_14)
FNDA:0,(anonymous_15)
FNDA:0,(anonymous_16)
FNDA:0,(anonymous_17)
FNDA:0,(anonymous_18)
FNDA:0,(anonymous_19)
DA:1,0
DA:2,0
DA:3,0
DA:4,0
DA:5,0
DA:7,0
DA:8,0
DA:9,0
DA:10,0
DA:11,0
DA:14,0
DA:15,0
DA:16,0
DA:17,0
DA:18,0
DA:22,0
DA:23,0
DA:27,0
DA:28,0
DA:29,0
DA:32,0
DA:33,0
DA:34,0
DA:39,0
DA:49,0
DA:55,0
DA:56,0
DA:57,0
DA:81,0
DA:98,0
DA:102,0
DA:113,0
DA:136,0
DA:161,0
DA:165,0
DA:177,0
LF:36
LH:0
BRDA:17,0,0,0
BRDA:17,0,1,0
BRDA:63,1,0,0
BRDA:63,1,1,0
BRDA:85,2,0,0
BRDA:85,2,1,0
BRDA:119,3,0,0
BRDA:131,4,0,0
BRDA:131,4,1,0
BRDA:140,5,0,0
BRDA:140,5,1,0
BRF:11
BRH:0
end_of_record
TN:
SF:src/components/seo/SeoMetadata.tsx
FN:12,(anonymous_2)
FNF:1
FNH:0
FNDA:0,(anonymous_2)
DA:2,0
DA:3,0
DA:12,0
DA:13,0
DA:14,0
DA:17,0
DA:41,0
LF:7
LH:0
BRF:0
BRH:0
end_of_record
TN:
SF:src/components/ui/Accordion.tsx
FN:189,(anonymous_4)
FN:213,(anonymous_5)
FN:266,(anonymous_6)
FN:289,(anonymous_7)
FN:298,(anonymous_8)
FN:300,(anonymous_9)
FN:307,(anonymous_10)
FN:312,(anonymous_11)
FN:335,(anonymous_12)
FNF:9
FNH:0
FNDA:0,(anonymous_4)
FNDA:0,(anonymous_5)
FNDA:0,(anonymous_6)
FNDA:0,(anonymous_7)
FNDA:0,(anonymous_8)
FNDA:0,(anonymous_9)
FNDA:0,(anonymous_10)
FNDA:0,(anonymous_11)
FNDA:0,(anonymous_12)
DA:1,0
DA:2,0
DA:8,0
DA:9,0
DA:156,0
DA:163,0
DA:189,0
DA:209,0
DA:210,0
DA:211,0
DA:213,0
DA:214,0
DA:216,0
DA:217,0
DA:218,0
DA:219,0
DA:220,0
DA:221,0
DA:266,0
DA:280,0
DA:281,0
DA:282,0
DA:289,0
DA:290,0
DA:291,0
DA:298,0
DA:299,0
DA:300,0
DA:301,0
DA:302,0
DA:307,0
DA:308,0
DA:310,0
DA:311,0
DA:312,0
DA:314,0
DA:317,0
DA:320,0
DA:321,0
DA:324,0
DA:325,0
DA:336,0
DA:355,0
DA:357,0
LF:44
LH:0
BRDA:192,0,0,0
BRDA:193,1,0,0
BRDA:194,2,0,0
BRDA:195,3,0,0
BRDA:196,4,0,0
BRDA:197,5,0,0
BRDA:198,6,0,0
BRDA:199,7,0,0
BRDA:202,8,0,0
BRDA:203,9,0,0
BRDA:205,10,0,0
BRDA:206,11,0,0
BRDA:207,12,0,0
BRDA:211,13,0,0
BRDA:211,13,1,0
BRDA:214,14,0,0
BRDA:214,14,1,0
BRDA:216,15,0,0
BRDA:216,15,1,0
BRDA:218,16,0,0
BRDA:218,16,1,0
BRDA:218,17,0,0
BRDA:218,17,1,0
BRDA:219,18,0,0
BRDA:219,18,1,0
BRDA:219,19,0,0
BRDA:219,19,1,0
BRDA:220,20,0,0
BRDA:220,20,1,0
BRDA:231,21,0,0
BRDA:231,21,1,0
BRDA:241,22,0,0
BRDA:241,22,1,0
BRDA:242,23,0,0
BRDA:242,23,1,0
BRDA:247,24,0,0
BRDA:249,25,0,0
BRDA:249,26,0,0
BRDA:249,26,1,0
BRDA:249,27,0,0
BRDA:269,28,0,0
BRDA:270,29,0,0
BRDA:271,30,0,0
BRDA:272,31,0,0
BRDA:274,32,0,0
BRDA:277,33,0,0
BRDA:278,34,0,0
BRDA:282,35,0,0
BRDA:282,35,1,0
BRDA:283,36,0,0
BRDA:283,36,1,0
BRDA:290,37,0,0
BRDA:290,37,1,0
BRDA:293,38,0,0
BRDA:293,38,1,0
BRDA:299,39,0,0
BRDA:299,39,1,0
BRDA:299,40,0,0
BRDA:299,40,1,0
BRDA:299,40,2,0
BRDA:300,41,0,0
BRDA:300,41,1,0
BRDA:301,42,0,0
BRDA:301,42,1,0
BRDA:310,43,0,0
BRDA:310,43,1,0
BRDA:311,44,0,0
BRDA:311,44,1,0
BRDA:317,45,0,0
BRDA:317,45,1,0
BRDA:320,46,0,0
BRDA:320,46,1,0
BRDA:324,47,0,0
BRDA:324,47,1,0
BRDA:325,48,0,0
BRDA:325,48,1,0
BRDA:325,49,0,0
BRDA:325,49,1,0
BRDA:331,50,0,0
BRDA:331,50,1,0
BRDA:332,51,0,0
BRDA:332,51,1,0
BRDA:332,52,0,0
BRDA:332,52,1,0
BRDA:345,53,0,0
BRDA:345,53,1,0
BRDA:346,54,0,0
BRDA:346,54,1,0
BRDA:347,55,0,0
BRDA:347,55,1,0
BRF:90
BRH:0
end_of_record
TN:
SF:src/components/ui/Button.tsx
FN:38,Button
FNF:1
FNH:0
FNDA:0,Button
DA:1,0
DA:2,0
DA:3,0
DA:5,0
DA:7,0
DA:48,0
DA:59,0
LF:7
LH:0
BRDA:42,0,0,0
BRDA:48,1,0,0
BRDA:48,1,1,0
BRF:3
BRH:0
end_of_record
TN:
SF:src/components/ui/Card.tsx
FN:12,(anonymous_11)
FN:143,(anonymous_17)
FNF:2
FNH:0
FNDA:0,(anonymous_11)
FNDA:0,(anonymous_17)
DA:1,0
DA:2,0
DA:11,0
DA:21,0
DA:29,0
DA:37,0
DA:56,0
DA:77,0
DA:93,0
DA:106,0
DA:122,0
DA:135,0
DA:142,0
DA:144,0
DA:168,0
DA:171,0
DA:172,0
DA:173,0
DA:174,0
DA:175,0
DA:176,0
DA:177,0
LF:22
LH:0
BRDA:14,0,0,0
BRDA:15,1,0,0
BRDA:16,2,0,0
BRDA:17,3,0,0
BRDA:37,4,0,0
BRDA:37,4,1,0
BRDA:46,5,0,0
BRDA:46,5,1,0
BRDA:63,6,0,0
BRDA:70,7,0,0
BRDA:70,7,1,0
BRDA:84,8,0,0
BRDA:143,9,0,0
BRDA:143,10,0,0
BRDA:159,11,0,0
BRDA:159,11,1,0
BRF:16
BRH:0
end_of_record
TN:
SF:src/components/ui/Input.tsx
FN:16,(anonymous_4)
FNF:1
FNH:0
FNDA:0,(anonymous_4)
DA:1,0
DA:2,0
DA:3,0
DA:15,0
DA:32,0
DA:33,0
DA:34,0
DA:74,0
DA:75,0
DA:114,0
DA:116,0
LF:11
LH:0
BRDA:19,0,0,0
BRDA:25,1,0,0
BRDA:26,2,0,0
BRDA:32,3,0,0
BRDA:32,3,1,0
BRDA:34,4,0,0
BRDA:34,4,1,0
BRDA:38,5,0,0
BRDA:48,6,0,0
BRDA:48,6,1,0
BRDA:49,7,0,0
BRDA:49,7,1,0
BRDA:50,8,0,0
BRDA:50,8,1,0
BRDA:50,8,2,0
BRDA:57,9,0,0
BRDA:57,9,1,0
BRDA:57,10,0,0
BRDA:57,10,1,0
BRDA:62,11,0,0
BRDA:62,11,1,0
BRDA:66,12,0,0
BRDA:66,12,1,0
BRDA:74,13,0,0
BRDA:74,13,1,0
BRDA:74,14,0,0
BRDA:74,14,1,0
BRDA:74,14,2,0
BRDA:80,15,0,0
BRDA:85,16,0,0
BRDA:85,16,1,0
BRDA:89,17,0,0
BRDA:97,18,0,0
BRDA:97,18,1,0
BRDA:101,19,0,0
BRDA:101,19,1,0
BRF:36
BRH:0
end_of_record
TN:
SF:src/components/ui/LoadingSpinner.tsx
FN:68,(anonymous_4)
FNF:1
FNH:0
FNDA:0,(anonymous_4)
DA:1,0
DA:2,0
DA:31,0
DA:39,0
DA:48,0
DA:55,0
DA:67,0
DA:99,0
DA:129,0
DA:146,0
DA:150,0
DA:152,0
LF:12
LH:0
BRDA:71,0,0,0
BRDA:72,1,0,0
BRDA:74,2,0,0
BRDA:75,3,0,0
BRDA:76,4,0,0
BRDA:77,5,0,0
BRDA:93,6,0,0
BRDA:93,6,1,0
BRDA:95,7,0,0
BRDA:99,8,0,0
BRDA:99,8,1,0
BRDA:106,9,0,0
BRDA:106,9,1,0
BRDA:107,10,0,0
BRDA:107,10,1,0
BRDA:108,11,0,0
BRDA:108,11,1,0
BRDA:108,11,2,0
BRDA:116,12,0,0
BRDA:116,12,1,0
BRDA:116,13,0,0
BRDA:116,13,1,0
BRDA:119,14,0,0
BRDA:119,14,1,0
BRDA:129,15,0,0
BRDA:129,15,1,0
BRDA:129,16,0,0
BRDA:129,16,1,0
BRDA:135,17,0,0
BRDA:135,17,1,0
BRDA:135,17,2,0
BRF:31
BRH:0
end_of_record
TN:
SF:src/components/ui/Modal.tsx
FN:138,(anonymous_7)
FN:165,(anonymous_8)
FN:173,(anonymous_9)
FN:181,(anonymous_10)
FN:239,(anonymous_12)
FN:264,(anonymous_13)
FN:267,(anonymous_14)
FN:268,(anonymous_15)
FN:269,(anonymous_16)
FN:269,(anonymous_17)
FNF:10
FNH:0
FNDA:0,(anonymous_7)
FNDA:0,(anonymous_8)
FNDA:0,(anonymous_9)
FNDA:0,(anonymous_10)
FNDA:0,(anonymous_12)
FNDA:0,(anonymous_13)
FNDA:0,(anonymous_14)
FNDA:0,(anonymous_15)
FNDA:0,(anonymous_16)
FNDA:0,(anonymous_17)
DA:1,0
DA:2,0
DA:3,0
DA:4,0
DA:5,0
DA:13,0
DA:19,0
DA:29,0
DA:37,0
DA:138,0
DA:162,0
DA:165,0
DA:166,0
DA:167,0
DA:169,0
DA:173,0
DA:174,0
DA:175,0
DA:176,0
DA:181,0
DA:182,0
DA:183,0
DA:225,0
DA:239,0
DA:264,0
DA:265,0
DA:267,0
DA:268,0
DA:269,0
DA:271,0
DA:279,0
LF:31
LH:0
BRDA:144,0,0,0
BRDA:145,1,0,0
BRDA:146,2,0,0
BRDA:147,3,0,0
BRDA:148,4,0,0
BRDA:149,5,0,0
BRDA:150,6,0,0
BRDA:151,7,0,0
BRDA:152,8,0,0
BRDA:153,9,0,0
BRDA:154,10,0,0
BRDA:155,11,0,0
BRDA:157,12,0,0
BRDA:162,13,0,0
BRDA:162,13,1,0
BRDA:166,14,0,0
BRDA:166,14,1,0
BRDA:174,15,0,0
BRDA:174,15,1,0
BRDA:174,16,0,0
BRDA:174,16,1,0
BRDA:182,17,0,0
BRDA:182,17,1,0
BRDA:190,18,0,0
BRDA:190,18,1,0
BRDA:192,19,0,0
BRDA:197,20,0,0
BRDA:217,21,0,0
BRDA:225,22,0,0
BRDA:225,22,1,0
BRDA:239,23,0,0
BRDA:239,23,1,0
BRDA:241,24,0,0
BRDA:241,24,1,0
BRDA:246,25,0,0
BRDA:246,25,1,0
BRDA:264,26,0,0
BRF:37
BRH:0
end_of_record
TN:
SF:src/components/ui/Pagination.tsx
FN:130,(anonymous_4)
FN:157,(anonymous_5)
FN:214,(anonymous_6)
FN:221,(anonymous_7)
FN:256,(anonymous_8)
FN:273,(anonymous_9)
FN:288,(anonymous_10)
FN:298,(anonymous_11)
FN:314,(anonymous_12)
FN:334,(anonymous_13)
FN:349,(anonymous_14)
FNF:11
FNH:0
FNDA:0,(anonymous_4)
FNDA:0,(anonymous_5)
FNDA:0,(anonymous_6)
FNDA:0,(anonymous_7)
FNDA:0,(anonymous_8)
FNDA:0,(anonymous_9)
FNDA:0,(anonymous_10)
FNDA:0,(anonymous_11)
FNDA:0,(anonymous_12)
FNDA:0,(anonymous_13)
FNDA:0,(anonymous_14)
DA:1,0
DA:2,0
DA:3,0
DA:4,0
DA:13,0
DA:113,0
DA:120,0
DA:130,0
DA:152,0
DA:153,0
DA:154,0
DA:157,0
DA:158,0
DA:159,0
DA:161,0
DA:163,0
DA:164,0
DA:168,0
DA:169,0
DA:172,0
DA:173,0
DA:176,0
DA:179,0
DA:180,0
DA:182,0
DA:183,0
DA:188,0
DA:189,0
DA:190,0
DA:195,0
DA:196,0
DA:197,0
DA:200,0
DA:201,0
DA:206,0
DA:207,0
DA:211,0
DA:214,0
DA:215,0
DA:216,0
DA:218,0
DA:221,0
DA:222,0
DA:223,0
DA:224,0
DA:229,0
DA:230,0
DA:257,0
DA:273,0
DA:288,0
DA:299,0
DA:300,0
DA:307,0
DA:309,0
DA:314,0
DA:334,0
DA:349,0
DA:364,0
LF:58
LH:0
BRDA:133,0,0,0
BRDA:134,1,0,0
BRDA:135,2,0,0
BRDA:136,3,0,0
BRDA:137,4,0,0
BRDA:138,5,0,0
BRDA:139,6,0,0
BRDA:142,7,0,0
BRDA:143,8,0,0
BRDA:144,9,0,0
BRDA:145,10,0,0
BRDA:146,11,0,0
BRDA:147,12,0,0
BRDA:148,13,0,0
BRDA:149,14,0,0
BRDA:150,15,0,0
BRDA:161,16,0,0
BRDA:161,16,1,0
BRDA:179,17,0,0
BRDA:179,17,1,0
BRDA:189,18,0,0
BRDA:189,18,1,0
BRDA:189,19,0,0
BRDA:189,19,1,0
BRDA:195,20,0,0
BRDA:195,20,1,0
BRDA:196,21,0,0
BRDA:196,21,1,0
BRDA:206,22,0,0
BRDA:206,22,1,0
BRDA:215,23,0,0
BRDA:215,23,1,0
BRDA:215,24,0,0
BRDA:215,24,1,0
BRDA:215,24,2,0
BRDA:215,24,3,0
BRDA:223,25,0,0
BRDA:223,25,1,0
BRDA:229,26,0,0
BRDA:229,26,1,0
BRDA:229,27,0,0
BRDA:229,27,1,0
BRDA:236,28,0,0
BRDA:244,29,0,0
BRDA:244,29,1,0
BRDA:268,30,0,0
BRDA:274,31,0,0
BRDA:274,31,1,0
BRDA:283,32,0,0
BRDA:289,33,0,0
BRDA:289,33,1,0
BRDA:299,34,0,0
BRDA:299,34,1,0
BRDA:300,35,0,0
BRDA:300,35,1,0
BRDA:312,36,0,0
BRDA:312,36,1,0
BRDA:319,37,0,0
BRDA:319,37,1,0
BRDA:320,38,0,0
BRDA:320,38,1,0
BRDA:329,39,0,0
BRDA:335,40,0,0
BRDA:335,40,1,0
BRDA:335,40,2,0
BRDA:344,41,0,0
BRDA:350,42,0,0
BRDA:350,42,1,0
BRDA:350,42,2,0
BRF:69
BRH:0
end_of_record
TN:
SF:src/components/ui/Table.tsx
FN:47,(anonymous_12)
FN:112,(anonymous_13)
FN:158,(anonymous_14)
FN:172,(anonymous_15)
FN:174,(anonymous_16)
FN:217,(anonymous_17)
FN:264,(anonymous_18)
FN:314,(anonymous_19)
FN:322,(anonymous_20)
FN:384,(anonymous_21)
FN:424,(anonymous_22)
FNF:11
FNH:0
FNDA:0,(anonymous_12)
FNDA:0,(anonymous_13)
FNDA:0,(anonymous_14)
FNDA:0,(anonymous_15)
FNDA:0,(anonymous_16)
FNDA:0,(anonymous_17)
FNDA:0,(anonymous_18)
FNDA:0,(anonymous_19)
FNDA:0,(anonymous_20)
FNDA:0,(anonymous_21)
FNDA:0,(anonymous_22)
DA:3,0
DA:4,0
DA:46,0
DA:58,0
DA:65,0
DA:74,0
DA:97,0
DA:111,0
DA:129,0
DA:157,0
DA:167,0
DA:173,0
DA:175,0
DA:202,0
DA:216,0
DA:234,0
DA:263,0
DA:291,0
DA:313,0
DA:322,0
DA:323,0
DA:324,0
DA:326,0
DA:327,0
DA:359,0
DA:383,0
DA:391,0
DA:414,0
DA:423,0
DA:437,0
DA:438,0
DA:439,0
DA:440,0
DA:441,0
DA:442,0
DA:443,0
DA:444,0
LF:37
LH:0
BRDA:48,0,0,0
BRDA:49,1,0,0
BRDA:50,2,0,0
BRDA:51,3,0,0
BRDA:52,4,0,0
BRDA:53,5,0,0
BRDA:54,6,0,0
BRDA:81,7,0,0
BRDA:81,7,1,0
BRDA:112,8,0,0
BRDA:160,9,0,0
BRDA:162,10,0,0
BRDA:163,11,0,0
BRDA:167,12,0,0
BRDA:167,12,1,0
BRDA:170,13,0,0
BRDA:217,14,0,0
BRDA:266,15,0,0
BRDA:267,16,0,0
BRDA:268,17,0,0
BRDA:269,18,0,0
BRDA:280,19,0,0
BRDA:280,19,1,0
BRDA:316,20,0,0
BRDA:323,21,0,0
BRDA:323,21,1,0
BRDA:326,22,0,0
BRDA:326,22,1,0
BRDA:326,23,0,0
BRDA:326,23,1,0
BRDA:349,24,0,0
BRDA:351,25,0,0
BRDA:351,25,1,0
BRDA:351,26,0,0
BRDA:351,26,1,0
BRDA:386,27,0,0
BRDA:387,28,0,0
BRDA:388,29,0,0
BRDA:391,30,0,0
BRDA:391,30,1,0
BRF:40
BRH:0
end_of_record
TN:
SF:src/components/ui/Tabs.tsx
FN:145,(anonymous_4)
FN:162,(anonymous_5)
FN:184,(anonymous_6)
FN:201,(anonymous_7)
FN:210,(anonymous_8)
FN:212,(anonymous_9)
FN:221,(anonymous_10)
FN:244,(anonymous_11)
FN:260,(anonymous_12)
FNF:9
FNH:0
FNDA:0,(anonymous_4)
FNDA:0,(anonymous_5)
FNDA:0,(anonymous_6)
FNDA:0,(anonymous_7)
FNDA:0,(anonymous_8)
FNDA:0,(anonymous_9)
FNDA:0,(anonymous_10)
FNDA:0,(anonymous_11)
FNDA:0,(anonymous_12)
DA:1,0
DA:2,0
DA:8,0
DA:116,0
DA:123,0
DA:145,0
DA:162,0
DA:184,0
DA:198,0
DA:201,0
DA:202,0
DA:203,0
DA:210,0
DA:211,0
DA:212,0
DA:213,0
DA:214,0
DA:219,0
DA:221,0
DA:222,0
DA:223,0
DA:224,0
DA:245,0
DA:261,0
DA:278,0
DA:280,0
LF:26
LH:0
BRDA:148,0,0,0
BRDA:151,1,0,0
BRDA:152,2,0,0
BRDA:153,3,0,0
BRDA:154,4,0,0
BRDA:170,5,0,0
BRDA:172,6,0,0
BRDA:187,7,0,0
BRDA:188,8,0,0
BRDA:189,9,0,0
BRDA:190,10,0,0
BRDA:191,11,0,0
BRDA:192,12,0,0
BRDA:196,13,0,0
BRDA:202,14,0,0
BRDA:202,14,1,0
BRDA:205,15,0,0
BRDA:205,15,1,0
BRDA:211,16,0,0
BRDA:211,16,1,0
BRDA:211,17,0,0
BRDA:211,17,1,0
BRDA:211,17,2,0
BRDA:213,18,0,0
BRDA:213,18,1,0
BRDA:219,19,0,0
BRDA:219,19,1,0
BRDA:222,20,0,0
BRDA:222,20,1,0
BRDA:230,21,0,0
BRDA:239,22,0,0
BRDA:239,22,1,0
BRDA:253,23,0,0
BRDA:253,23,1,0
BRDA:265,24,0,0
BRDA:265,24,1,0
BRDA:272,25,0,0
BRF:37
BRH:0
end_of_record
TN:
SF:src/components/ui/Toast.tsx
FN:51,(anonymous_3)
FN:83,(anonymous_4)
FN:113,(anonymous_5)
FN:125,(anonymous_6)
FN:137,(anonymous_7)
FN:149,(anonymous_8)
FN:161,(anonymous_9)
FN:168,(anonymous_10)
FN:175,(anonymous_11)
FN:192,(anonymous_12)
FN:201,(anonymous_13)
FNF:11
FNH:0
FNDA:0,(anonymous_3)
FNDA:0,(anonymous_4)
FNDA:0,(anonymous_5)
FNDA:0,(anonymous_6)
FNDA:0,(anonymous_7)
FNDA:0,(anonymous_8)
FNDA:0,(anonymous_9)
FNDA:0,(anonymous_10)
FNDA:0,(anonymous_11)
FNDA:0,(anonymous_12)
FNDA:0,(anonymous_13)
DA:1,0
DA:2,0
DA:3,0
DA:23,0
DA:32,0
DA:41,0
DA:47,0
DA:52,0
DA:53,0
DA:64,0
DA:66,0
DA:68,0
DA:84,0
DA:85,0
DA:114,0
DA:126,0
DA:138,0
DA:150,0
DA:162,0
DA:169,0
DA:184,0
DA:191,0
DA:193,0
DA:197,0
DA:198,0
DA:199,0
DA:202,0
DA:206,0
DA:207,0
DA:208,0
DA:211,0
DA:216,0
DA:219,0
LF:33
LH:0
BRDA:52,0,0,0
BRDA:52,0,1,0
BRDA:59,1,0,0
BRDA:60,2,0,0
BRDA:68,3,0,0
BRDA:68,3,1,0
BRDA:74,4,0,0
BRDA:74,4,1,0
BRDA:78,5,0,0
BRDA:81,6,0,0
BRDA:193,7,0,0
BRDA:193,7,1,0
BRDA:202,8,0,0
BRDA:202,8,1,0
BRDA:202,9,0,0
BRDA:202,9,1,0
BRF:16
BRH:0
end_of_record
TN:
SF:src/components/ui/Tooltip.tsx
FN:85,(anonymous_9)
FNF:1
FNH:0
FNDA:0,(anonymous_9)
DA:1,0
DA:2,0
DA:8,0
DA:63,0
DA:71,0
DA:85,0
DA:98,0
DA:99,0
DA:125,0
DA:126,0
DA:127,0
DA:128,0
DA:131,0
LF:13
LH:0
BRDA:88,0,0,0
BRDA:89,1,0,0
BRDA:90,2,0,0
BRDA:91,3,0,0
BRDA:92,4,0,0
BRDA:93,5,0,0
BRDA:94,6,0,0
BRDA:95,7,0,0
BRDA:98,8,0,0
BRDA:98,8,1,0
BRF:10
BRH:0
end_of_record
TN:
SF:src/components/ui/dialog.tsx
FN:9,Dialog
FN:15,DialogTrigger
FN:21,DialogPortal
FN:27,DialogClose
FN:33,DialogOverlay
FN:49,DialogContent
FN:83,DialogHeader
FN:93,DialogFooter
FN:106,DialogTitle
FN:119,DialogDescription
FNF:10
FNH:0
FNDA:0,Dialog
FNDA:0,DialogTrigger
FNDA:0,DialogPortal
FNDA:0,DialogClose
FNDA:0,DialogOverlay
FNDA:0,DialogContent
FNDA:0,DialogHeader
FNDA:0,DialogFooter
FNDA:0,DialogTitle
FNDA:0,DialogDescription
DA:3,0
DA:4,0
DA:5,0
DA:7,0
DA:133,0
DA:134,0
DA:135,0
DA:136,0
DA:137,0
DA:138,0
DA:139,0
DA:140,0
DA:141,0
DA:142,0
LF:14
LH:0
BRDA:52,0,0,0
BRDA:69,1,0,0
BRF:2
BRH:0
end_of_record
TN:
SF:src/components/ui/label.tsx
FN:8,Label
FNF:1
FNH:0
FNDA:0,Label
DA:3,0
DA:4,0
DA:6,0
DA:24,0
LF:4
LH:0
BRF:0
BRH:0
end_of_record
TN:
SF:src/components/ui/select.tsx
FN:9,Select
FN:15,SelectGroup
FN:21,SelectValue
FN:27,SelectTrigger
FN:53,SelectContent
FN:88,SelectLabel
FN:101,SelectItem
FN:125,SelectSeparator
FN:138,SelectScrollUpButton
FN:156,SelectScrollDownButton
FNF:10
FNH:0
FNDA:0,Select
FNDA:0,SelectGroup
FNDA:0,SelectValue
FNDA:0,SelectTrigger
FNDA:0,SelectContent
FNDA:0,SelectLabel
FNDA:0,SelectItem
FNDA:0,SelectSeparator
FNDA:0,SelectScrollUpButton
FNDA:0,SelectScrollDownButton
DA:3,0
DA:4,0
DA:5,0
DA:7,0
DA:175,0
DA:176,0
DA:177,0
DA:178,0
DA:179,0
DA:180,0
DA:181,0
DA:182,0
DA:183,0
DA:184,0
LF:14
LH:0
BRDA:29,0,0,0
BRDA:56,1,0,0
BRDA:65,2,0,0
BRDA:65,2,1,0
BRDA:76,3,0,0
BRDA:76,3,1,0
BRF:6
BRH:0
end_of_record
TN:
SF:src/components/ui/sonner.tsx
FN:6,(anonymous_1)
FNF:1
FNH:0
FNDA:0,(anonymous_1)
DA:3,0
DA:4,0
DA:6,0
DA:7,0
DA:25,0
LF:5
LH:0
BRDA:7,0,0,0
BRF:1
BRH:0
end_of_record
TN:
SF:src/components/utils/LatexRenderer.tsx
FN:11,(anonymous_2)
FNF:1
FNH:0
FNDA:0,(anonymous_2)
DA:2,0
DA:3,0
DA:4,0
DA:11,0
DA:12,0
DA:13,0
DA:16,0
DA:23,0
LF:8
LH:0
BRDA:11,0,0,0
BRDA:12,1,0,0
BRDA:12,1,1,0
BRDA:16,2,0,0
BRDA:16,2,1,0
BRF:5
BRH:0
end_of_record
TN:
SF:src/context/ThemeContext.tsx
FN:21,(anonymous_9)
FN:26,ThemeProvider
FN:33,(anonymous_11)
FN:39,(anonymous_12)
FN:76,(anonymous_13)
FN:90,(anonymous_14)
FN:99,(anonymous_15)
FN:112,(anonymous_16)
FN:118,(anonymous_17)
FN:133,(anonymous_18)
FN:145,(anonymous_19)
FN:156,ThemeToggle
FN:161,(anonymous_21)
FN:171,(anonymous_22)
FN:218,ThemeScript
FNF:15
FNH:0
FNDA:0,(anonymous_9)
FNDA:0,ThemeProvider
FNDA:0,(anonymous_11)
FNDA:0,(anonymous_12)
FNDA:0,(anonymous_13)
FNDA:0,(anonymous_14)
FNDA:0,(anonymous_15)
FNDA:0,(anonymous_16)
FNDA:0,(anonymous_17)
FNDA:0,(anonymous_18)
FNDA:0,(anonymous_19)
FNDA:0,ThemeToggle
FNDA:0,(anonymous_21)
FNDA:0,(anonymous_22)
FNDA:0,ThemeScript
DA:1,0
DA:2,0
DA:18,0
DA:21,0
DA:24,0
DA:26,0
DA:32,0
DA:33,0
DA:35,0
DA:36,0
DA:39,0
DA:40,0
DA:43,0
DA:48,0
DA:49,0
DA:50,0
DA:52,0
DA:56,0
DA:57,0
DA:58,0
DA:61,0
DA:64,0
DA:67,0
DA:68,0
DA:69,0
DA:76,0
DA:77,0
DA:78,0
DA:87,0
DA:90,0
DA:91,0
DA:95,0
DA:98,0
DA:99,0
DA:100,0
DA:101,0
DA:102,0
DA:103,0
DA:104,0
DA:105,0
DA:106,0
DA:110,0
DA:112,0
DA:113,0
DA:118,0
DA:119,0
DA:121,0
DA:122,0
DA:124,0
DA:125,0
DA:126,0
DA:130,0
DA:134,0
DA:145,0
DA:146,0
DA:148,0
DA:149,0
DA:152,0
DA:156,0
DA:157,0
DA:158,0
DA:161,0
DA:162,0
DA:165,0
DA:171,0
DA:172,0
DA:173,0
DA:218,0
DA:220,0
DA:244,0
LF:70
LH:0
BRDA:28,0,0,0
BRDA:29,1,0,0
BRDA:33,2,0,0
BRDA:33,2,1,0
BRDA:48,3,0,0
BRDA:48,3,1,0
BRDA:50,4,0,0
BRDA:50,4,1,0
BRDA:52,5,0,0
BRDA:52,5,1,0
BRDA:68,6,0,0
BRDA:68,6,1,0
BRDA:71,7,0,0
BRDA:71,7,1,0
BRDA:100,8,0,0
BRDA:100,8,1,0
BRDA:102,9,0,0
BRDA:102,9,1,0
BRDA:121,10,0,0
BRDA:121,10,1,0
BRDA:121,11,0,0
BRDA:121,11,1,0
BRDA:121,11,2,0
BRDA:148,12,0,0
BRDA:148,12,1,0
BRDA:165,13,0,0
BRDA:165,13,1,0
BRDA:172,14,0,0
BRDA:172,14,1,0
BRDA:180,15,0,0
BRDA:180,15,1,0
BRDA:183,16,0,0
BRF:32
BRH:0
end_of_record
TN:
SF:src/hooks/use-lock-body-scroll.ts
FN:11,(anonymous_1)
FN:12,(anonymous_2)
FN:22,(anonymous_3)
FNF:3
FNH:0
FNDA:0,(anonymous_1)
FNDA:0,(anonymous_2)
FNDA:0,(anonymous_3)
DA:1,0
DA:5,0
DA:11,0
DA:12,0
DA:13,0
DA:16,0
DA:19,0
DA:22,0
DA:23,0
DA:28,0
LF:10
LH:0
BRDA:5,0,0,0
BRDA:5,0,1,0
BRDA:11,1,0,0
BRDA:13,2,0,0
BRDA:13,2,1,0
BRF:5
BRH:0
end_of_record
TN:
SF:src/lib/calculatorData.ts
FN:5,getCalculatorData
FN:11,(anonymous_5)
FNF:2
FNH:0
FNDA:0,getCalculatorData
FNDA:0,(anonymous_5)
DA:5,0
DA:9,0
DA:11,0
DA:12,0
DA:14,0
DA:18,0
LF:6
LH:0
BRF:0
BRH:0
end_of_record
TN:
SF:src/lib/shadcn-utils.ts
FN:8,cn
FN:17,getCssVar
FN:26,setCssVar
FN:34,removeCssVar
FN:42,getCurrentTheme
FN:50,setTheme
FNF:6
FNH:0
FNDA:0,cn
FNDA:0,getCssVar
FNDA:0,setCssVar
FNDA:0,removeCssVar
FNDA:0,getCurrentTheme
FNDA:0,setTheme
DA:1,0
DA:2,0
DA:8,0
DA:9,0
DA:17,0
DA:18,0
DA:26,0
DA:27,0
DA:34,0
DA:35,0
DA:42,0
DA:43,0
DA:50,0
DA:51,0
DA:52,0
DA:54,0
LF:16
LH:0
BRDA:43,0,0,0
BRDA:43,0,1,0
BRDA:51,1,0,0
BRDA:51,1,1,0
BRF:4
BRH:0
end_of_record
TN:
SF:src/lib/utils.ts
FN:9,cn
FN:19,formatNumber
FN:31,toKebabCase
FN:44,truncateString
FN:55,debounce
FN:60,executedFunction
FN:61,(anonymous_21)
FN:74,generateId
FN:82,isMobileDevice
FN:94,copyToClipboard
FN:108,toTitleCase
FN:109,(anonymous_26)
FN:120,formatDate
FN:138,memoize
FN:140,(anonymous_29)
FN:156,deepClone
FN:166,groupBy
FN:170,(anonymous_32)
FN:185,sleep
FN:186,(anonymous_34)
FNF:20
FNH:0
FNDA:0,cn
FNDA:0,formatNumber
FNDA:0,toKebabCase
FNDA:0,truncateString
FNDA:0,debounce
FNDA:0,executedFunction
FNDA:0,(anonymous_21)
FNDA:0,generateId
FNDA:0,isMobileDevice
FNDA:0,copyToClipboard
FNDA:0,toTitleCase
FNDA:0,(anonymous_26)
FNDA:0,formatDate
FNDA:0,memoize
FNDA:0,(anonymous_29)
FNDA:0,deepClone
FNDA:0,groupBy
FNDA:0,(anonymous_32)
FNDA:0,sleep
FNDA:0,(anonymous_34)
DA:1,0
DA:2,0
DA:9,0
DA:10,0
DA:19,0
DA:20,0
DA:31,0
DA:32,0
DA:44,0
DA:45,0
DA:46,0
DA:55,0
DA:60,0
DA:61,0
DA:62,0
DA:63,0
DA:65,0
DA:66,0
DA:74,0
DA:75,0
DA:82,0
DA:83,0
DA:84,0
DA:94,0
DA:95,0
DA:96,0
DA:98,0
DA:99,0
DA:108,0
DA:109,0
DA:110,0
DA:120,0
DA:129,0
DA:130,0
DA:138,0
DA:139,0
DA:140,0
DA:141,0
DA:142,0
DA:143,0
DA:145,0
DA:146,0
DA:147,0
DA:156,0
DA:157,0
DA:166,0
DA:170,0
DA:171,0
DA:172,0
DA:173,0
DA:175,0
DA:176,0
DA:185,0
DA:186,0
LF:54
LH:0
BRDA:19,0,0,0
BRDA:45,1,0,0
BRDA:45,1,1,0
BRDA:83,2,0,0
BRDA:83,2,1,0
BRDA:122,3,0,0
BRDA:123,4,0,0
BRDA:129,5,0,0
BRDA:129,5,1,0
BRDA:142,6,0,0
BRDA:142,6,1,0
BRDA:172,7,0,0
BRDA:172,7,1,0
BRF:13
BRH:0
end_of_record
TN:
SF:src/utils/calculatorUtils.ts
FN:10,(anonymous_12)
FN:23,(anonymous_13)
FN:33,(anonymous_14)
FN:44,(anonymous_15)
FN:54,(anonymous_16)
FN:65,(anonymous_17)
FN:76,(anonymous_18)
FN:88,(anonymous_19)
FN:135,(anonymous_20)
FN:146,(anonymous_21)
FN:151,(anonymous_22)
FN:239,(anonymous_23)
FN:263,(anonymous_24)
FNF:13
FNH:12
FNDA:21,(anonymous_12)
FNDA:11,(anonymous_13)
FNDA:12,(anonymous_14)
FNDA:13,(anonymous_15)
FNDA:11,(anonymous_16)
FNDA:3,(anonymous_17)
FNDA:3,(anonymous_18)
FNDA:39,(anonymous_19)
FNDA:21,(anonymous_20)
FNDA:0,(anonymous_21)
FNDA:7,(anonymous_22)
FNDA:23,(anonymous_23)
FNDA:20,(anonymous_24)
DA:10,21
DA:11,21
DA:12,2
DA:14,19
DA:23,11
DA:24,11
DA:33,12
DA:34,12
DA:35,12
DA:44,13
DA:45,13
DA:54,11
DA:55,11
DA:56,10
DA:65,3
DA:66,3
DA:67,3
DA:76,3
DA:77,3
DA:88,18
DA:89,39
DA:90,8
DA:94,31
DA:97,31
DA:98,2
DA:102,29
DA:103,17
DA:107,12
DA:108,2
DA:112,10
DA:113,10
DA:114,57
DA:115,57
DA:116,57
DA:118,9
DA:121,9
DA:122,1
DA:126,8
DA:135,21
DA:139,21
DA:140,16
DA:143,5
DA:145,5
DA:146,5
DA:147,0
DA:151,5
DA:152,7
DA:154,7
DA:157,7
DA:158,2
DA:159,2
DA:161,2
DA:163,2
DA:164,2
DA:166,2
DA:168,2
DA:172,7
DA:173,7
DA:175,7
DA:176,4
DA:177,4
DA:178,4
DA:180,4
DA:183,4
DA:184,2
DA:186,2
DA:187,1
DA:190,3
DA:191,3
DA:195,6
DA:196,6
DA:198,6
DA:199,4
DA:200,4
DA:201,4
DA:203,4
DA:205,4
DA:206,4
DA:207,4
DA:211,6
DA:212,6
DA:215,0
DA:219,5
DA:221,5
DA:222,1
DA:225,4
DA:227,0
DA:239,23
DA:245,23
DA:247,23
DA:248,22
DA:250,22
DA:253,16
DA:263,20
DA:264,20
DA:266,20
DA:267,1
DA:270,19
DA:272,5
DA:273,0
DA:274,0
DA:277,5
DA:280,14
DA:281,52
DA:284,14
LF:105
LH:100
BRDA:11,0,0,2
BRDA:11,0,1,19
BRDA:11,1,0,21
BRDA:11,1,1,20
BRDA:14,2,0,19
BRDA:14,2,1,18
BRDA:14,2,2,13
BRDA:23,3,0,1
BRDA:33,4,0,7
BRDA:35,5,0,6
BRDA:35,5,1,6
BRDA:55,6,0,1
BRDA:55,6,1,10
BRDA:65,7,0,0
BRDA:76,8,0,2
BRDA:89,9,0,8
BRDA:89,9,1,31
BRDA:89,10,0,39
BRDA:89,10,1,33
BRDA:97,11,0,2
BRDA:97,11,1,29
BRDA:102,12,0,17
BRDA:102,12,1,12
BRDA:107,13,0,2
BRDA:107,13,1,10
BRDA:114,14,0,3
BRDA:114,14,1,54
BRDA:115,15,0,4
BRDA:115,15,1,53
BRDA:116,16,0,1
BRDA:116,16,1,56
BRDA:118,17,0,0
BRDA:118,17,1,9
BRDA:121,18,0,1
BRDA:121,18,1,8
BRDA:137,19,0,18
BRDA:139,20,0,16
BRDA:139,20,1,5
BRDA:161,21,0,0
BRDA:161,21,1,2
BRDA:166,22,0,0
BRDA:166,22,1,2
BRDA:180,23,0,0
BRDA:180,23,1,4
BRDA:180,24,0,4
BRDA:180,24,1,4
BRDA:183,25,0,2
BRDA:183,25,1,2
BRDA:186,26,0,1
BRDA:186,26,1,1
BRDA:203,27,0,0
BRDA:203,27,1,4
BRDA:203,28,0,4
BRDA:203,28,1,4
BRDA:205,29,0,4
BRDA:205,29,1,0
BRDA:212,30,0,0
BRDA:212,30,1,6
BRDA:221,31,0,1
BRDA:221,31,1,4
BRDA:221,32,0,5
BRDA:221,32,1,4
BRDA:245,33,0,0
BRDA:245,33,1,23
BRDA:250,34,0,6
BRDA:250,34,1,16
BRDA:250,35,0,22
BRDA:250,35,1,19
BRDA:263,36,0,8
BRDA:266,37,0,1
BRDA:266,37,1,19
BRDA:270,38,0,5
BRDA:270,38,1,14
BRDA:270,39,0,19
BRDA:270,39,1,14
BRDA:270,39,2,16
BRDA:270,39,3,4
BRDA:272,40,0,0
BRDA:272,40,1,5
BRDA:272,41,0,5
BRDA:272,41,1,2
BRDA:280,42,0,54
BRDA:280,42,1,12
BRF:83
BRH:73
end_of_record
